running egg_info
writing ../build/vision/vision.egg-info/PKG-INFO
writing dependency_links to ../build/vision/vision.egg-info/dependency_links.txt
writing entry points to ../build/vision/vision.egg-info/entry_points.txt
writing requirements to ../build/vision/vision.egg-info/requires.txt
writing top-level names to ../build/vision/vision.egg-info/top_level.txt
reading manifest file '../build/vision/vision.egg-info/SOURCES.txt'
writing manifest file '../build/vision/vision.egg-info/SOURCES.txt'
running build
running build_py
copying vision/visioncam.py -> /home/gusti/FinalProjectBayucaraka24/src/build/vision/build/lib/vision
running install
running install_lib
copying /home/gusti/FinalProjectBayucaraka24/src/build/vision/build/lib/vision/visioncam.py -> /home/gusti/FinalProjectBayucaraka24/src/install/vision/lib/python3.8/site-packages/vision
byte-compiling /home/gusti/FinalProjectBayucaraka24/src/install/vision/lib/python3.8/site-packages/vision/visioncam.py to visioncam.cpython-38.pyc
running install_data
running install_egg_info
removing '/home/gusti/FinalProjectBayucaraka24/src/install/vision/lib/python3.8/site-packages/vision-0.0.0-py3.8.egg-info' (and everything under it)
Copying ../build/vision/vision.egg-info to /home/gusti/FinalProjectBayucaraka24/src/install/vision/lib/python3.8/site-packages/vision-0.0.0-py3.8.egg-info
running install_scripts
Installing vision script to /home/gusti/FinalProjectBayucaraka24/src/install/vision/lib/vision
writing list of installed files to '/home/gusti/FinalProjectBayucaraka24/src/build/vision/install.log'
