[0.159s] Invoking command in '/home/gusti/FinalProjectBayucaraka24/build/griddata': CMAKE_PREFIX_PATH=${CMAKE_PREFIX_PATH}:/home/gusti/FinalProjectBayucaraka24/src/install/vision:/opt/ros/foxy /usr/local/bin/cmake /home/gusti/FinalProjectBayucaraka24/src/griddata -DCMAKE_INSTALL_PREFIX=/home/gusti/FinalProjectBayucaraka24/install/griddata
[0.197s] -- The C compiler identification is GNU 9.4.0
[0.245s] -- The CXX compiler identification is GNU 9.4.0
[0.259s] -- Detecting C compiler ABI info
[0.308s] -- Detecting C compiler ABI info - done
[0.319s] -- Check for working C compiler: /usr/bin/cc - skipped
[0.320s] -- Detecting C compile features
[0.320s] -- Detecting C compile features - done
[0.329s] -- Detecting CXX compiler ABI info
[0.389s] -- Detecting CXX compiler ABI info - done
[0.399s] -- Check for working CXX compiler: /usr/bin/c++ - skipped
[0.399s] -- Detecting CXX compile features
[0.400s] -- Detecting CXX compile features - done
[0.402s] -- Found ament_cmake: 0.9.12 (/opt/ros/foxy/share/ament_cmake/cmake)
[0.405s] [33mCMake Warning (dev) at /opt/ros/foxy/share/ament_cmake_core/cmake/core/python.cmake:22 (find_package):
[0.405s]   Policy CMP0148 is not set: The FindPythonInterp and FindPythonLibs modules
[0.405s]   are removed.  Run "cmake --help-policy CMP0148" for policy details.  Use
[0.405s]   the cmake_policy command to set the policy and suppress this warning.
[0.405s] 
[0.405s] Call Stack (most recent call first):
[0.405s]   /opt/ros/foxy/share/ament_cmake_core/cmake/core/all.cmake:53 (include)
[0.405s]   /opt/ros/foxy/share/ament_cmake_core/cmake/ament_cmake_core-extras.cmake:17 (include)
[0.405s]   /opt/ros/foxy/share/ament_cmake_core/cmake/ament_cmake_coreConfig.cmake:41 (include)
[0.405s]   /opt/ros/foxy/share/ament_cmake/cmake/ament_cmake_export_dependencies-extras.cmake:15 (find_package)
[0.405s]   /opt/ros/foxy/share/ament_cmake/cmake/ament_cmakeConfig.cmake:41 (include)
[0.405s]   CMakeLists.txt:19 (find_package)
[0.405s] This warning is for project developers.  Use -Wno-dev to suppress it.
[0.405s] [0m
[0.422s] -- Found PythonInterp: /usr/bin/python3 (found suitable version "3.8.10", minimum required is "3") 
[0.422s] -- Using PYTHON_EXECUTABLE: /usr/bin/python3
[0.603s] -- Found rosidl_default_generators: 1.0.1 (/opt/ros/foxy/share/rosidl_default_generators/cmake)
[0.605s] -- Using all available rosidl_typesupport_c: rosidl_typesupport_fastrtps_c;rosidl_typesupport_introspection_c
[0.611s] -- Found rosidl_adapter: 1.3.1 (/opt/ros/foxy/share/rosidl_adapter/cmake)
[0.683s] -- Found OpenSSL: /usr/lib/x86_64-linux-gnu/libcrypto.so (found version "1.1.1f")  
[0.709s] -- Found FastRTPS: /opt/ros/foxy/include  
[0.781s] -- Using all available rosidl_typesupport_cpp: rosidl_typesupport_fastrtps_cpp;rosidl_typesupport_introspection_cpp
[0.804s] [33mCMake Warning (dev) at /opt/ros/foxy/share/rosidl_adapter/cmake/rosidl_adapt_interfaces.cmake:40 (find_package):
[0.804s]   Policy CMP0148 is not set: The FindPythonInterp and FindPythonLibs modules
[0.804s]   are removed.  Run "cmake --help-policy CMP0148" for policy details.  Use
[0.804s]   the cmake_policy command to set the policy and suppress this warning.
[0.804s] 
[0.805s] Call Stack (most recent call first):
[0.805s]   /opt/ros/foxy/share/rosidl_cmake/cmake/rosidl_generate_interfaces.cmake:130 (rosidl_adapt_interfaces)
[0.805s]   CMakeLists.txt:22 (rosidl_generate_interfaces)
[0.805s] This warning is for project developers.  Use -Wno-dev to suppress it.
[0.805s] [0m
[0.821s] -- Found PythonInterp: /usr/bin/python3 (found version "3.8.10") 
[0.923s] -- Found ament_cmake_ros: 0.9.2 (/opt/ros/foxy/share/ament_cmake_ros/cmake)
[1.014s] -- Using all available rosidl_typesupport_c: rosidl_typesupport_fastrtps_c;rosidl_typesupport_introspection_c
[1.019s] -- Using all available rosidl_typesupport_cpp: rosidl_typesupport_fastrtps_cpp;rosidl_typesupport_introspection_cpp
[1.021s] [33mCMake Warning (dev) at /opt/ros/foxy/share/rosidl_generator_py/cmake/rosidl_generator_py_generate_interfaces.cmake:20 (find_package):
[1.021s]   Policy CMP0148 is not set: The FindPythonInterp and FindPythonLibs modules
[1.022s]   are removed.  Run "cmake --help-policy CMP0148" for policy details.  Use
[1.022s]   the cmake_policy command to set the policy and suppress this warning.
[1.022s] 
[1.022s] Call Stack (most recent call first):
[1.022s]   /opt/ros/foxy/share/ament_cmake_core/cmake/core/ament_execute_extensions.cmake:48 (include)
[1.022s]   /opt/ros/foxy/share/rosidl_cmake/cmake/rosidl_generate_interfaces.cmake:286 (ament_execute_extensions)
[1.022s]   CMakeLists.txt:22 (rosidl_generate_interfaces)
[1.022s] This warning is for project developers.  Use -Wno-dev to suppress it.
[1.022s] [0m
[1.040s] -- Found PythonInterp: /usr/bin/python3 (found suitable version "3.8.10", minimum required is "3.5") 
[1.042s] -- Found python_cmake_module: 0.8.1 (/opt/ros/foxy/share/python_cmake_module/cmake)
[1.042s] [33mCMake Warning (dev) at /opt/ros/foxy/share/python_cmake_module/cmake/Modules/FindPythonExtra.cmake:45 (find_package):
[1.042s]   Policy CMP0148 is not set: The FindPythonInterp and FindPythonLibs modules
[1.042s]   are removed.  Run "cmake --help-policy CMP0148" for policy details.  Use
[1.042s]   the cmake_policy command to set the policy and suppress this warning.
[1.042s] 
[1.043s] Call Stack (most recent call first):
[1.043s]   /opt/ros/foxy/share/rosidl_generator_py/cmake/rosidl_generator_py_generate_interfaces.cmake:23 (find_package)
[1.043s]   /opt/ros/foxy/share/ament_cmake_core/cmake/core/ament_execute_extensions.cmake:48 (include)
[1.043s]   /opt/ros/foxy/share/rosidl_cmake/cmake/rosidl_generate_interfaces.cmake:286 (ament_execute_extensions)
[1.043s]   CMakeLists.txt:22 (rosidl_generate_interfaces)
[1.043s] This warning is for project developers.  Use -Wno-dev to suppress it.
[1.043s] [0m
[1.061s] [33mCMake Warning (dev) at /opt/ros/foxy/share/python_cmake_module/cmake/Modules/FindPythonExtra.cmake:133 (find_package):
[1.061s]   Policy CMP0148 is not set: The FindPythonInterp and FindPythonLibs modules
[1.062s]   are removed.  Run "cmake --help-policy CMP0148" for policy details.  Use
[1.062s]   the cmake_policy command to set the policy and suppress this warning.
[1.062s] 
[1.062s] Call Stack (most recent call first):
[1.062s]   /opt/ros/foxy/share/rosidl_generator_py/cmake/rosidl_generator_py_generate_interfaces.cmake:23 (find_package)
[1.062s]   /opt/ros/foxy/share/ament_cmake_core/cmake/core/ament_execute_extensions.cmake:48 (include)
[1.062s]   /opt/ros/foxy/share/rosidl_cmake/cmake/rosidl_generate_interfaces.cmake:286 (ament_execute_extensions)
[1.062s]   CMakeLists.txt:22 (rosidl_generate_interfaces)
[1.062s] This warning is for project developers.  Use -Wno-dev to suppress it.
[1.062s] [0m
[1.068s] -- Found PythonLibs: /usr/lib/x86_64-linux-gnu/libpython3.8.so (found suitable version "3.8.10", minimum required is "3.5") 
[1.068s] -- Using PYTHON_EXECUTABLE: /usr/bin/python3
[1.068s] -- Using PYTHON_INCLUDE_DIRS: /usr/include/python3.8
[1.068s] -- Using PYTHON_LIBRARIES: /usr/lib/x86_64-linux-gnu/libpython3.8.so
[1.087s] -- Found PythonExtra: .so  
[1.123s] -- Found ament_lint_auto: 0.9.8 (/opt/ros/foxy/share/ament_lint_auto/cmake)
[1.140s] -- Added test 'copyright' to check source files copyright and LICENSE
[1.142s] -- Added test 'lint_cmake' to check CMake code style
[1.143s] -- Added test 'xmllint' to check XML markup files
[1.145s] -- Configuring done (1.0s)
[1.168s] -- Generating done (0.0s)
[1.170s] -- Build files have been written to: /home/gusti/FinalProjectBayucaraka24/build/griddata
[1.176s] Invoked command in '/home/gusti/FinalProjectBayucaraka24/build/griddata' returned '0': CMAKE_PREFIX_PATH=${CMAKE_PREFIX_PATH}:/home/gusti/FinalProjectBayucaraka24/src/install/vision:/opt/ros/foxy /usr/local/bin/cmake /home/gusti/FinalProjectBayucaraka24/src/griddata -DCMAKE_INSTALL_PREFIX=/home/gusti/FinalProjectBayucaraka24/install/griddata
[1.179s] Invoking command in '/home/gusti/FinalProjectBayucaraka24/build/griddata': CMAKE_PREFIX_PATH=${CMAKE_PREFIX_PATH}:/home/gusti/FinalProjectBayucaraka24/src/install/vision:/opt/ros/foxy /usr/local/bin/cmake --build /home/gusti/FinalProjectBayucaraka24/build/griddata -- -j8 -l8
[1.191s] [  3%] [34m[1mGenerating C code for ROS interfaces[0m
[1.193s] [  6%] [34m[1mGenerating C++ code for ROS interfaces[0m
[1.383s] [  6%] Built target griddata__cpp
[1.386s] [  9%] [34m[1mGenerating C++ type support dispatch for ROS interfaces[0m
[1.386s] [ 12%] [34m[1mGenerating C++ type support for eProsima Fast-RTPS[0m
[1.386s] [ 16%] [34m[1mGenerating C++ introspection for ROS interfaces[0m
[1.395s] [ 19%] [32mBuilding C object CMakeFiles/griddata__rosidl_generator_c.dir/rosidl_generator_c/griddata/msg/detail/game_state__functions.c.o[0m
[1.434s] [ 22%] [32m[1mLinking C shared library libgriddata__rosidl_generator_c.so[0m
[1.452s] [ 22%] Built target griddata__rosidl_generator_c
[1.455s] [ 25%] [34m[1mGenerating C introspection for ROS interfaces[0m
[1.456s] [ 29%] [34m[1mGenerating C type support dispatch for ROS interfaces[0m
[1.583s] [ 32%] [32mBuilding CXX object CMakeFiles/griddata__rosidl_typesupport_cpp.dir/rosidl_typesupport_cpp/griddata/msg/game_state__type_support.cpp.o[0m
[1.596s] [ 35%] [32mBuilding CXX object CMakeFiles/griddata__rosidl_typesupport_introspection_cpp.dir/rosidl_typesupport_introspection_cpp/griddata/msg/detail/game_state__type_support.cpp.o[0m
[1.603s] [ 38%] [32mBuilding CXX object CMakeFiles/griddata__rosidl_typesupport_fastrtps_cpp.dir/rosidl_typesupport_fastrtps_cpp/griddata/msg/detail/dds_fastrtps/game_state__type_support.cpp.o[0m
[1.788s] [ 41%] [32mBuilding CXX object CMakeFiles/griddata__rosidl_typesupport_c.dir/rosidl_typesupport_c/griddata/msg/game_state__type_support.cpp.o[0m
[1.808s] [ 45%] [32mBuilding C object CMakeFiles/griddata__rosidl_typesupport_introspection_c.dir/rosidl_typesupport_introspection_c/griddata/msg/detail/game_state__type_support.c.o[0m
[1.821s] [ 48%] [32m[1mLinking CXX shared library libgriddata__rosidl_typesupport_c.so[0m
[1.833s] [ 51%] [32m[1mLinking C shared library libgriddata__rosidl_typesupport_introspection_c.so[0m
[1.847s] [ 51%] Built target griddata__rosidl_typesupport_introspection_c
[1.854s] [ 54%] [32m[1mLinking CXX shared library libgriddata__rosidl_typesupport_cpp.so[0m
[1.857s] [ 54%] Built target griddata__rosidl_typesupport_c
[1.876s] [ 58%] [32m[1mLinking CXX shared library libgriddata__rosidl_typesupport_introspection_cpp.so[0m
[1.878s] [ 58%] Built target griddata__rosidl_typesupport_cpp
[1.935s] [ 58%] Built target griddata__rosidl_typesupport_introspection_cpp
[2.011s] [ 61%] [32m[1mLinking CXX shared library libgriddata__rosidl_typesupport_fastrtps_cpp.so[0m
[2.080s] [ 61%] Built target griddata__rosidl_typesupport_fastrtps_cpp
[2.082s] [ 64%] [34m[1mGenerating C type support for eProsima Fast-RTPS[0m
[2.262s] [ 67%] [32mBuilding CXX object CMakeFiles/griddata__rosidl_typesupport_fastrtps_c.dir/rosidl_typesupport_fastrtps_c/griddata/msg/detail/game_state__type_support_c.cpp.o[0m
[2.549s] [ 70%] [32m[1mLinking CXX shared library libgriddata__rosidl_typesupport_fastrtps_c.so[0m
[2.615s] [ 70%] Built target griddata__rosidl_typesupport_fastrtps_c
[2.620s] [ 70%] Built target griddata
[2.626s] [ 74%] [34m[1mGenerating Python code for ROS interfaces[0m
[2.950s] [ 74%] Built target griddata__py
[2.955s] [ 77%] [32mBuilding C object CMakeFiles/griddata__python.dir/rosidl_generator_py/griddata/msg/_game_state_s.c.o[0m
[3.033s] [ 80%] [32m[1mLinking C shared library rosidl_generator_py/griddata/libgriddata__python.so[0m
[3.055s] [ 80%] Built target griddata__python
[3.061s] [ 87%] [32mBuilding C object CMakeFiles/griddata__rosidl_typesupport_fastrtps_c__pyext.dir/rosidl_generator_py/griddata/_griddata_s.ep.rosidl_typesupport_fastrtps_c.c.o[0m
[3.061s] [ 87%] [32mBuilding C object CMakeFiles/griddata__rosidl_typesupport_introspection_c__pyext.dir/rosidl_generator_py/griddata/_griddata_s.ep.rosidl_typesupport_introspection_c.c.o[0m
[3.061s] [ 90%] [32mBuilding C object CMakeFiles/griddata__rosidl_typesupport_c__pyext.dir/rosidl_generator_py/griddata/_griddata_s.ep.rosidl_typesupport_c.c.o[0m
[3.125s] [100%] [32m[1mLinking C shared library rosidl_generator_py/griddata/griddata_s__rosidl_typesupport_introspection_c.cpython-38-x86_64-linux-gnu.so[0m
[3.126s] [100%] [32m[1mLinking CXX shared library rosidl_generator_py/griddata/griddata_s__rosidl_typesupport_fastrtps_c.cpython-38-x86_64-linux-gnu.so[0m
[3.126s] [100%] [32m[1mLinking C shared library rosidl_generator_py/griddata/griddata_s__rosidl_typesupport_c.cpython-38-x86_64-linux-gnu.so[0m
[3.143s] [100%] Built target griddata__rosidl_typesupport_c__pyext
[3.143s] [100%] Built target griddata__rosidl_typesupport_introspection_c__pyext
[3.170s] [100%] Built target griddata__rosidl_typesupport_fastrtps_c__pyext
[3.173s] Invoked command in '/home/gusti/FinalProjectBayucaraka24/build/griddata' returned '0': CMAKE_PREFIX_PATH=${CMAKE_PREFIX_PATH}:/home/gusti/FinalProjectBayucaraka24/src/install/vision:/opt/ros/foxy /usr/local/bin/cmake --build /home/gusti/FinalProjectBayucaraka24/build/griddata -- -j8 -l8
[3.208s] Invoking command in '/home/gusti/FinalProjectBayucaraka24/build/griddata': CMAKE_PREFIX_PATH=${CMAKE_PREFIX_PATH}:/home/gusti/FinalProjectBayucaraka24/src/install/vision:/opt/ros/foxy /usr/local/bin/cmake --install /home/gusti/FinalProjectBayucaraka24/build/griddata
[3.210s] -- Install configuration: ""
[3.210s] -- Installing: /home/gusti/FinalProjectBayucaraka24/install/griddata/share/ament_index/resource_index/rosidl_interfaces/griddata
[3.211s] -- Installing: /home/gusti/FinalProjectBayucaraka24/install/griddata/include/griddata
[3.211s] -- Installing: /home/gusti/FinalProjectBayucaraka24/install/griddata/include/griddata/msg
[3.211s] -- Installing: /home/gusti/FinalProjectBayucaraka24/install/griddata/include/griddata/msg/rosidl_generator_c__visibility_control.h
[3.211s] -- Installing: /home/gusti/FinalProjectBayucaraka24/install/griddata/include/griddata/msg/game_state.h
[3.211s] -- Installing: /home/gusti/FinalProjectBayucaraka24/install/griddata/include/griddata/msg/detail
[3.211s] -- Installing: /home/gusti/FinalProjectBayucaraka24/install/griddata/include/griddata/msg/detail/game_state__type_support.h
[3.211s] -- Installing: /home/gusti/FinalProjectBayucaraka24/install/griddata/include/griddata/msg/detail/game_state__functions.h
[3.211s] -- Installing: /home/gusti/FinalProjectBayucaraka24/install/griddata/include/griddata/msg/detail/game_state__struct.h
[3.211s] -- Installing: /home/gusti/FinalProjectBayucaraka24/install/griddata/include/griddata/msg/detail/game_state__functions.c
[3.211s] -- Installing: /home/gusti/FinalProjectBayucaraka24/install/griddata/share/griddata/environment/library_path.sh
[3.212s] -- Installing: /home/gusti/FinalProjectBayucaraka24/install/griddata/share/griddata/environment/library_path.dsv
[3.212s] -- Installing: /home/gusti/FinalProjectBayucaraka24/install/griddata/lib/libgriddata__rosidl_generator_c.so
[3.212s] -- Set non-toolchain portion of runtime path of "/home/gusti/FinalProjectBayucaraka24/install/griddata/lib/libgriddata__rosidl_generator_c.so" to ""
[3.212s] -- Up-to-date: /home/gusti/FinalProjectBayucaraka24/install/griddata/include/griddata
[3.212s] -- Up-to-date: /home/gusti/FinalProjectBayucaraka24/install/griddata/include/griddata/msg
[3.212s] -- Installing: /home/gusti/FinalProjectBayucaraka24/install/griddata/include/griddata/msg/rosidl_typesupport_fastrtps_c__visibility_control.h
[3.212s] -- Up-to-date: /home/gusti/FinalProjectBayucaraka24/install/griddata/include/griddata/msg/detail
[3.212s] -- Installing: /home/gusti/FinalProjectBayucaraka24/install/griddata/include/griddata/msg/detail/game_state__rosidl_typesupport_fastrtps_c.h
[3.212s] -- Installing: /home/gusti/FinalProjectBayucaraka24/install/griddata/lib/libgriddata__rosidl_typesupport_fastrtps_c.so
[3.212s] -- Set non-toolchain portion of runtime path of "/home/gusti/FinalProjectBayucaraka24/install/griddata/lib/libgriddata__rosidl_typesupport_fastrtps_c.so" to ""
[3.212s] -- Up-to-date: /home/gusti/FinalProjectBayucaraka24/install/griddata/include/griddata
[3.212s] -- Up-to-date: /home/gusti/FinalProjectBayucaraka24/install/griddata/include/griddata/msg
[3.212s] -- Installing: /home/gusti/FinalProjectBayucaraka24/install/griddata/include/griddata/msg/rosidl_typesupport_fastrtps_cpp__visibility_control.h
[3.212s] -- Up-to-date: /home/gusti/FinalProjectBayucaraka24/install/griddata/include/griddata/msg/detail
[3.213s] -- Installing: /home/gusti/FinalProjectBayucaraka24/install/griddata/include/griddata/msg/detail/dds_fastrtps
[3.213s] -- Installing: /home/gusti/FinalProjectBayucaraka24/install/griddata/include/griddata/msg/detail/game_state__rosidl_typesupport_fastrtps_cpp.hpp
[3.213s] -- Installing: /home/gusti/FinalProjectBayucaraka24/install/griddata/lib/libgriddata__rosidl_typesupport_fastrtps_cpp.so
[3.213s] -- Set non-toolchain portion of runtime path of "/home/gusti/FinalProjectBayucaraka24/install/griddata/lib/libgriddata__rosidl_typesupport_fastrtps_cpp.so" to ""
[3.213s] -- Up-to-date: /home/gusti/FinalProjectBayucaraka24/install/griddata/include/griddata
[3.213s] -- Up-to-date: /home/gusti/FinalProjectBayucaraka24/install/griddata/include/griddata/msg
[3.213s] -- Installing: /home/gusti/FinalProjectBayucaraka24/install/griddata/include/griddata/msg/rosidl_typesupport_introspection_c__visibility_control.h
[3.213s] -- Up-to-date: /home/gusti/FinalProjectBayucaraka24/install/griddata/include/griddata/msg/detail
[3.213s] -- Installing: /home/gusti/FinalProjectBayucaraka24/install/griddata/include/griddata/msg/detail/game_state__type_support.c
[3.213s] -- Installing: /home/gusti/FinalProjectBayucaraka24/install/griddata/include/griddata/msg/detail/game_state__rosidl_typesupport_introspection_c.h
[3.213s] -- Installing: /home/gusti/FinalProjectBayucaraka24/install/griddata/lib/libgriddata__rosidl_typesupport_introspection_c.so
[3.213s] -- Set non-toolchain portion of runtime path of "/home/gusti/FinalProjectBayucaraka24/install/griddata/lib/libgriddata__rosidl_typesupport_introspection_c.so" to ""
[3.213s] -- Installing: /home/gusti/FinalProjectBayucaraka24/install/griddata/lib/libgriddata__rosidl_typesupport_c.so
[3.213s] -- Set non-toolchain portion of runtime path of "/home/gusti/FinalProjectBayucaraka24/install/griddata/lib/libgriddata__rosidl_typesupport_c.so" to ""
[3.214s] -- Up-to-date: /home/gusti/FinalProjectBayucaraka24/install/griddata/include/griddata
[3.214s] -- Up-to-date: /home/gusti/FinalProjectBayucaraka24/install/griddata/include/griddata/msg
[3.214s] -- Installing: /home/gusti/FinalProjectBayucaraka24/install/griddata/include/griddata/msg/game_state.hpp
[3.214s] -- Installing: /home/gusti/FinalProjectBayucaraka24/install/griddata/include/griddata/msg/rosidl_generator_cpp__visibility_control.hpp
[3.214s] -- Up-to-date: /home/gusti/FinalProjectBayucaraka24/install/griddata/include/griddata/msg/detail
[3.214s] -- Installing: /home/gusti/FinalProjectBayucaraka24/install/griddata/include/griddata/msg/detail/game_state__type_support.hpp
[3.214s] -- Installing: /home/gusti/FinalProjectBayucaraka24/install/griddata/include/griddata/msg/detail/game_state__traits.hpp
[3.214s] -- Installing: /home/gusti/FinalProjectBayucaraka24/install/griddata/include/griddata/msg/detail/game_state__builder.hpp
[3.214s] -- Installing: /home/gusti/FinalProjectBayucaraka24/install/griddata/include/griddata/msg/detail/game_state__struct.hpp
[3.214s] -- Up-to-date: /home/gusti/FinalProjectBayucaraka24/install/griddata/include/griddata
[3.214s] -- Up-to-date: /home/gusti/FinalProjectBayucaraka24/install/griddata/include/griddata/msg
[3.214s] -- Up-to-date: /home/gusti/FinalProjectBayucaraka24/install/griddata/include/griddata/msg/detail
[3.214s] -- Installing: /home/gusti/FinalProjectBayucaraka24/install/griddata/include/griddata/msg/detail/game_state__type_support.cpp
[3.214s] -- Installing: /home/gusti/FinalProjectBayucaraka24/install/griddata/include/griddata/msg/detail/game_state__rosidl_typesupport_introspection_cpp.hpp
[3.215s] -- Installing: /home/gusti/FinalProjectBayucaraka24/install/griddata/lib/libgriddata__rosidl_typesupport_introspection_cpp.so
[3.215s] -- Set non-toolchain portion of runtime path of "/home/gusti/FinalProjectBayucaraka24/install/griddata/lib/libgriddata__rosidl_typesupport_introspection_cpp.so" to ""
[3.215s] -- Installing: /home/gusti/FinalProjectBayucaraka24/install/griddata/lib/libgriddata__rosidl_typesupport_cpp.so
[3.215s] -- Set non-toolchain portion of runtime path of "/home/gusti/FinalProjectBayucaraka24/install/griddata/lib/libgriddata__rosidl_typesupport_cpp.so" to ""
[3.215s] -- Installing: /home/gusti/FinalProjectBayucaraka24/install/griddata/share/griddata/environment/pythonpath.sh
[3.215s] -- Installing: /home/gusti/FinalProjectBayucaraka24/install/griddata/share/griddata/environment/pythonpath.dsv
[3.215s] -- Installing: /home/gusti/FinalProjectBayucaraka24/install/griddata/lib/python3.8/site-packages/griddata/__init__.py
[3.243s] Compiling '/home/gusti/FinalProjectBayucaraka24/install/griddata/lib/python3.8/site-packages/griddata/__init__.py'...
[3.247s] -- Installing: /home/gusti/FinalProjectBayucaraka24/install/griddata/lib/python3.8/site-packages/griddata/msg
[3.247s] -- Installing: /home/gusti/FinalProjectBayucaraka24/install/griddata/lib/python3.8/site-packages/griddata/msg/_game_state.py
[3.248s] -- Installing: /home/gusti/FinalProjectBayucaraka24/install/griddata/lib/python3.8/site-packages/griddata/msg/__init__.py
[3.248s] -- Installing: /home/gusti/FinalProjectBayucaraka24/install/griddata/lib/python3.8/site-packages/griddata/msg/_game_state_s.c
[3.248s] -- Installing: /home/gusti/FinalProjectBayucaraka24/install/griddata/lib/python3.8/site-packages/griddata/griddata_s__rosidl_typesupport_fastrtps_c.cpython-38-x86_64-linux-gnu.so
[3.248s] -- Set non-toolchain portion of runtime path of "/home/gusti/FinalProjectBayucaraka24/install/griddata/lib/python3.8/site-packages/griddata/griddata_s__rosidl_typesupport_fastrtps_c.cpython-38-x86_64-linux-gnu.so" to ""
[3.248s] -- Installing: /home/gusti/FinalProjectBayucaraka24/install/griddata/lib/python3.8/site-packages/griddata/griddata_s__rosidl_typesupport_introspection_c.cpython-38-x86_64-linux-gnu.so
[3.248s] -- Set non-toolchain portion of runtime path of "/home/gusti/FinalProjectBayucaraka24/install/griddata/lib/python3.8/site-packages/griddata/griddata_s__rosidl_typesupport_introspection_c.cpython-38-x86_64-linux-gnu.so" to ""
[3.248s] -- Installing: /home/gusti/FinalProjectBayucaraka24/install/griddata/lib/python3.8/site-packages/griddata/griddata_s__rosidl_typesupport_c.cpython-38-x86_64-linux-gnu.so
[3.248s] -- Set non-toolchain portion of runtime path of "/home/gusti/FinalProjectBayucaraka24/install/griddata/lib/python3.8/site-packages/griddata/griddata_s__rosidl_typesupport_c.cpython-38-x86_64-linux-gnu.so" to ""
[3.248s] -- Installing: /home/gusti/FinalProjectBayucaraka24/install/griddata/lib/libgriddata__python.so
[3.249s] -- Set non-toolchain portion of runtime path of "/home/gusti/FinalProjectBayucaraka24/install/griddata/lib/libgriddata__python.so" to ""
[3.249s] -- Installing: /home/gusti/FinalProjectBayucaraka24/install/griddata/share/griddata/msg/GameState.idl
[3.249s] -- Installing: /home/gusti/FinalProjectBayucaraka24/install/griddata/share/griddata/msg/GameState.msg
[3.249s] -- Installing: /home/gusti/FinalProjectBayucaraka24/install/griddata/share/ament_index/resource_index/package_run_dependencies/griddata
[3.249s] -- Installing: /home/gusti/FinalProjectBayucaraka24/install/griddata/share/ament_index/resource_index/parent_prefix_path/griddata
[3.249s] -- Installing: /home/gusti/FinalProjectBayucaraka24/install/griddata/share/griddata/environment/ament_prefix_path.sh
[3.249s] -- Installing: /home/gusti/FinalProjectBayucaraka24/install/griddata/share/griddata/environment/ament_prefix_path.dsv
[3.249s] -- Installing: /home/gusti/FinalProjectBayucaraka24/install/griddata/share/griddata/environment/path.sh
[3.249s] -- Installing: /home/gusti/FinalProjectBayucaraka24/install/griddata/share/griddata/environment/path.dsv
[3.249s] -- Installing: /home/gusti/FinalProjectBayucaraka24/install/griddata/share/griddata/local_setup.bash
[3.249s] -- Installing: /home/gusti/FinalProjectBayucaraka24/install/griddata/share/griddata/local_setup.sh
[3.250s] -- Installing: /home/gusti/FinalProjectBayucaraka24/install/griddata/share/griddata/local_setup.zsh
[3.250s] -- Installing: /home/gusti/FinalProjectBayucaraka24/install/griddata/share/griddata/local_setup.dsv
[3.250s] -- Installing: /home/gusti/FinalProjectBayucaraka24/install/griddata/share/griddata/package.dsv
[3.250s] -- Installing: /home/gusti/FinalProjectBayucaraka24/install/griddata/share/ament_index/resource_index/packages/griddata
[3.250s] -- Installing: /home/gusti/FinalProjectBayucaraka24/install/griddata/share/griddata/cmake/griddata__rosidl_generator_cExport.cmake
[3.250s] -- Installing: /home/gusti/FinalProjectBayucaraka24/install/griddata/share/griddata/cmake/griddata__rosidl_generator_cExport-noconfig.cmake
[3.250s] -- Installing: /home/gusti/FinalProjectBayucaraka24/install/griddata/share/griddata/cmake/griddata__rosidl_typesupport_introspection_cExport.cmake
[3.250s] -- Installing: /home/gusti/FinalProjectBayucaraka24/install/griddata/share/griddata/cmake/griddata__rosidl_typesupport_introspection_cExport-noconfig.cmake
[3.250s] -- Installing: /home/gusti/FinalProjectBayucaraka24/install/griddata/share/griddata/cmake/griddata__rosidl_typesupport_cExport.cmake
[3.251s] -- Installing: /home/gusti/FinalProjectBayucaraka24/install/griddata/share/griddata/cmake/griddata__rosidl_typesupport_cExport-noconfig.cmake
[3.251s] -- Installing: /home/gusti/FinalProjectBayucaraka24/install/griddata/share/griddata/cmake/griddata__rosidl_generator_cppExport.cmake
[3.251s] -- Installing: /home/gusti/FinalProjectBayucaraka24/install/griddata/share/griddata/cmake/griddata__rosidl_typesupport_introspection_cppExport.cmake
[3.251s] -- Installing: /home/gusti/FinalProjectBayucaraka24/install/griddata/share/griddata/cmake/griddata__rosidl_typesupport_introspection_cppExport-noconfig.cmake
[3.251s] -- Installing: /home/gusti/FinalProjectBayucaraka24/install/griddata/share/griddata/cmake/griddata__rosidl_typesupport_cppExport.cmake
[3.251s] -- Installing: /home/gusti/FinalProjectBayucaraka24/install/griddata/share/griddata/cmake/griddata__rosidl_typesupport_cppExport-noconfig.cmake
[3.251s] -- Installing: /home/gusti/FinalProjectBayucaraka24/install/griddata/share/griddata/cmake/rosidl_cmake-extras.cmake
[3.251s] -- Installing: /home/gusti/FinalProjectBayucaraka24/install/griddata/share/griddata/cmake/ament_cmake_export_dependencies-extras.cmake
[3.251s] -- Installing: /home/gusti/FinalProjectBayucaraka24/install/griddata/share/griddata/cmake/ament_cmake_export_libraries-extras.cmake
[3.251s] -- Installing: /home/gusti/FinalProjectBayucaraka24/install/griddata/share/griddata/cmake/ament_cmake_export_targets-extras.cmake
[3.251s] -- Installing: /home/gusti/FinalProjectBayucaraka24/install/griddata/share/griddata/cmake/ament_cmake_export_include_directories-extras.cmake
[3.252s] -- Installing: /home/gusti/FinalProjectBayucaraka24/install/griddata/share/griddata/cmake/rosidl_cmake_export_typesupport_libraries-extras.cmake
[3.252s] -- Installing: /home/gusti/FinalProjectBayucaraka24/install/griddata/share/griddata/cmake/rosidl_cmake_export_typesupport_targets-extras.cmake
[3.252s] -- Installing: /home/gusti/FinalProjectBayucaraka24/install/griddata/share/griddata/cmake/griddataConfig.cmake
[3.252s] -- Installing: /home/gusti/FinalProjectBayucaraka24/install/griddata/share/griddata/cmake/griddataConfig-version.cmake
[3.252s] -- Installing: /home/gusti/FinalProjectBayucaraka24/install/griddata/share/griddata/package.xml
[3.253s] Invoked command in '/home/gusti/FinalProjectBayucaraka24/build/griddata' returned '0': CMAKE_PREFIX_PATH=${CMAKE_PREFIX_PATH}:/home/gusti/FinalProjectBayucaraka24/src/install/vision:/opt/ros/foxy /usr/local/bin/cmake --install /home/gusti/FinalProjectBayucaraka24/build/griddata
