[1.685s] Invoking command in '/home/gusti/FinalProjectBayucaraka24/src/vision': PYTHONPATH=/home/gusti/FinalProjectBayucaraka24/src/build/vision/prefix_override:/home/gusti/FinalProjectBayucaraka24/src/install/vision/lib/python3.8/site-packages:${PYTHONPATH} /usr/bin/python3 setup.py egg_info --egg-base ../build/vision build --build-base /home/gusti/FinalProjectBayucaraka24/src/build/vision/build install --record /home/gusti/FinalProjectBayucaraka24/src/build/vision/install.log --install-scripts $base/lib/vision --single-version-externally-managed
[1.884s] running egg_info
[1.884s] writing ../build/vision/vision.egg-info/PKG-INFO
[1.884s] writing dependency_links to ../build/vision/vision.egg-info/dependency_links.txt
[1.884s] writing entry points to ../build/vision/vision.egg-info/entry_points.txt
[1.904s] writing requirements to ../build/vision/vision.egg-info/requires.txt
[1.904s] writing top-level names to ../build/vision/vision.egg-info/top_level.txt
[2.570s] reading manifest file '../build/vision/vision.egg-info/SOURCES.txt'
[2.571s] writing manifest file '../build/vision/vision.egg-info/SOURCES.txt'
[2.571s] running build
[2.571s] running build_py
[2.571s] copying vision/visioncam.py -> /home/gusti/FinalProjectBayucaraka24/src/build/vision/build/lib/vision
[2.572s] running install
[2.572s] running install_lib
[2.573s] copying /home/gusti/FinalProjectBayucaraka24/src/build/vision/build/lib/vision/visioncam.py -> /home/gusti/FinalProjectBayucaraka24/src/install/vision/lib/python3.8/site-packages/vision
[2.574s] byte-compiling /home/gusti/FinalProjectBayucaraka24/src/install/vision/lib/python3.8/site-packages/vision/visioncam.py to visioncam.cpython-38.pyc
[2.577s] running install_data
[2.577s] running install_egg_info
[2.579s] removing '/home/gusti/FinalProjectBayucaraka24/src/install/vision/lib/python3.8/site-packages/vision-0.0.0-py3.8.egg-info' (and everything under it)
[2.579s] Copying ../build/vision/vision.egg-info to /home/gusti/FinalProjectBayucaraka24/src/install/vision/lib/python3.8/site-packages/vision-0.0.0-py3.8.egg-info
[2.711s] running install_scripts
[2.734s] Installing vision script to /home/gusti/FinalProjectBayucaraka24/src/install/vision/lib/vision
[2.734s] writing list of installed files to '/home/gusti/FinalProjectBayucaraka24/src/build/vision/install.log'
[2.758s] Invoked command in '/home/gusti/FinalProjectBayucaraka24/src/vision' returned '0': PYTHONPATH=/home/gusti/FinalProjectBayucaraka24/src/build/vision/prefix_override:/home/gusti/FinalProjectBayucaraka24/src/install/vision/lib/python3.8/site-packages:${PYTHONPATH} /usr/bin/python3 setup.py egg_info --egg-base ../build/vision build --build-base /home/gusti/FinalProjectBayucaraka24/src/build/vision/build install --record /home/gusti/FinalProjectBayucaraka24/src/build/vision/install.log --install-scripts $base/lib/vision --single-version-externally-managed
