[0.165s] Invoking command in '/home/gusti/FinalProjectBayucaraka24/src/build/control': CMAKE_PREFIX_PATH=${CMAKE_PREFIX_PATH}:/home/gusti/FinalProjectBayucaraka24/src/install/vision:/opt/ros/foxy /usr/local/bin/cmake --build /home/gusti/FinalProjectBayucaraka24/src/build/control -- -j8 -l8
[0.189s] [ 50%] [32mBuilding CXX object CMakeFiles/control.dir/src/control.cpp.o[0m
[4.872s] [100%] [32m[1mLinking CXX executable control[0m
[5.104s] [100%] Built target control
[5.107s] Invoked command in '/home/gusti/FinalProjectBayucaraka24/src/build/control' returned '0': CMAKE_PREFIX_PATH=${CMAKE_PREFIX_PATH}:/home/gusti/FinalProjectBayucaraka24/src/install/vision:/opt/ros/foxy /usr/local/bin/cmake --build /home/gusti/FinalProjectBayucaraka24/src/build/control -- -j8 -l8
[5.126s] Invoking command in '/home/gusti/FinalProjectBayucaraka24/src/build/control': CMAKE_PREFIX_PATH=${CMAKE_PREFIX_PATH}:/home/gusti/FinalProjectBayucaraka24/src/install/vision:/opt/ros/foxy /usr/local/bin/cmake --install /home/gusti/FinalProjectBayucaraka24/src/build/control
[5.128s] -- Install configuration: ""
[5.128s] -- Installing: /home/gusti/FinalProjectBayucaraka24/src/install/control/lib/control/control
[5.130s] -- Set non-toolchain portion of runtime path of "/home/gusti/FinalProjectBayucaraka24/src/install/control/lib/control/control" to ""
[5.130s] -- Installing: /home/gusti/FinalProjectBayucaraka24/src/install/control/share/ament_index/resource_index/package_run_dependencies/control
[5.130s] -- Installing: /home/gusti/FinalProjectBayucaraka24/src/install/control/share/ament_index/resource_index/parent_prefix_path/control
[5.130s] -- Installing: /home/gusti/FinalProjectBayucaraka24/src/install/control/share/control/environment/ament_prefix_path.sh
[5.130s] -- Installing: /home/gusti/FinalProjectBayucaraka24/src/install/control/share/control/environment/ament_prefix_path.dsv
[5.131s] -- Installing: /home/gusti/FinalProjectBayucaraka24/src/install/control/share/control/environment/path.sh
[5.131s] -- Installing: /home/gusti/FinalProjectBayucaraka24/src/install/control/share/control/environment/path.dsv
[5.131s] -- Installing: /home/gusti/FinalProjectBayucaraka24/src/install/control/share/control/local_setup.bash
[5.131s] -- Installing: /home/gusti/FinalProjectBayucaraka24/src/install/control/share/control/local_setup.sh
[5.131s] -- Installing: /home/gusti/FinalProjectBayucaraka24/src/install/control/share/control/local_setup.zsh
[5.131s] -- Installing: /home/gusti/FinalProjectBayucaraka24/src/install/control/share/control/local_setup.dsv
[5.131s] -- Installing: /home/gusti/FinalProjectBayucaraka24/src/install/control/share/control/package.dsv
[5.131s] -- Installing: /home/gusti/FinalProjectBayucaraka24/src/install/control/share/ament_index/resource_index/packages/control
[5.131s] -- Installing: /home/gusti/FinalProjectBayucaraka24/src/install/control/share/control/cmake/controlConfig.cmake
[5.131s] -- Installing: /home/gusti/FinalProjectBayucaraka24/src/install/control/share/control/cmake/controlConfig-version.cmake
[5.131s] -- Installing: /home/gusti/FinalProjectBayucaraka24/src/install/control/share/control/package.xml
[5.133s] Invoked command in '/home/gusti/FinalProjectBayucaraka24/src/build/control' returned '0': CMAKE_PREFIX_PATH=${CMAKE_PREFIX_PATH}:/home/gusti/FinalProjectBayucaraka24/src/install/vision:/opt/ros/foxy /usr/local/bin/cmake --install /home/gusti/FinalProjectBayucaraka24/src/build/control
