[33mCMake Warning (dev) at /opt/ros/foxy/share/ament_cmake_core/cmake/core/python.cmake:22 (find_package):
  Policy CMP0148 is not set: The FindPythonInterp and FindPythonLibs modules
  are removed.  Run "cmake --help-policy CMP0148" for policy details.  Use
  the cmake_policy command to set the policy and suppress this warning.

Call Stack (most recent call first):
  /opt/ros/foxy/share/ament_cmake_core/cmake/core/all.cmake:53 (include)
  /opt/ros/foxy/share/ament_cmake_core/cmake/ament_cmake_core-extras.cmake:17 (include)
  /opt/ros/foxy/share/ament_cmake_core/cmake/ament_cmake_coreConfig.cmake:41 (include)
  /opt/ros/foxy/share/ament_cmake/cmake/ament_cmake_export_dependencies-extras.cmake:15 (find_package)
  /opt/ros/foxy/share/ament_cmake/cmake/ament_cmakeConfig.cmake:41 (include)
  CMakeLists.txt:19 (find_package)
This warning is for project developers.  Use -Wno-dev to suppress it.
[0m
In file included from [01m[K/home/gusti/FinalProjectBayucaraka24/src/control/src/control.cpp:5[m[K:
[01m[K/opt/ros/foxy/include/cv_bridge/cv_bridge.h:43:10:[m[K [01;31m[Kfatal error: [m[Kopencv2/core/core.hpp: No such file or directory
   43 | #include [01;31m[K<opencv2/core/core.hpp>[m[K
      |          [01;31m[K^~~~~~~~~~~~~~~~~~~~~~~[m[K
compilation terminated.
make[2]: *** [CMakeFiles/control.dir/build.make:76: CMakeFiles/control.dir/src/control.cpp.o] Error 1
make[1]: *** [CMakeFiles/Makefile2:137: CMakeFiles/control.dir/all] Error 2
make: *** [Makefile:146: all] Error 2
