[0.209s] Invoking command in '/home/gusti/FinalProjectBayucaraka24/src/build/griddata': CMAKE_PREFIX_PATH=${CMAKE_PREFIX_PATH}:/home/gusti/FinalProjectBayucaraka24/install/vision:/home/gusti/FinalProjectBayucaraka24/src/install/vision:/opt/ros/foxy /usr/local/bin/cmake --build /home/gusti/FinalProjectBayucaraka24/src/build/griddata -- -j8 -l8
[0.222s] -- Found ament_cmake: 0.9.12 (/opt/ros/foxy/share/ament_cmake/cmake)
[0.223s] [33mCMake Warning (dev) at /opt/ros/foxy/share/ament_cmake_core/cmake/core/python.cmake:22 (find_package):
[0.223s]   Policy CMP0148 is not set: The FindPythonInterp and FindPythonLibs modules
[0.223s]   are removed.  Run "cmake --help-policy CMP0148" for policy details.  Use
[0.224s]   the cmake_policy command to set the policy and suppress this warning.
[0.224s] 
[0.224s] Call Stack (most recent call first):
[0.224s]   /opt/ros/foxy/share/ament_cmake_core/cmake/core/all.cmake:53 (include)
[0.224s]   /opt/ros/foxy/share/ament_cmake_core/cmake/ament_cmake_core-extras.cmake:17 (include)
[0.224s]   /opt/ros/foxy/share/ament_cmake_core/cmake/ament_cmake_coreConfig.cmake:41 (include)
[0.224s]   /opt/ros/foxy/share/ament_cmake/cmake/ament_cmake_export_dependencies-extras.cmake:15 (find_package)
[0.224s]   /opt/ros/foxy/share/ament_cmake/cmake/ament_cmakeConfig.cmake:41 (include)
[0.224s]   CMakeLists.txt:19 (find_package)
[0.224s] This warning is for project developers.  Use -Wno-dev to suppress it.
[0.224s] [0m
[0.244s] -- Found PythonInterp: /usr/bin/python3 (found suitable version "3.8.10", minimum required is "3") 
[0.244s] -- Using PYTHON_EXECUTABLE: /usr/bin/python3
[0.419s] -- Found rosidl_default_generators: 1.0.1 (/opt/ros/foxy/share/rosidl_default_generators/cmake)
[0.421s] -- Using all available rosidl_typesupport_c: rosidl_typesupport_fastrtps_c;rosidl_typesupport_introspection_c
[0.425s] -- Found rosidl_adapter: 1.3.1 (/opt/ros/foxy/share/rosidl_adapter/cmake)
[0.551s] -- Using all available rosidl_typesupport_cpp: rosidl_typesupport_fastrtps_cpp;rosidl_typesupport_introspection_cpp
[0.572s] [33mCMake Warning (dev) at /opt/ros/foxy/share/rosidl_adapter/cmake/rosidl_adapt_interfaces.cmake:40 (find_package):
[0.572s]   Policy CMP0148 is not set: The FindPythonInterp and FindPythonLibs modules
[0.572s]   are removed.  Run "cmake --help-policy CMP0148" for policy details.  Use
[0.572s]   the cmake_policy command to set the policy and suppress this warning.
[0.573s] 
[0.573s] Call Stack (most recent call first):
[0.573s]   /opt/ros/foxy/share/rosidl_cmake/cmake/rosidl_generate_interfaces.cmake:130 (rosidl_adapt_interfaces)
[0.573s]   CMakeLists.txt:22 (rosidl_generate_interfaces)
[0.573s] This warning is for project developers.  Use -Wno-dev to suppress it.
[0.573s] [0m
[0.590s] -- Found PythonInterp: /usr/bin/python3 (found version "3.8.10") 
[0.697s] -- Found ament_cmake_ros: 0.9.2 (/opt/ros/foxy/share/ament_cmake_ros/cmake)
[0.791s] -- Using all available rosidl_typesupport_c: rosidl_typesupport_fastrtps_c;rosidl_typesupport_introspection_c
[0.797s] -- Using all available rosidl_typesupport_cpp: rosidl_typesupport_fastrtps_cpp;rosidl_typesupport_introspection_cpp
[0.799s] [33mCMake Warning (dev) at /opt/ros/foxy/share/rosidl_generator_py/cmake/rosidl_generator_py_generate_interfaces.cmake:20 (find_package):
[0.799s]   Policy CMP0148 is not set: The FindPythonInterp and FindPythonLibs modules
[0.799s]   are removed.  Run "cmake --help-policy CMP0148" for policy details.  Use
[0.799s]   the cmake_policy command to set the policy and suppress this warning.
[0.799s] 
[0.800s] Call Stack (most recent call first):
[0.800s]   /opt/ros/foxy/share/ament_cmake_core/cmake/core/ament_execute_extensions.cmake:48 (include)
[0.800s]   /opt/ros/foxy/share/rosidl_cmake/cmake/rosidl_generate_interfaces.cmake:286 (ament_execute_extensions)
[0.800s]   CMakeLists.txt:22 (rosidl_generate_interfaces)
[0.800s] This warning is for project developers.  Use -Wno-dev to suppress it.
[0.800s] [0m
[0.819s] -- Found PythonInterp: /usr/bin/python3 (found suitable version "3.8.10", minimum required is "3.5") 
[0.819s] -- Found python_cmake_module: 0.8.1 (/opt/ros/foxy/share/python_cmake_module/cmake)
[0.819s] [33mCMake Warning (dev) at /opt/ros/foxy/share/python_cmake_module/cmake/Modules/FindPythonExtra.cmake:45 (find_package):
[0.820s]   Policy CMP0148 is not set: The FindPythonInterp and FindPythonLibs modules
[0.820s]   are removed.  Run "cmake --help-policy CMP0148" for policy details.  Use
[0.820s]   the cmake_policy command to set the policy and suppress this warning.
[0.820s] 
[0.820s] Call Stack (most recent call first):
[0.820s]   /opt/ros/foxy/share/rosidl_generator_py/cmake/rosidl_generator_py_generate_interfaces.cmake:23 (find_package)
[0.820s]   /opt/ros/foxy/share/ament_cmake_core/cmake/core/ament_execute_extensions.cmake:48 (include)
[0.820s]   /opt/ros/foxy/share/rosidl_cmake/cmake/rosidl_generate_interfaces.cmake:286 (ament_execute_extensions)
[0.820s]   CMakeLists.txt:22 (rosidl_generate_interfaces)
[0.820s] This warning is for project developers.  Use -Wno-dev to suppress it.
[0.821s] [0m
[0.839s] [33mCMake Warning (dev) at /opt/ros/foxy/share/python_cmake_module/cmake/Modules/FindPythonExtra.cmake:133 (find_package):
[0.839s]   Policy CMP0148 is not set: The FindPythonInterp and FindPythonLibs modules
[0.840s]   are removed.  Run "cmake --help-policy CMP0148" for policy details.  Use
[0.840s]   the cmake_policy command to set the policy and suppress this warning.
[0.840s] 
[0.840s] Call Stack (most recent call first):
[0.840s]   /opt/ros/foxy/share/rosidl_generator_py/cmake/rosidl_generator_py_generate_interfaces.cmake:23 (find_package)
[0.840s]   /opt/ros/foxy/share/ament_cmake_core/cmake/core/ament_execute_extensions.cmake:48 (include)
[0.840s]   /opt/ros/foxy/share/rosidl_cmake/cmake/rosidl_generate_interfaces.cmake:286 (ament_execute_extensions)
[0.840s]   CMakeLists.txt:22 (rosidl_generate_interfaces)
[0.840s] This warning is for project developers.  Use -Wno-dev to suppress it.
[0.840s] [0m
[0.842s] -- Using PYTHON_EXECUTABLE: /usr/bin/python3
[0.842s] -- Using PYTHON_INCLUDE_DIRS: /usr/include/python3.8
[0.842s] -- Using PYTHON_LIBRARIES: /usr/lib/x86_64-linux-gnu/libpython3.8.so
[0.854s] -- Found ament_lint_auto: 0.9.8 (/opt/ros/foxy/share/ament_lint_auto/cmake)
[0.862s] -- Added test 'copyright' to check source files copyright and LICENSE
[0.863s] -- Added test 'lint_cmake' to check CMake code style
[0.864s] -- Added test 'xmllint' to check XML markup files
[0.866s] -- Configuring done (0.6s)
[0.889s] -- Generating done (0.0s)
[0.891s] -- Build files have been written to: /home/gusti/FinalProjectBayucaraka24/src/build/griddata
[0.900s] [  3%] [34m[1mGenerating C code for ROS interfaces[0m
[0.902s] [  6%] [34m[1mGenerating C++ code for ROS interfaces[0m
[1.099s] [  6%] Built target griddata__cpp
[1.102s] [  9%] [34m[1mGenerating C++ type support dispatch for ROS interfaces[0m
[1.102s] [ 16%] [34m[1mGenerating C++ type support for eProsima Fast-RTPS[0m
[1.102s] [ 16%] [34m[1mGenerating C++ introspection for ROS interfaces[0m
[1.119s] [ 19%] [32mBuilding C object CMakeFiles/griddata__rosidl_generator_c.dir/rosidl_generator_c/griddata/msg/detail/game_state__functions.c.o[0m
[1.158s] [ 22%] [32m[1mLinking C shared library libgriddata__rosidl_generator_c.so[0m
[1.177s] [ 22%] Built target griddata__rosidl_generator_c
[1.179s] [ 25%] [34m[1mGenerating C introspection for ROS interfaces[0m
[1.181s] [ 29%] [34m[1mGenerating C type support dispatch for ROS interfaces[0m
[1.307s] [ 32%] [32mBuilding CXX object CMakeFiles/griddata__rosidl_typesupport_cpp.dir/rosidl_typesupport_cpp/griddata/msg/game_state__type_support.cpp.o[0m
[1.340s] [ 35%] [32mBuilding CXX object CMakeFiles/griddata__rosidl_typesupport_fastrtps_cpp.dir/rosidl_typesupport_fastrtps_cpp/griddata/msg/detail/dds_fastrtps/game_state__type_support.cpp.o[0m
[1.411s] [ 38%] [32mBuilding C object CMakeFiles/griddata__rosidl_typesupport_introspection_c.dir/rosidl_typesupport_introspection_c/griddata/msg/detail/game_state__type_support.c.o[0m
[1.426s] [ 41%] [32mBuilding CXX object CMakeFiles/griddata__rosidl_typesupport_introspection_cpp.dir/rosidl_typesupport_introspection_cpp/griddata/msg/detail/game_state__type_support.cpp.o[0m
[1.435s] [ 45%] [32m[1mLinking C shared library libgriddata__rosidl_typesupport_introspection_c.so[0m
[1.449s] [ 45%] Built target griddata__rosidl_typesupport_introspection_c
[1.481s] [ 48%] [32mBuilding CXX object CMakeFiles/griddata__rosidl_typesupport_c.dir/rosidl_typesupport_c/griddata/msg/game_state__type_support.cpp.o[0m
[1.503s] [ 51%] [32m[1mLinking CXX shared library libgriddata__rosidl_typesupport_c.so[0m
[1.527s] [ 51%] Built target griddata__rosidl_typesupport_c
[1.614s] [ 54%] [32m[1mLinking CXX shared library libgriddata__rosidl_typesupport_cpp.so[0m
[1.638s] [ 54%] Built target griddata__rosidl_typesupport_cpp
[1.732s] [ 58%] [32m[1mLinking CXX shared library libgriddata__rosidl_typesupport_introspection_cpp.so[0m
[1.766s] [ 61%] [32m[1mLinking CXX shared library libgriddata__rosidl_typesupport_fastrtps_cpp.so[0m
[1.792s] [ 61%] Built target griddata__rosidl_typesupport_introspection_cpp
[1.838s] [ 61%] Built target griddata__rosidl_typesupport_fastrtps_cpp
[1.841s] [ 64%] [34m[1mGenerating C type support for eProsima Fast-RTPS[0m
[2.028s] [ 67%] [32mBuilding CXX object CMakeFiles/griddata__rosidl_typesupport_fastrtps_c.dir/rosidl_typesupport_fastrtps_c/griddata/msg/detail/game_state__type_support_c.cpp.o[0m
[2.313s] [ 70%] [32m[1mLinking CXX shared library libgriddata__rosidl_typesupport_fastrtps_c.so[0m
[2.379s] [ 70%] Built target griddata__rosidl_typesupport_fastrtps_c
[2.385s] [ 70%] Built target griddata
[2.391s] [ 74%] [34m[1mGenerating Python code for ROS interfaces[0m
[2.725s] [ 74%] Built target griddata__py
[2.733s] [ 77%] [32mBuilding C object CMakeFiles/griddata__python.dir/rosidl_generator_py/griddata/msg/_game_state_s.c.o[0m
[2.808s] [ 80%] [32m[1mLinking C shared library rosidl_generator_py/griddata/libgriddata__python.so[0m
[2.829s] [ 80%] Built target griddata__python
[2.838s] [ 87%] [32mBuilding C object CMakeFiles/griddata__rosidl_typesupport_introspection_c__pyext.dir/rosidl_generator_py/griddata/_griddata_s.ep.rosidl_typesupport_introspection_c.c.o[0m
[2.838s] [ 87%] [32mBuilding C object CMakeFiles/griddata__rosidl_typesupport_fastrtps_c__pyext.dir/rosidl_generator_py/griddata/_griddata_s.ep.rosidl_typesupport_fastrtps_c.c.o[0m
[2.838s] [ 90%] [32mBuilding C object CMakeFiles/griddata__rosidl_typesupport_c__pyext.dir/rosidl_generator_py/griddata/_griddata_s.ep.rosidl_typesupport_c.c.o[0m
[2.904s] [ 96%] [32m[1mLinking CXX shared library rosidl_generator_py/griddata/griddata_s__rosidl_typesupport_fastrtps_c.cpython-38-x86_64-linux-gnu.so[0m
[2.904s] [ 96%] [32m[1mLinking C shared library rosidl_generator_py/griddata/griddata_s__rosidl_typesupport_c.cpython-38-x86_64-linux-gnu.so[0m
[2.905s] [100%] [32m[1mLinking C shared library rosidl_generator_py/griddata/griddata_s__rosidl_typesupport_introspection_c.cpython-38-x86_64-linux-gnu.so[0m
[2.921s] [100%] Built target griddata__rosidl_typesupport_c__pyext
[2.922s] [100%] Built target griddata__rosidl_typesupport_introspection_c__pyext
[2.946s] [100%] Built target griddata__rosidl_typesupport_fastrtps_c__pyext
[2.948s] Invoked command in '/home/gusti/FinalProjectBayucaraka24/src/build/griddata' returned '0': CMAKE_PREFIX_PATH=${CMAKE_PREFIX_PATH}:/home/gusti/FinalProjectBayucaraka24/install/vision:/home/gusti/FinalProjectBayucaraka24/src/install/vision:/opt/ros/foxy /usr/local/bin/cmake --build /home/gusti/FinalProjectBayucaraka24/src/build/griddata -- -j8 -l8
[2.981s] Invoking command in '/home/gusti/FinalProjectBayucaraka24/src/build/griddata': CMAKE_PREFIX_PATH=${CMAKE_PREFIX_PATH}:/home/gusti/FinalProjectBayucaraka24/install/vision:/home/gusti/FinalProjectBayucaraka24/src/install/vision:/opt/ros/foxy /usr/local/bin/cmake --install /home/gusti/FinalProjectBayucaraka24/src/build/griddata
[2.984s] -- Install configuration: ""
[2.984s] -- Up-to-date: /home/gusti/FinalProjectBayucaraka24/src/install/griddata/share/ament_index/resource_index/rosidl_interfaces/griddata
[2.984s] -- Up-to-date: /home/gusti/FinalProjectBayucaraka24/src/install/griddata/include/griddata
[2.984s] -- Up-to-date: /home/gusti/FinalProjectBayucaraka24/src/install/griddata/include/griddata/msg
[2.984s] -- Up-to-date: /home/gusti/FinalProjectBayucaraka24/src/install/griddata/include/griddata/msg/rosidl_generator_c__visibility_control.h
[2.984s] -- Installing: /home/gusti/FinalProjectBayucaraka24/src/install/griddata/include/griddata/msg/game_state.h
[2.984s] -- Up-to-date: /home/gusti/FinalProjectBayucaraka24/src/install/griddata/include/griddata/msg/detail
[2.984s] -- Installing: /home/gusti/FinalProjectBayucaraka24/src/install/griddata/include/griddata/msg/detail/game_state__type_support.h
[2.985s] -- Installing: /home/gusti/FinalProjectBayucaraka24/src/install/griddata/include/griddata/msg/detail/game_state__functions.h
[2.985s] -- Installing: /home/gusti/FinalProjectBayucaraka24/src/install/griddata/include/griddata/msg/detail/game_state__struct.h
[2.985s] -- Installing: /home/gusti/FinalProjectBayucaraka24/src/install/griddata/include/griddata/msg/detail/game_state__functions.c
[2.985s] -- Up-to-date: /home/gusti/FinalProjectBayucaraka24/src/install/griddata/share/griddata/environment/library_path.sh
[2.985s] -- Installing: /home/gusti/FinalProjectBayucaraka24/src/install/griddata/share/griddata/environment/library_path.dsv
[2.985s] -- Installing: /home/gusti/FinalProjectBayucaraka24/src/install/griddata/lib/libgriddata__rosidl_generator_c.so
[2.985s] -- Set non-toolchain portion of runtime path of "/home/gusti/FinalProjectBayucaraka24/src/install/griddata/lib/libgriddata__rosidl_generator_c.so" to ""
[2.985s] -- Up-to-date: /home/gusti/FinalProjectBayucaraka24/src/install/griddata/include/griddata
[2.985s] -- Up-to-date: /home/gusti/FinalProjectBayucaraka24/src/install/griddata/include/griddata/msg
[2.985s] -- Up-to-date: /home/gusti/FinalProjectBayucaraka24/src/install/griddata/include/griddata/msg/rosidl_typesupport_fastrtps_c__visibility_control.h
[2.986s] -- Up-to-date: /home/gusti/FinalProjectBayucaraka24/src/install/griddata/include/griddata/msg/detail
[2.986s] -- Installing: /home/gusti/FinalProjectBayucaraka24/src/install/griddata/include/griddata/msg/detail/game_state__rosidl_typesupport_fastrtps_c.h
[2.986s] -- Installing: /home/gusti/FinalProjectBayucaraka24/src/install/griddata/lib/libgriddata__rosidl_typesupport_fastrtps_c.so
[2.986s] -- Set non-toolchain portion of runtime path of "/home/gusti/FinalProjectBayucaraka24/src/install/griddata/lib/libgriddata__rosidl_typesupport_fastrtps_c.so" to ""
[2.986s] -- Up-to-date: /home/gusti/FinalProjectBayucaraka24/src/install/griddata/include/griddata
[2.986s] -- Up-to-date: /home/gusti/FinalProjectBayucaraka24/src/install/griddata/include/griddata/msg
[2.986s] -- Up-to-date: /home/gusti/FinalProjectBayucaraka24/src/install/griddata/include/griddata/msg/rosidl_typesupport_fastrtps_cpp__visibility_control.h
[2.986s] -- Up-to-date: /home/gusti/FinalProjectBayucaraka24/src/install/griddata/include/griddata/msg/detail
[2.986s] -- Up-to-date: /home/gusti/FinalProjectBayucaraka24/src/install/griddata/include/griddata/msg/detail/dds_fastrtps
[2.987s] -- Installing: /home/gusti/FinalProjectBayucaraka24/src/install/griddata/include/griddata/msg/detail/game_state__rosidl_typesupport_fastrtps_cpp.hpp
[2.987s] -- Installing: /home/gusti/FinalProjectBayucaraka24/src/install/griddata/lib/libgriddata__rosidl_typesupport_fastrtps_cpp.so
[2.987s] -- Set non-toolchain portion of runtime path of "/home/gusti/FinalProjectBayucaraka24/src/install/griddata/lib/libgriddata__rosidl_typesupport_fastrtps_cpp.so" to ""
[2.987s] -- Up-to-date: /home/gusti/FinalProjectBayucaraka24/src/install/griddata/include/griddata
[2.987s] -- Up-to-date: /home/gusti/FinalProjectBayucaraka24/src/install/griddata/include/griddata/msg
[2.987s] -- Up-to-date: /home/gusti/FinalProjectBayucaraka24/src/install/griddata/include/griddata/msg/rosidl_typesupport_introspection_c__visibility_control.h
[2.987s] -- Up-to-date: /home/gusti/FinalProjectBayucaraka24/src/install/griddata/include/griddata/msg/detail
[2.987s] -- Installing: /home/gusti/FinalProjectBayucaraka24/src/install/griddata/include/griddata/msg/detail/game_state__type_support.c
[2.987s] -- Installing: /home/gusti/FinalProjectBayucaraka24/src/install/griddata/include/griddata/msg/detail/game_state__rosidl_typesupport_introspection_c.h
[2.988s] -- Installing: /home/gusti/FinalProjectBayucaraka24/src/install/griddata/lib/libgriddata__rosidl_typesupport_introspection_c.so
[2.988s] -- Set non-toolchain portion of runtime path of "/home/gusti/FinalProjectBayucaraka24/src/install/griddata/lib/libgriddata__rosidl_typesupport_introspection_c.so" to ""
[2.988s] -- Installing: /home/gusti/FinalProjectBayucaraka24/src/install/griddata/lib/libgriddata__rosidl_typesupport_c.so
[2.988s] -- Set non-toolchain portion of runtime path of "/home/gusti/FinalProjectBayucaraka24/src/install/griddata/lib/libgriddata__rosidl_typesupport_c.so" to ""
[2.988s] -- Up-to-date: /home/gusti/FinalProjectBayucaraka24/src/install/griddata/include/griddata
[2.988s] -- Up-to-date: /home/gusti/FinalProjectBayucaraka24/src/install/griddata/include/griddata/msg
[2.988s] -- Installing: /home/gusti/FinalProjectBayucaraka24/src/install/griddata/include/griddata/msg/game_state.hpp
[2.988s] -- Up-to-date: /home/gusti/FinalProjectBayucaraka24/src/install/griddata/include/griddata/msg/rosidl_generator_cpp__visibility_control.hpp
[2.988s] -- Up-to-date: /home/gusti/FinalProjectBayucaraka24/src/install/griddata/include/griddata/msg/detail
[2.988s] -- Installing: /home/gusti/FinalProjectBayucaraka24/src/install/griddata/include/griddata/msg/detail/game_state__type_support.hpp
[2.988s] -- Installing: /home/gusti/FinalProjectBayucaraka24/src/install/griddata/include/griddata/msg/detail/game_state__traits.hpp
[2.989s] -- Installing: /home/gusti/FinalProjectBayucaraka24/src/install/griddata/include/griddata/msg/detail/game_state__builder.hpp
[2.989s] -- Installing: /home/gusti/FinalProjectBayucaraka24/src/install/griddata/include/griddata/msg/detail/game_state__struct.hpp
[2.989s] -- Up-to-date: /home/gusti/FinalProjectBayucaraka24/src/install/griddata/include/griddata
[2.989s] -- Up-to-date: /home/gusti/FinalProjectBayucaraka24/src/install/griddata/include/griddata/msg
[2.989s] -- Up-to-date: /home/gusti/FinalProjectBayucaraka24/src/install/griddata/include/griddata/msg/detail
[2.989s] -- Installing: /home/gusti/FinalProjectBayucaraka24/src/install/griddata/include/griddata/msg/detail/game_state__type_support.cpp
[2.989s] -- Installing: /home/gusti/FinalProjectBayucaraka24/src/install/griddata/include/griddata/msg/detail/game_state__rosidl_typesupport_introspection_cpp.hpp
[2.989s] -- Installing: /home/gusti/FinalProjectBayucaraka24/src/install/griddata/lib/libgriddata__rosidl_typesupport_introspection_cpp.so
[2.989s] -- Set non-toolchain portion of runtime path of "/home/gusti/FinalProjectBayucaraka24/src/install/griddata/lib/libgriddata__rosidl_typesupport_introspection_cpp.so" to ""
[2.989s] -- Installing: /home/gusti/FinalProjectBayucaraka24/src/install/griddata/lib/libgriddata__rosidl_typesupport_cpp.so
[2.989s] -- Set non-toolchain portion of runtime path of "/home/gusti/FinalProjectBayucaraka24/src/install/griddata/lib/libgriddata__rosidl_typesupport_cpp.so" to ""
[2.990s] -- Up-to-date: /home/gusti/FinalProjectBayucaraka24/src/install/griddata/share/griddata/environment/pythonpath.sh
[2.990s] -- Installing: /home/gusti/FinalProjectBayucaraka24/src/install/griddata/share/griddata/environment/pythonpath.dsv
[2.990s] -- Installing: /home/gusti/FinalProjectBayucaraka24/src/install/griddata/lib/python3.8/site-packages/griddata/__init__.py
[3.014s] Compiling '/home/gusti/FinalProjectBayucaraka24/src/install/griddata/lib/python3.8/site-packages/griddata/__init__.py'...
[3.018s] -- Up-to-date: /home/gusti/FinalProjectBayucaraka24/src/install/griddata/lib/python3.8/site-packages/griddata/msg
[3.018s] -- Installing: /home/gusti/FinalProjectBayucaraka24/src/install/griddata/lib/python3.8/site-packages/griddata/msg/_game_state.py
[3.018s] -- Installing: /home/gusti/FinalProjectBayucaraka24/src/install/griddata/lib/python3.8/site-packages/griddata/msg/__init__.py
[3.018s] -- Installing: /home/gusti/FinalProjectBayucaraka24/src/install/griddata/lib/python3.8/site-packages/griddata/msg/_game_state_s.c
[3.018s] -- Installing: /home/gusti/FinalProjectBayucaraka24/src/install/griddata/lib/python3.8/site-packages/griddata/griddata_s__rosidl_typesupport_fastrtps_c.cpython-38-x86_64-linux-gnu.so
[3.018s] -- Set non-toolchain portion of runtime path of "/home/gusti/FinalProjectBayucaraka24/src/install/griddata/lib/python3.8/site-packages/griddata/griddata_s__rosidl_typesupport_fastrtps_c.cpython-38-x86_64-linux-gnu.so" to ""
[3.018s] -- Installing: /home/gusti/FinalProjectBayucaraka24/src/install/griddata/lib/python3.8/site-packages/griddata/griddata_s__rosidl_typesupport_introspection_c.cpython-38-x86_64-linux-gnu.so
[3.018s] -- Set non-toolchain portion of runtime path of "/home/gusti/FinalProjectBayucaraka24/src/install/griddata/lib/python3.8/site-packages/griddata/griddata_s__rosidl_typesupport_introspection_c.cpython-38-x86_64-linux-gnu.so" to ""
[3.019s] -- Installing: /home/gusti/FinalProjectBayucaraka24/src/install/griddata/lib/python3.8/site-packages/griddata/griddata_s__rosidl_typesupport_c.cpython-38-x86_64-linux-gnu.so
[3.019s] -- Set non-toolchain portion of runtime path of "/home/gusti/FinalProjectBayucaraka24/src/install/griddata/lib/python3.8/site-packages/griddata/griddata_s__rosidl_typesupport_c.cpython-38-x86_64-linux-gnu.so" to ""
[3.019s] -- Installing: /home/gusti/FinalProjectBayucaraka24/src/install/griddata/lib/libgriddata__python.so
[3.019s] -- Set non-toolchain portion of runtime path of "/home/gusti/FinalProjectBayucaraka24/src/install/griddata/lib/libgriddata__python.so" to ""
[3.019s] -- Installing: /home/gusti/FinalProjectBayucaraka24/src/install/griddata/share/griddata/msg/GameState.idl
[3.019s] -- Installing: /home/gusti/FinalProjectBayucaraka24/src/install/griddata/share/griddata/msg/GameState.msg
[3.019s] -- Up-to-date: /home/gusti/FinalProjectBayucaraka24/src/install/griddata/share/ament_index/resource_index/package_run_dependencies/griddata
[3.020s] -- Installing: /home/gusti/FinalProjectBayucaraka24/src/install/griddata/share/ament_index/resource_index/parent_prefix_path/griddata
[3.020s] -- Up-to-date: /home/gusti/FinalProjectBayucaraka24/src/install/griddata/share/griddata/environment/ament_prefix_path.sh
[3.020s] -- Installing: /home/gusti/FinalProjectBayucaraka24/src/install/griddata/share/griddata/environment/ament_prefix_path.dsv
[3.020s] -- Up-to-date: /home/gusti/FinalProjectBayucaraka24/src/install/griddata/share/griddata/environment/path.sh
[3.020s] -- Installing: /home/gusti/FinalProjectBayucaraka24/src/install/griddata/share/griddata/environment/path.dsv
[3.020s] -- Up-to-date: /home/gusti/FinalProjectBayucaraka24/src/install/griddata/share/griddata/local_setup.bash
[3.020s] -- Up-to-date: /home/gusti/FinalProjectBayucaraka24/src/install/griddata/share/griddata/local_setup.sh
[3.020s] -- Up-to-date: /home/gusti/FinalProjectBayucaraka24/src/install/griddata/share/griddata/local_setup.zsh
[3.020s] -- Installing: /home/gusti/FinalProjectBayucaraka24/src/install/griddata/share/griddata/local_setup.dsv
[3.021s] -- Installing: /home/gusti/FinalProjectBayucaraka24/src/install/griddata/share/griddata/package.dsv
[3.021s] -- Up-to-date: /home/gusti/FinalProjectBayucaraka24/src/install/griddata/share/ament_index/resource_index/packages/griddata
[3.021s] -- Up-to-date: /home/gusti/FinalProjectBayucaraka24/src/install/griddata/share/griddata/cmake/griddata__rosidl_generator_cExport.cmake
[3.021s] -- Up-to-date: /home/gusti/FinalProjectBayucaraka24/src/install/griddata/share/griddata/cmake/griddata__rosidl_generator_cExport-noconfig.cmake
[3.021s] -- Up-to-date: /home/gusti/FinalProjectBayucaraka24/src/install/griddata/share/griddata/cmake/griddata__rosidl_typesupport_introspection_cExport.cmake
[3.021s] -- Up-to-date: /home/gusti/FinalProjectBayucaraka24/src/install/griddata/share/griddata/cmake/griddata__rosidl_typesupport_introspection_cExport-noconfig.cmake
[3.021s] -- Up-to-date: /home/gusti/FinalProjectBayucaraka24/src/install/griddata/share/griddata/cmake/griddata__rosidl_typesupport_cExport.cmake
[3.021s] -- Up-to-date: /home/gusti/FinalProjectBayucaraka24/src/install/griddata/share/griddata/cmake/griddata__rosidl_typesupport_cExport-noconfig.cmake
[3.021s] -- Up-to-date: /home/gusti/FinalProjectBayucaraka24/src/install/griddata/share/griddata/cmake/griddata__rosidl_generator_cppExport.cmake
[3.021s] -- Up-to-date: /home/gusti/FinalProjectBayucaraka24/src/install/griddata/share/griddata/cmake/griddata__rosidl_typesupport_introspection_cppExport.cmake
[3.022s] -- Up-to-date: /home/gusti/FinalProjectBayucaraka24/src/install/griddata/share/griddata/cmake/griddata__rosidl_typesupport_introspection_cppExport-noconfig.cmake
[3.022s] -- Up-to-date: /home/gusti/FinalProjectBayucaraka24/src/install/griddata/share/griddata/cmake/griddata__rosidl_typesupport_cppExport.cmake
[3.022s] -- Up-to-date: /home/gusti/FinalProjectBayucaraka24/src/install/griddata/share/griddata/cmake/griddata__rosidl_typesupport_cppExport-noconfig.cmake
[3.022s] -- Up-to-date: /home/gusti/FinalProjectBayucaraka24/src/install/griddata/share/griddata/cmake/rosidl_cmake-extras.cmake
[3.022s] -- Up-to-date: /home/gusti/FinalProjectBayucaraka24/src/install/griddata/share/griddata/cmake/ament_cmake_export_dependencies-extras.cmake
[3.022s] -- Up-to-date: /home/gusti/FinalProjectBayucaraka24/src/install/griddata/share/griddata/cmake/ament_cmake_export_libraries-extras.cmake
[3.023s] -- Up-to-date: /home/gusti/FinalProjectBayucaraka24/src/install/griddata/share/griddata/cmake/ament_cmake_export_targets-extras.cmake
[3.023s] -- Up-to-date: /home/gusti/FinalProjectBayucaraka24/src/install/griddata/share/griddata/cmake/ament_cmake_export_include_directories-extras.cmake
[3.023s] -- Up-to-date: /home/gusti/FinalProjectBayucaraka24/src/install/griddata/share/griddata/cmake/rosidl_cmake_export_typesupport_libraries-extras.cmake
[3.023s] -- Up-to-date: /home/gusti/FinalProjectBayucaraka24/src/install/griddata/share/griddata/cmake/rosidl_cmake_export_typesupport_targets-extras.cmake
[3.023s] -- Up-to-date: /home/gusti/FinalProjectBayucaraka24/src/install/griddata/share/griddata/cmake/griddataConfig.cmake
[3.023s] -- Up-to-date: /home/gusti/FinalProjectBayucaraka24/src/install/griddata/share/griddata/cmake/griddataConfig-version.cmake
[3.023s] -- Up-to-date: /home/gusti/FinalProjectBayucaraka24/src/install/griddata/share/griddata/package.xml
[3.024s] Invoked command in '/home/gusti/FinalProjectBayucaraka24/src/build/griddata' returned '0': CMAKE_PREFIX_PATH=${CMAKE_PREFIX_PATH}:/home/gusti/FinalProjectBayucaraka24/install/vision:/home/gusti/FinalProjectBayucaraka24/src/install/vision:/opt/ros/foxy /usr/local/bin/cmake --install /home/gusti/FinalProjectBayucaraka24/src/build/griddata
