[2.244s] DEBUG:colcon:Command line arguments: ['/usr/bin/colcon', 'build', '--packages-select', 'control']
[2.244s] DEBUG:colcon:Parsed command line arguments: Namespace(allow_overriding=[], ament_cmake_args=None, base_paths=['.'], build_base='build', catkin_cmake_args=None, catkin_skip_building_tests=False, cmake_args=None, cmake_clean_cache=False, cmake_clean_first=False, cmake_force_configure=False, cmake_target=None, cmake_target_skip_unavailable=False, continue_on_error=False, event_handlers=None, executor='parallel', ignore_user_meta=False, install_base='install', log_base=None, log_level=None, main=<bound method BuildVerb.main of <colcon_core.verb.build.BuildVerb object at 0x7f21b0848a90>>, merge_install=False, metas=['./colcon.meta'], packages_above=None, packages_above_and_dependencies=None, packages_above_depth=None, packages_end=None, packages_ignore=None, packages_ignore_regex=None, packages_select=['control'], packages_select_build_failed=False, packages_select_by_dep=None, packages_select_regex=None, packages_select_test_failures=False, packages_skip=None, packages_skip_build_finished=False, packages_skip_by_dep=None, packages_skip_regex=None, packages_skip_test_passed=False, packages_skip_up_to=None, packages_start=None, packages_up_to=None, packages_up_to_regex=None, parallel_workers=8, paths=None, symlink_install=False, test_result_base=None, verb_extension=<colcon_core.verb.build.BuildVerb object at 0x7f21b0848a90>, verb_name='build', verb_parser=<colcon_defaults.argument_parser.defaults.DefaultArgumentsDecorator object at 0x7f21b101b400>)
[2.363s] Level 1:colcon.colcon_core.package_discovery:discover_packages(colcon_meta) check parameters
[2.363s] Level 1:colcon.colcon_core.package_discovery:discover_packages(recursive) check parameters
[2.363s] Level 1:colcon.colcon_core.package_discovery:discover_packages(ignore) check parameters
[2.363s] Level 1:colcon.colcon_core.package_discovery:discover_packages(path) check parameters
[2.363s] Level 1:colcon.colcon_core.package_discovery:discover_packages(colcon_meta) discover
[2.363s] Level 1:colcon.colcon_core.package_discovery:discover_packages(recursive) discover
[2.363s] INFO:colcon.colcon_core.package_discovery:Crawling recursively for packages in '/home/gusti/FinalProjectBayucaraka24/src'
[2.363s] Level 1:colcon.colcon_core.package_identification:_identify(.) by extensions ['ignore', 'ignore_ament_install']
[2.363s] Level 1:colcon.colcon_core.package_identification:_identify(.) by extension 'ignore'
[2.363s] Level 1:colcon.colcon_core.package_identification:_identify(.) by extension 'ignore_ament_install'
[2.363s] Level 1:colcon.colcon_core.package_identification:_identify(.) by extensions ['colcon_pkg']
[2.363s] Level 1:colcon.colcon_core.package_identification:_identify(.) by extension 'colcon_pkg'
[2.363s] Level 1:colcon.colcon_core.package_identification:_identify(.) by extensions ['colcon_meta']
[2.364s] Level 1:colcon.colcon_core.package_identification:_identify(.) by extension 'colcon_meta'
[2.364s] Level 1:colcon.colcon_core.package_identification:_identify(.) by extensions ['ros']
[2.364s] Level 1:colcon.colcon_core.package_identification:_identify(.) by extension 'ros'
[2.376s] Level 1:colcon.colcon_core.package_identification:_identify(.) by extensions ['cmake', 'python']
[2.376s] Level 1:colcon.colcon_core.package_identification:_identify(.) by extension 'cmake'
[2.376s] Level 1:colcon.colcon_core.package_identification:_identify(.) by extension 'python'
[2.376s] Level 1:colcon.colcon_core.package_identification:_identify(.) by extensions ['python_setup_py']
[2.376s] Level 1:colcon.colcon_core.package_identification:_identify(.) by extension 'python_setup_py'
[2.376s] Level 1:colcon.colcon_core.package_identification:_identify(build) by extensions ['ignore', 'ignore_ament_install']
[2.376s] Level 1:colcon.colcon_core.package_identification:_identify(build) by extension 'ignore'
[2.376s] Level 1:colcon.colcon_core.package_identification:_identify(build) ignored
[2.376s] Level 1:colcon.colcon_core.package_identification:_identify(control) by extensions ['ignore', 'ignore_ament_install']
[2.376s] Level 1:colcon.colcon_core.package_identification:_identify(control) by extension 'ignore'
[2.376s] Level 1:colcon.colcon_core.package_identification:_identify(control) by extension 'ignore_ament_install'
[2.377s] Level 1:colcon.colcon_core.package_identification:_identify(control) by extensions ['colcon_pkg']
[2.377s] Level 1:colcon.colcon_core.package_identification:_identify(control) by extension 'colcon_pkg'
[2.377s] Level 1:colcon.colcon_core.package_identification:_identify(control) by extensions ['colcon_meta']
[2.377s] Level 1:colcon.colcon_core.package_identification:_identify(control) by extension 'colcon_meta'
[2.377s] Level 1:colcon.colcon_core.package_identification:_identify(control) by extensions ['ros']
[2.377s] Level 1:colcon.colcon_core.package_identification:_identify(control) by extension 'ros'
[2.379s] DEBUG:colcon.colcon_core.package_identification:Package 'control' with type 'ros.ament_cmake' and name 'control'
[2.379s] Level 1:colcon.colcon_core.package_identification:_identify(griddata) by extensions ['ignore', 'ignore_ament_install']
[2.380s] Level 1:colcon.colcon_core.package_identification:_identify(griddata) by extension 'ignore'
[2.380s] Level 1:colcon.colcon_core.package_identification:_identify(griddata) by extension 'ignore_ament_install'
[2.380s] Level 1:colcon.colcon_core.package_identification:_identify(griddata) by extensions ['colcon_pkg']
[2.380s] Level 1:colcon.colcon_core.package_identification:_identify(griddata) by extension 'colcon_pkg'
[2.380s] Level 1:colcon.colcon_core.package_identification:_identify(griddata) by extensions ['colcon_meta']
[2.380s] Level 1:colcon.colcon_core.package_identification:_identify(griddata) by extension 'colcon_meta'
[2.380s] Level 1:colcon.colcon_core.package_identification:_identify(griddata) by extensions ['ros']
[2.380s] Level 1:colcon.colcon_core.package_identification:_identify(griddata) by extension 'ros'
[2.380s] DEBUG:colcon.colcon_core.package_identification:Package 'griddata' with type 'ros.ament_cmake' and name 'griddata'
[2.381s] Level 1:colcon.colcon_core.package_identification:_identify(install) by extensions ['ignore', 'ignore_ament_install']
[2.381s] Level 1:colcon.colcon_core.package_identification:_identify(install) by extension 'ignore'
[2.381s] Level 1:colcon.colcon_core.package_identification:_identify(install) ignored
[2.381s] Level 1:colcon.colcon_core.package_identification:_identify(log) by extensions ['ignore', 'ignore_ament_install']
[2.381s] Level 1:colcon.colcon_core.package_identification:_identify(log) by extension 'ignore'
[2.381s] Level 1:colcon.colcon_core.package_identification:_identify(log) ignored
[2.381s] Level 1:colcon.colcon_core.package_identification:_identify(vision) by extensions ['ignore', 'ignore_ament_install']
[2.381s] Level 1:colcon.colcon_core.package_identification:_identify(vision) by extension 'ignore'
[2.381s] Level 1:colcon.colcon_core.package_identification:_identify(vision) by extension 'ignore_ament_install'
[2.381s] Level 1:colcon.colcon_core.package_identification:_identify(vision) by extensions ['colcon_pkg']
[2.381s] Level 1:colcon.colcon_core.package_identification:_identify(vision) by extension 'colcon_pkg'
[2.381s] Level 1:colcon.colcon_core.package_identification:_identify(vision) by extensions ['colcon_meta']
[2.382s] Level 1:colcon.colcon_core.package_identification:_identify(vision) by extension 'colcon_meta'
[2.382s] Level 1:colcon.colcon_core.package_identification:_identify(vision) by extensions ['ros']
[2.382s] Level 1:colcon.colcon_core.package_identification:_identify(vision) by extension 'ros'
[2.383s] DEBUG:colcon.colcon_core.package_identification:Package 'vision' with type 'ros.ament_python' and name 'vision'
[2.383s] Level 1:colcon.colcon_core.package_discovery:discover_packages(recursive) using defaults
[2.383s] Level 1:colcon.colcon_core.package_discovery:discover_packages(ignore) discover
[2.383s] Level 1:colcon.colcon_core.package_discovery:discover_packages(ignore) using defaults
[2.383s] Level 1:colcon.colcon_core.package_discovery:discover_packages(path) discover
[2.383s] Level 1:colcon.colcon_core.package_discovery:discover_packages(path) using defaults
[2.540s] INFO:colcon.colcon_core.package_selection:Skipping not selected package 'griddata' in 'griddata'
[2.540s] INFO:colcon.colcon_core.package_selection:Skipping not selected package 'vision' in 'vision'
[2.625s] Level 1:colcon.colcon_core.package_discovery:discover_packages(prefix_path) check parameters
[2.625s] Level 1:colcon.colcon_core.package_discovery:discover_packages(prefix_path) discover
[2.711s] DEBUG:colcon.colcon_installed_package_information.package_discovery:Found 3 installed packages in /home/gusti/FinalProjectBayucaraka24/src/install
[2.754s] DEBUG:colcon.colcon_installed_package_information.package_discovery:Found 256 installed packages in /opt/ros/foxy
[2.755s] Level 1:colcon.colcon_core.package_discovery:discover_packages(prefix_path) using defaults
[2.931s] Level 5:colcon.colcon_core.verb:set package 'control' build argument 'cmake_args' from command line to 'None'
[2.931s] Level 5:colcon.colcon_core.verb:set package 'control' build argument 'cmake_target' from command line to 'None'
[2.931s] Level 5:colcon.colcon_core.verb:set package 'control' build argument 'cmake_target_skip_unavailable' from command line to 'False'
[2.931s] Level 5:colcon.colcon_core.verb:set package 'control' build argument 'cmake_clean_cache' from command line to 'False'
[2.931s] Level 5:colcon.colcon_core.verb:set package 'control' build argument 'cmake_clean_first' from command line to 'False'
[2.931s] Level 5:colcon.colcon_core.verb:set package 'control' build argument 'cmake_force_configure' from command line to 'False'
[2.931s] Level 5:colcon.colcon_core.verb:set package 'control' build argument 'ament_cmake_args' from command line to 'None'
[2.931s] Level 5:colcon.colcon_core.verb:set package 'control' build argument 'catkin_cmake_args' from command line to 'None'
[2.931s] Level 5:colcon.colcon_core.verb:set package 'control' build argument 'catkin_skip_building_tests' from command line to 'False'
[2.931s] DEBUG:colcon.colcon_core.verb:Building package 'control' with the following arguments: {'ament_cmake_args': None, 'build_base': '/home/gusti/FinalProjectBayucaraka24/src/build/control', 'catkin_cmake_args': None, 'catkin_skip_building_tests': False, 'cmake_args': None, 'cmake_clean_cache': False, 'cmake_clean_first': False, 'cmake_force_configure': False, 'cmake_target': None, 'cmake_target_skip_unavailable': False, 'install_base': '/home/gusti/FinalProjectBayucaraka24/src/install/control', 'merge_install': False, 'path': '/home/gusti/FinalProjectBayucaraka24/src/control', 'symlink_install': False, 'test_result_base': None}
[2.977s] INFO:colcon.colcon_core.executor:Executing jobs using 'parallel' executor
[3.028s] DEBUG:colcon.colcon_parallel_executor.executor.parallel:run_until_complete
[3.028s] INFO:colcon.colcon_ros.task.ament_cmake.build:Building ROS package in '/home/gusti/FinalProjectBayucaraka24/src/control' with build type 'ament_cmake'
[3.028s] INFO:colcon.colcon_cmake.task.cmake.build:Building CMake package in '/home/gusti/FinalProjectBayucaraka24/src/control'
[3.076s] INFO:colcon.colcon_core.plugin_system:Skipping extension 'colcon_core.shell.bat': Not used on non-Windows systems
[3.076s] INFO:colcon.colcon_core.shell:Skip shell extension 'powershell' for command environment: Not usable outside of PowerShell
[3.076s] DEBUG:colcon.colcon_core.shell:Skip shell extension 'dsv' for command environment
[3.226s] DEBUG:colcon.colcon_core.event_handler.log_command:Invoking command in '/home/gusti/FinalProjectBayucaraka24/src/build/control': CMAKE_PREFIX_PATH=${CMAKE_PREFIX_PATH}:/home/gusti/FinalProjectBayucaraka24/src/install/vision:/opt/ros/foxy /usr/local/bin/cmake /home/gusti/FinalProjectBayucaraka24/src/control -DCMAKE_INSTALL_PREFIX=/home/gusti/FinalProjectBayucaraka24/src/install/control
[3.909s] DEBUG:colcon.colcon_core.event_handler.log_command:Invoked command in '/home/gusti/FinalProjectBayucaraka24/src/build/control' returned '0': CMAKE_PREFIX_PATH=${CMAKE_PREFIX_PATH}:/home/gusti/FinalProjectBayucaraka24/src/install/vision:/opt/ros/foxy /usr/local/bin/cmake /home/gusti/FinalProjectBayucaraka24/src/control -DCMAKE_INSTALL_PREFIX=/home/gusti/FinalProjectBayucaraka24/src/install/control
[3.911s] DEBUG:colcon.colcon_core.event_handler.log_command:Invoking command in '/home/gusti/FinalProjectBayucaraka24/src/build/control': CMAKE_PREFIX_PATH=${CMAKE_PREFIX_PATH}:/home/gusti/FinalProjectBayucaraka24/src/install/vision:/opt/ros/foxy /usr/local/bin/cmake --build /home/gusti/FinalProjectBayucaraka24/src/build/control -- -j8 -l8
[4.035s] DEBUG:colcon.colcon_core.event_handler.log_command:Invoked command in '/home/gusti/FinalProjectBayucaraka24/src/build/control' returned '2': CMAKE_PREFIX_PATH=${CMAKE_PREFIX_PATH}:/home/gusti/FinalProjectBayucaraka24/src/install/vision:/opt/ros/foxy /usr/local/bin/cmake --build /home/gusti/FinalProjectBayucaraka24/src/build/control -- -j8 -l8
[4.107s] Level 1:colcon.colcon_core.environment:create_environment_scripts_only(control)
[4.156s] Level 1:colcon.colcon_core.environment:checking '/home/gusti/FinalProjectBayucaraka24/src/install/control' for CMake module files
[4.156s] Level 1:colcon.colcon_core.environment:checking '/home/gusti/FinalProjectBayucaraka24/src/install/control' for CMake config files
[4.156s] Level 1:colcon.colcon_core.environment:checking '/home/gusti/FinalProjectBayucaraka24/src/install/control/bin'
[4.157s] Level 1:colcon.colcon_core.environment:checking '/home/gusti/FinalProjectBayucaraka24/src/install/control/lib/pkgconfig/control.pc'
[4.157s] Level 1:colcon.colcon_core.environment:checking '/home/gusti/FinalProjectBayucaraka24/src/install/control/lib/python3.8/site-packages'
[4.157s] Level 1:colcon.colcon_core.environment:checking '/home/gusti/FinalProjectBayucaraka24/src/install/control/bin'
[4.200s] INFO:colcon.colcon_core.shell:Creating package script '/home/gusti/FinalProjectBayucaraka24/src/install/control/share/control/package.ps1'
[4.201s] INFO:colcon.colcon_core.shell:Creating package descriptor '/home/gusti/FinalProjectBayucaraka24/src/install/control/share/control/package.dsv'
[4.202s] INFO:colcon.colcon_core.shell:Creating package script '/home/gusti/FinalProjectBayucaraka24/src/install/control/share/control/package.sh'
[4.202s] INFO:colcon.colcon_core.shell:Creating package script '/home/gusti/FinalProjectBayucaraka24/src/install/control/share/control/package.bash'
[4.203s] INFO:colcon.colcon_core.shell:Creating package script '/home/gusti/FinalProjectBayucaraka24/src/install/control/share/control/package.zsh'
[4.204s] Level 1:colcon.colcon_core.environment:create_file_with_runtime_dependencies(/home/gusti/FinalProjectBayucaraka24/src/install/control/share/colcon-core/packages/control)
[4.214s] DEBUG:colcon.colcon_parallel_executor.executor.parallel:closing loop
[4.215s] DEBUG:colcon.colcon_parallel_executor.executor.parallel:loop closed
[4.215s] DEBUG:colcon.colcon_parallel_executor.executor.parallel:run_until_complete finished with '2'
[4.215s] DEBUG:colcon.colcon_core.event_reactor:joining thread
[4.267s] INFO:colcon.colcon_core.plugin_system:Skipping extension 'colcon_notification.desktop_notification.terminal_notifier': Not used on non-Darwin systems
[4.267s] INFO:colcon.colcon_core.plugin_system:Skipping extension 'colcon_notification.desktop_notification.win32': Not used on non-Windows systems
[4.267s] INFO:colcon.colcon_notification.desktop_notification:Sending desktop notification using 'notify2'
[4.280s] DEBUG:colcon.colcon_core.event_reactor:joined thread
[4.328s] INFO:colcon.colcon_core.shell:Creating prefix script '/home/gusti/FinalProjectBayucaraka24/src/install/local_setup.ps1'
[4.329s] INFO:colcon.colcon_core.shell:Creating prefix util module '/home/gusti/FinalProjectBayucaraka24/src/install/_local_setup_util_ps1.py'
[4.330s] INFO:colcon.colcon_core.shell:Creating prefix chain script '/home/gusti/FinalProjectBayucaraka24/src/install/setup.ps1'
[4.374s] INFO:colcon.colcon_core.shell:Creating prefix script '/home/gusti/FinalProjectBayucaraka24/src/install/local_setup.sh'
[4.374s] INFO:colcon.colcon_core.shell:Creating prefix util module '/home/gusti/FinalProjectBayucaraka24/src/install/_local_setup_util_sh.py'
[4.375s] INFO:colcon.colcon_core.shell:Creating prefix chain script '/home/gusti/FinalProjectBayucaraka24/src/install/setup.sh'
[4.413s] INFO:colcon.colcon_core.shell:Creating prefix script '/home/gusti/FinalProjectBayucaraka24/src/install/local_setup.bash'
[4.414s] INFO:colcon.colcon_core.shell:Creating prefix chain script '/home/gusti/FinalProjectBayucaraka24/src/install/setup.bash'
[4.459s] INFO:colcon.colcon_core.shell:Creating prefix script '/home/gusti/FinalProjectBayucaraka24/src/install/local_setup.zsh'
[4.460s] INFO:colcon.colcon_core.shell:Creating prefix chain script '/home/gusti/FinalProjectBayucaraka24/src/install/setup.zsh'
