[ 50%] [32mBuilding CXX object CMakeFiles/control.dir/src/control.cpp.o[0m
[100%] [32m[1mLinking CXX executable control[0m
[100%] Built target control
-- Install configuration: ""
-- Installing: /home/gusti/FinalProjectBayucaraka24/src/install/control/lib/control/control
-- Set non-toolchain portion of runtime path of "/home/gusti/FinalProjectBayucaraka24/src/install/control/lib/control/control" to ""
-- Up-to-date: /home/gusti/FinalProjectBayucaraka24/src/install/control/share/ament_index/resource_index/package_run_dependencies/control
-- Up-to-date: /home/gusti/FinalProjectBayucaraka24/src/install/control/share/ament_index/resource_index/parent_prefix_path/control
-- Up-to-date: /home/gusti/FinalProjectBayucaraka24/src/install/control/share/control/environment/ament_prefix_path.sh
-- Up-to-date: /home/gusti/FinalProjectBayucaraka24/src/install/control/share/control/environment/ament_prefix_path.dsv
-- Up-to-date: /home/gusti/FinalProjectBayucaraka24/src/install/control/share/control/environment/path.sh
-- Up-to-date: /home/gusti/FinalProjectBayucaraka24/src/install/control/share/control/environment/path.dsv
-- Up-to-date: /home/gusti/FinalProjectBayucaraka24/src/install/control/share/control/local_setup.bash
-- Up-to-date: /home/gusti/FinalProjectBayucaraka24/src/install/control/share/control/local_setup.sh
-- Up-to-date: /home/gusti/FinalProjectBayucaraka24/src/install/control/share/control/local_setup.zsh
-- Up-to-date: /home/gusti/FinalProjectBayucaraka24/src/install/control/share/control/local_setup.dsv
-- Installing: /home/gusti/FinalProjectBayucaraka24/src/install/control/share/control/package.dsv
-- Up-to-date: /home/gusti/FinalProjectBayucaraka24/src/install/control/share/ament_index/resource_index/packages/control
-- Up-to-date: /home/gusti/FinalProjectBayucaraka24/src/install/control/share/control/cmake/controlConfig.cmake
-- Up-to-date: /home/gusti/FinalProjectBayucaraka24/src/install/control/share/control/cmake/controlConfig-version.cmake
-- Up-to-date: /home/gusti/FinalProjectBayucaraka24/src/install/control/share/control/package.xml
