[2.632s] DEBUG:colcon:Command line arguments: ['/usr/bin/colcon', 'build', '--packages-select', 'vision']
[2.632s] DEBUG:colcon:Parsed command line arguments: Namespace(allow_overriding=[], ament_cmake_args=None, base_paths=['.'], build_base='build', catkin_cmake_args=None, catkin_skip_building_tests=False, cmake_args=None, cmake_clean_cache=False, cmake_clean_first=False, cmake_force_configure=False, cmake_target=None, cmake_target_skip_unavailable=False, continue_on_error=False, event_handlers=None, executor='parallel', ignore_user_meta=False, install_base='install', log_base=None, log_level=None, main=<bound method BuildVerb.main of <colcon_core.verb.build.BuildVerb object at 0x7f19e86fa790>>, merge_install=False, metas=['./colcon.meta'], packages_above=None, packages_above_and_dependencies=None, packages_above_depth=None, packages_end=None, packages_ignore=None, packages_ignore_regex=None, packages_select=['vision'], packages_select_build_failed=False, packages_select_by_dep=None, packages_select_regex=None, packages_select_test_failures=False, packages_skip=None, packages_skip_build_finished=False, packages_skip_by_dep=None, packages_skip_regex=None, packages_skip_test_passed=False, packages_skip_up_to=None, packages_start=None, packages_up_to=None, packages_up_to_regex=None, parallel_workers=8, paths=None, symlink_install=False, test_result_base=None, verb_extension=<colcon_core.verb.build.BuildVerb object at 0x7f19e86fa790>, verb_name='build', verb_parser=<colcon_defaults.argument_parser.defaults.DefaultArgumentsDecorator object at 0x7f19e839ecd0>)
[2.751s] Level 1:colcon.colcon_core.package_discovery:discover_packages(colcon_meta) check parameters
[2.751s] Level 1:colcon.colcon_core.package_discovery:discover_packages(recursive) check parameters
[2.751s] Level 1:colcon.colcon_core.package_discovery:discover_packages(ignore) check parameters
[2.751s] Level 1:colcon.colcon_core.package_discovery:discover_packages(path) check parameters
[2.751s] Level 1:colcon.colcon_core.package_discovery:discover_packages(colcon_meta) discover
[2.751s] Level 1:colcon.colcon_core.package_discovery:discover_packages(recursive) discover
[2.752s] INFO:colcon.colcon_core.package_discovery:Crawling recursively for packages in '/home/gusti/FinalProjectBayucaraka24/src'
[2.752s] Level 1:colcon.colcon_core.package_identification:_identify(.) by extensions ['ignore', 'ignore_ament_install']
[2.752s] Level 1:colcon.colcon_core.package_identification:_identify(.) by extension 'ignore'
[2.752s] Level 1:colcon.colcon_core.package_identification:_identify(.) by extension 'ignore_ament_install'
[2.752s] Level 1:colcon.colcon_core.package_identification:_identify(.) by extensions ['colcon_pkg']
[2.752s] Level 1:colcon.colcon_core.package_identification:_identify(.) by extension 'colcon_pkg'
[2.752s] Level 1:colcon.colcon_core.package_identification:_identify(.) by extensions ['colcon_meta']
[2.752s] Level 1:colcon.colcon_core.package_identification:_identify(.) by extension 'colcon_meta'
[2.752s] Level 1:colcon.colcon_core.package_identification:_identify(.) by extensions ['ros']
[2.752s] Level 1:colcon.colcon_core.package_identification:_identify(.) by extension 'ros'
[2.764s] Level 1:colcon.colcon_core.package_identification:_identify(.) by extensions ['cmake', 'python']
[2.764s] Level 1:colcon.colcon_core.package_identification:_identify(.) by extension 'cmake'
[2.764s] Level 1:colcon.colcon_core.package_identification:_identify(.) by extension 'python'
[2.764s] Level 1:colcon.colcon_core.package_identification:_identify(.) by extensions ['python_setup_py']
[2.764s] Level 1:colcon.colcon_core.package_identification:_identify(.) by extension 'python_setup_py'
[2.764s] Level 1:colcon.colcon_core.package_identification:_identify(build) by extensions ['ignore', 'ignore_ament_install']
[2.764s] Level 1:colcon.colcon_core.package_identification:_identify(build) by extension 'ignore'
[2.765s] Level 1:colcon.colcon_core.package_identification:_identify(build) ignored
[2.765s] Level 1:colcon.colcon_core.package_identification:_identify(control) by extensions ['ignore', 'ignore_ament_install']
[2.765s] Level 1:colcon.colcon_core.package_identification:_identify(control) by extension 'ignore'
[2.765s] Level 1:colcon.colcon_core.package_identification:_identify(control) by extension 'ignore_ament_install'
[2.765s] Level 1:colcon.colcon_core.package_identification:_identify(control) by extensions ['colcon_pkg']
[2.765s] Level 1:colcon.colcon_core.package_identification:_identify(control) by extension 'colcon_pkg'
[2.765s] Level 1:colcon.colcon_core.package_identification:_identify(control) by extensions ['colcon_meta']
[2.765s] Level 1:colcon.colcon_core.package_identification:_identify(control) by extension 'colcon_meta'
[2.765s] Level 1:colcon.colcon_core.package_identification:_identify(control) by extensions ['ros']
[2.765s] Level 1:colcon.colcon_core.package_identification:_identify(control) by extension 'ros'
[2.768s] DEBUG:colcon.colcon_core.package_identification:Package 'control' with type 'ros.ament_cmake' and name 'control'
[2.768s] Level 1:colcon.colcon_core.package_identification:_identify(griddata) by extensions ['ignore', 'ignore_ament_install']
[2.768s] Level 1:colcon.colcon_core.package_identification:_identify(griddata) by extension 'ignore'
[2.768s] Level 1:colcon.colcon_core.package_identification:_identify(griddata) by extension 'ignore_ament_install'
[2.768s] Level 1:colcon.colcon_core.package_identification:_identify(griddata) by extensions ['colcon_pkg']
[2.768s] Level 1:colcon.colcon_core.package_identification:_identify(griddata) by extension 'colcon_pkg'
[2.768s] Level 1:colcon.colcon_core.package_identification:_identify(griddata) by extensions ['colcon_meta']
[2.768s] Level 1:colcon.colcon_core.package_identification:_identify(griddata) by extension 'colcon_meta'
[2.768s] Level 1:colcon.colcon_core.package_identification:_identify(griddata) by extensions ['ros']
[2.768s] Level 1:colcon.colcon_core.package_identification:_identify(griddata) by extension 'ros'
[2.769s] DEBUG:colcon.colcon_core.package_identification:Package 'griddata' with type 'ros.ament_cmake' and name 'griddata'
[2.769s] Level 1:colcon.colcon_core.package_identification:_identify(install) by extensions ['ignore', 'ignore_ament_install']
[2.769s] Level 1:colcon.colcon_core.package_identification:_identify(install) by extension 'ignore'
[2.769s] Level 1:colcon.colcon_core.package_identification:_identify(install) ignored
[2.769s] Level 1:colcon.colcon_core.package_identification:_identify(log) by extensions ['ignore', 'ignore_ament_install']
[2.769s] Level 1:colcon.colcon_core.package_identification:_identify(log) by extension 'ignore'
[2.769s] Level 1:colcon.colcon_core.package_identification:_identify(log) ignored
[2.769s] Level 1:colcon.colcon_core.package_identification:_identify(vision) by extensions ['ignore', 'ignore_ament_install']
[2.769s] Level 1:colcon.colcon_core.package_identification:_identify(vision) by extension 'ignore'
[2.769s] Level 1:colcon.colcon_core.package_identification:_identify(vision) by extension 'ignore_ament_install'
[2.769s] Level 1:colcon.colcon_core.package_identification:_identify(vision) by extensions ['colcon_pkg']
[2.769s] Level 1:colcon.colcon_core.package_identification:_identify(vision) by extension 'colcon_pkg'
[2.770s] Level 1:colcon.colcon_core.package_identification:_identify(vision) by extensions ['colcon_meta']
[2.770s] Level 1:colcon.colcon_core.package_identification:_identify(vision) by extension 'colcon_meta'
[2.770s] Level 1:colcon.colcon_core.package_identification:_identify(vision) by extensions ['ros']
[2.770s] Level 1:colcon.colcon_core.package_identification:_identify(vision) by extension 'ros'
[2.770s] DEBUG:colcon.colcon_core.package_identification:Package 'vision' with type 'ros.ament_python' and name 'vision'
[2.770s] Level 1:colcon.colcon_core.package_discovery:discover_packages(recursive) using defaults
[2.771s] Level 1:colcon.colcon_core.package_discovery:discover_packages(ignore) discover
[2.771s] Level 1:colcon.colcon_core.package_discovery:discover_packages(ignore) using defaults
[2.771s] Level 1:colcon.colcon_core.package_discovery:discover_packages(path) discover
[2.771s] Level 1:colcon.colcon_core.package_discovery:discover_packages(path) using defaults
[2.920s] INFO:colcon.colcon_core.package_selection:Skipping not selected package 'control' in 'control'
[2.920s] INFO:colcon.colcon_core.package_selection:Skipping not selected package 'griddata' in 'griddata'
[3.007s] Level 1:colcon.colcon_core.package_discovery:discover_packages(prefix_path) check parameters
[3.007s] Level 1:colcon.colcon_core.package_discovery:discover_packages(prefix_path) discover
[3.096s] DEBUG:colcon.colcon_installed_package_information.package_discovery:Found 3 installed packages in /home/gusti/FinalProjectBayucaraka24/src/install
[3.139s] DEBUG:colcon.colcon_installed_package_information.package_discovery:Found 3 installed packages in /home/gusti/FinalProjectBayucaraka24/install
[3.182s] DEBUG:colcon.colcon_installed_package_information.package_discovery:Found 256 installed packages in /opt/ros/foxy
[3.183s] Level 1:colcon.colcon_core.package_discovery:discover_packages(prefix_path) using defaults
[3.370s] Level 5:colcon.colcon_core.verb:set package 'vision' build argument 'cmake_args' from command line to 'None'
[3.370s] Level 5:colcon.colcon_core.verb:set package 'vision' build argument 'cmake_target' from command line to 'None'
[3.370s] Level 5:colcon.colcon_core.verb:set package 'vision' build argument 'cmake_target_skip_unavailable' from command line to 'False'
[3.370s] Level 5:colcon.colcon_core.verb:set package 'vision' build argument 'cmake_clean_cache' from command line to 'False'
[3.370s] Level 5:colcon.colcon_core.verb:set package 'vision' build argument 'cmake_clean_first' from command line to 'False'
[3.370s] Level 5:colcon.colcon_core.verb:set package 'vision' build argument 'cmake_force_configure' from command line to 'False'
[3.370s] Level 5:colcon.colcon_core.verb:set package 'vision' build argument 'ament_cmake_args' from command line to 'None'
[3.370s] Level 5:colcon.colcon_core.verb:set package 'vision' build argument 'catkin_cmake_args' from command line to 'None'
[3.370s] Level 5:colcon.colcon_core.verb:set package 'vision' build argument 'catkin_skip_building_tests' from command line to 'False'
[3.370s] DEBUG:colcon.colcon_core.verb:Building package 'vision' with the following arguments: {'ament_cmake_args': None, 'build_base': '/home/gusti/FinalProjectBayucaraka24/src/build/vision', 'catkin_cmake_args': None, 'catkin_skip_building_tests': False, 'cmake_args': None, 'cmake_clean_cache': False, 'cmake_clean_first': False, 'cmake_force_configure': False, 'cmake_target': None, 'cmake_target_skip_unavailable': False, 'install_base': '/home/gusti/FinalProjectBayucaraka24/src/install/vision', 'merge_install': False, 'path': '/home/gusti/FinalProjectBayucaraka24/src/vision', 'symlink_install': False, 'test_result_base': None}
[3.414s] INFO:colcon.colcon_core.executor:Executing jobs using 'parallel' executor
[3.457s] DEBUG:colcon.colcon_parallel_executor.executor.parallel:run_until_complete
[3.457s] INFO:colcon.colcon_ros.task.ament_python.build:Building ROS package in '/home/gusti/FinalProjectBayucaraka24/src/vision' with build type 'ament_python'
[3.457s] Level 1:colcon.colcon_core.shell:create_environment_hook('vision', 'ament_prefix_path')
[3.503s] INFO:colcon.colcon_core.plugin_system:Skipping extension 'colcon_core.shell.bat': Not used on non-Windows systems
[3.503s] INFO:colcon.colcon_core.shell:Creating environment hook '/home/gusti/FinalProjectBayucaraka24/src/install/vision/share/vision/hook/ament_prefix_path.ps1'
[3.504s] INFO:colcon.colcon_core.shell:Creating environment descriptor '/home/gusti/FinalProjectBayucaraka24/src/install/vision/share/vision/hook/ament_prefix_path.dsv'
[3.504s] INFO:colcon.colcon_core.shell:Creating environment hook '/home/gusti/FinalProjectBayucaraka24/src/install/vision/share/vision/hook/ament_prefix_path.sh'
[3.549s] INFO:colcon.colcon_core.shell:Skip shell extension 'powershell' for command environment: Not usable outside of PowerShell
[3.549s] DEBUG:colcon.colcon_core.shell:Skip shell extension 'dsv' for command environment
[3.989s] INFO:colcon.colcon_core.task.python.build:Building Python package in '/home/gusti/FinalProjectBayucaraka24/src/vision'
[4.037s] INFO:colcon.colcon_core.shell:Skip shell extension 'powershell' for command environment: Not usable outside of PowerShell
[4.037s] DEBUG:colcon.colcon_core.shell:Skip shell extension 'dsv' for command environment
[4.633s] DEBUG:colcon.colcon_core.event_handler.log_command:Invoking command in '/home/gusti/FinalProjectBayucaraka24/src/vision': PYTHONPATH=/home/gusti/FinalProjectBayucaraka24/src/build/vision/prefix_override:/home/gusti/FinalProjectBayucaraka24/src/install/vision/lib/python3.8/site-packages:${PYTHONPATH} /usr/bin/python3 setup.py egg_info --egg-base ../build/vision build --build-base /home/gusti/FinalProjectBayucaraka24/src/build/vision/build install --record /home/gusti/FinalProjectBayucaraka24/src/build/vision/install.log --install-scripts $base/lib/vision --single-version-externally-managed
[4.966s] DEBUG:colcon.colcon_core.event_handler.log_command:Invoked command in '/home/gusti/FinalProjectBayucaraka24/src/vision' returned '0': PYTHONPATH=/home/gusti/FinalProjectBayucaraka24/src/build/vision/prefix_override:/home/gusti/FinalProjectBayucaraka24/src/install/vision/lib/python3.8/site-packages:${PYTHONPATH} /usr/bin/python3 setup.py egg_info --egg-base ../build/vision build --build-base /home/gusti/FinalProjectBayucaraka24/src/build/vision/build install --record /home/gusti/FinalProjectBayucaraka24/src/build/vision/install.log --install-scripts $base/lib/vision --single-version-externally-managed
[5.016s] Level 1:colcon.colcon_core.environment:checking '/home/gusti/FinalProjectBayucaraka24/src/install/vision' for CMake module files
[5.017s] Level 1:colcon.colcon_core.environment:checking '/home/gusti/FinalProjectBayucaraka24/src/install/vision' for CMake config files
[5.017s] Level 1:colcon.colcon_core.environment:checking '/home/gusti/FinalProjectBayucaraka24/src/install/vision/lib'
[5.018s] Level 1:colcon.colcon_core.environment:checking '/home/gusti/FinalProjectBayucaraka24/src/install/vision/bin'
[5.018s] Level 1:colcon.colcon_core.environment:checking '/home/gusti/FinalProjectBayucaraka24/src/install/vision/lib/pkgconfig/vision.pc'
[5.018s] Level 1:colcon.colcon_core.environment:checking '/home/gusti/FinalProjectBayucaraka24/src/install/vision/lib/python3.8/site-packages'
[5.018s] Level 1:colcon.colcon_core.shell:create_environment_hook('vision', 'pythonpath')
[5.064s] INFO:colcon.colcon_core.shell:Creating environment hook '/home/gusti/FinalProjectBayucaraka24/src/install/vision/share/vision/hook/pythonpath.ps1'
[5.065s] INFO:colcon.colcon_core.shell:Creating environment descriptor '/home/gusti/FinalProjectBayucaraka24/src/install/vision/share/vision/hook/pythonpath.dsv'
[5.065s] INFO:colcon.colcon_core.shell:Creating environment hook '/home/gusti/FinalProjectBayucaraka24/src/install/vision/share/vision/hook/pythonpath.sh'
[5.066s] Level 1:colcon.colcon_core.environment:checking '/home/gusti/FinalProjectBayucaraka24/src/install/vision/bin'
[5.066s] Level 1:colcon.colcon_core.environment:create_environment_scripts_only(vision)
[5.112s] INFO:colcon.colcon_core.shell:Creating package script '/home/gusti/FinalProjectBayucaraka24/src/install/vision/share/vision/package.ps1'
[5.113s] INFO:colcon.colcon_core.shell:Creating package descriptor '/home/gusti/FinalProjectBayucaraka24/src/install/vision/share/vision/package.dsv'
[5.114s] INFO:colcon.colcon_core.shell:Creating package script '/home/gusti/FinalProjectBayucaraka24/src/install/vision/share/vision/package.sh'
[5.114s] INFO:colcon.colcon_core.shell:Creating package script '/home/gusti/FinalProjectBayucaraka24/src/install/vision/share/vision/package.bash'
[5.115s] INFO:colcon.colcon_core.shell:Creating package script '/home/gusti/FinalProjectBayucaraka24/src/install/vision/share/vision/package.zsh'
[5.116s] Level 1:colcon.colcon_core.environment:create_file_with_runtime_dependencies(/home/gusti/FinalProjectBayucaraka24/src/install/vision/share/colcon-core/packages/vision)
[5.116s] DEBUG:colcon.colcon_parallel_executor.executor.parallel:closing loop
[5.116s] DEBUG:colcon.colcon_parallel_executor.executor.parallel:loop closed
[5.116s] DEBUG:colcon.colcon_parallel_executor.executor.parallel:run_until_complete finished with '0'
[5.116s] DEBUG:colcon.colcon_core.event_reactor:joining thread
[5.168s] INFO:colcon.colcon_core.plugin_system:Skipping extension 'colcon_notification.desktop_notification.terminal_notifier': Not used on non-Darwin systems
[5.168s] INFO:colcon.colcon_core.plugin_system:Skipping extension 'colcon_notification.desktop_notification.win32': Not used on non-Windows systems
[5.168s] INFO:colcon.colcon_notification.desktop_notification:Sending desktop notification using 'notify2'
[5.184s] DEBUG:colcon.colcon_core.event_reactor:joined thread
[5.232s] INFO:colcon.colcon_core.shell:Creating prefix script '/home/gusti/FinalProjectBayucaraka24/src/install/local_setup.ps1'
[5.233s] INFO:colcon.colcon_core.shell:Creating prefix util module '/home/gusti/FinalProjectBayucaraka24/src/install/_local_setup_util_ps1.py'
[5.234s] INFO:colcon.colcon_core.shell:Creating prefix chain script '/home/gusti/FinalProjectBayucaraka24/src/install/setup.ps1'
[5.284s] INFO:colcon.colcon_core.shell:Creating prefix script '/home/gusti/FinalProjectBayucaraka24/src/install/local_setup.sh'
[5.284s] INFO:colcon.colcon_core.shell:Creating prefix util module '/home/gusti/FinalProjectBayucaraka24/src/install/_local_setup_util_sh.py'
[5.285s] INFO:colcon.colcon_core.shell:Creating prefix chain script '/home/gusti/FinalProjectBayucaraka24/src/install/setup.sh'
[5.334s] INFO:colcon.colcon_core.shell:Creating prefix script '/home/gusti/FinalProjectBayucaraka24/src/install/local_setup.bash'
[5.334s] INFO:colcon.colcon_core.shell:Creating prefix chain script '/home/gusti/FinalProjectBayucaraka24/src/install/setup.bash'
[5.386s] INFO:colcon.colcon_core.shell:Creating prefix script '/home/gusti/FinalProjectBayucaraka24/src/install/local_setup.zsh'
[5.387s] INFO:colcon.colcon_core.shell:Creating prefix chain script '/home/gusti/FinalProjectBayucaraka24/src/install/setup.zsh'
