[0.934s] Invoking command in '/home/gusti/FinalProjectBayucaraka24/src/vision': PYTHONPATH=/home/gusti/FinalProjectBayucaraka24/src/build/vision/prefix_override:/home/gusti/FinalProjectBayucaraka24/src/install/vision/lib/python3.8/site-packages:${PYTHONPATH} /usr/bin/python3 setup.py egg_info --egg-base ../build/vision build --build-base /home/gusti/FinalProjectBayucaraka24/src/build/vision/build install --record /home/gusti/FinalProjectBayucaraka24/src/build/vision/install.log --install-scripts $base/lib/vision --single-version-externally-managed
[1.131s] running egg_info
[1.131s] creating ../build/vision/vision.egg-info
[1.132s] writing ../build/vision/vision.egg-info/PKG-INFO
[1.132s] writing dependency_links to ../build/vision/vision.egg-info/dependency_links.txt
[1.132s] writing entry points to ../build/vision/vision.egg-info/entry_points.txt
[1.132s] writing requirements to ../build/vision/vision.egg-info/requires.txt
[1.132s] writing top-level names to ../build/vision/vision.egg-info/top_level.txt
[1.133s] writing manifest file '../build/vision/vision.egg-info/SOURCES.txt'
[1.169s] reading manifest file '../build/vision/vision.egg-info/SOURCES.txt'
[1.170s] writing manifest file '../build/vision/vision.egg-info/SOURCES.txt'
[1.170s] running build
[1.170s] running build_py
[1.170s] creating /home/gusti/FinalProjectBayucaraka24/src/build/vision/build
[1.170s] creating /home/gusti/FinalProjectBayucaraka24/src/build/vision/build/lib
[1.170s] creating /home/gusti/FinalProjectBayucaraka24/src/build/vision/build/lib/vision
[1.170s] copying vision/__init__.py -> /home/gusti/FinalProjectBayucaraka24/src/build/vision/build/lib/vision
[1.170s] copying vision/visioncam.py -> /home/gusti/FinalProjectBayucaraka24/src/build/vision/build/lib/vision
[1.170s] running install
[1.171s] running install_lib
[1.172s] creating /home/gusti/FinalProjectBayucaraka24/src/install/vision/lib/python3.8/site-packages/vision
[1.172s] copying /home/gusti/FinalProjectBayucaraka24/src/build/vision/build/lib/vision/__init__.py -> /home/gusti/FinalProjectBayucaraka24/src/install/vision/lib/python3.8/site-packages/vision
[1.172s] copying /home/gusti/FinalProjectBayucaraka24/src/build/vision/build/lib/vision/visioncam.py -> /home/gusti/FinalProjectBayucaraka24/src/install/vision/lib/python3.8/site-packages/vision
[1.172s] byte-compiling /home/gusti/FinalProjectBayucaraka24/src/install/vision/lib/python3.8/site-packages/vision/__init__.py to __init__.cpython-38.pyc
[1.173s] byte-compiling /home/gusti/FinalProjectBayucaraka24/src/install/vision/lib/python3.8/site-packages/vision/visioncam.py to visioncam.cpython-38.pyc
[1.175s] running install_data
[1.176s] creating /home/gusti/FinalProjectBayucaraka24/src/install/vision/share/ament_index
[1.176s] creating /home/gusti/FinalProjectBayucaraka24/src/install/vision/share/ament_index/resource_index
[1.176s] creating /home/gusti/FinalProjectBayucaraka24/src/install/vision/share/ament_index/resource_index/packages
[1.176s] copying resource/vision -> /home/gusti/FinalProjectBayucaraka24/src/install/vision/share/ament_index/resource_index/packages
[1.176s] copying package.xml -> /home/gusti/FinalProjectBayucaraka24/src/install/vision/share/vision
[1.176s] running install_egg_info
[1.178s] Copying ../build/vision/vision.egg-info to /home/gusti/FinalProjectBayucaraka24/src/install/vision/lib/python3.8/site-packages/vision-0.0.0-py3.8.egg-info
[1.178s] running install_scripts
[1.194s] Installing vision script to /home/gusti/FinalProjectBayucaraka24/src/install/vision/lib/vision
[1.194s] writing list of installed files to '/home/gusti/FinalProjectBayucaraka24/src/build/vision/install.log'
[1.213s] Invoked command in '/home/gusti/FinalProjectBayucaraka24/src/vision' returned '0': PYTHONPATH=/home/gusti/FinalProjectBayucaraka24/src/build/vision/prefix_override:/home/gusti/FinalProjectBayucaraka24/src/install/vision/lib/python3.8/site-packages:${PYTHONPATH} /usr/bin/python3 setup.py egg_info --egg-base ../build/vision build --build-base /home/gusti/FinalProjectBayucaraka24/src/build/vision/build install --record /home/gusti/FinalProjectBayucaraka24/src/build/vision/install.log --install-scripts $base/lib/vision --single-version-externally-managed
