[  3%] Built target griddata__cpp
[ 12%] Built target griddata__rosidl_generator_c
[ 22%] Built target griddata__rosidl_typesupport_c
[ 51%] Built target griddata__rosidl_typesupport_introspection_cpp
[ 51%] Built target griddata__rosidl_typesupport_introspection_c
[ 51%] Built target griddata__rosidl_typesupport_cpp
[ 61%] Built target griddata__rosidl_typesupport_fastrtps_cpp
[ 70%] Built target griddata__rosidl_typesupport_fastrtps_c
[ 70%] Built target griddata
[ 74%] Built target griddata__py
[ 80%] Built target griddata__python
[ 93%] Built target griddata__rosidl_typesupport_fastrtps_c__pyext
[ 93%] Built target griddata__rosidl_typesupport_introspection_c__pyext
[100%] Built target griddata__rosidl_typesupport_c__pyext
-- Install configuration: ""
-- Up-to-date: /home/gusti/FinalProjectBayucaraka24/src/install/griddata/share/ament_index/resource_index/rosidl_interfaces/griddata
-- Up-to-date: /home/gusti/FinalProjectBayucaraka24/src/install/griddata/include/griddata
-- Up-to-date: /home/gusti/FinalProjectBayucaraka24/src/install/griddata/include/griddata/msg
-- Up-to-date: /home/gusti/FinalProjectBayucaraka24/src/install/griddata/include/griddata/msg/rosidl_generator_c__visibility_control.h
-- Up-to-date: /home/gusti/FinalProjectBayucaraka24/src/install/griddata/include/griddata/msg/game_state.h
-- Up-to-date: /home/gusti/FinalProjectBayucaraka24/src/install/griddata/include/griddata/msg/detail
-- Up-to-date: /home/gusti/FinalProjectBayucaraka24/src/install/griddata/include/griddata/msg/detail/game_state__type_support.h
-- Up-to-date: /home/gusti/FinalProjectBayucaraka24/src/install/griddata/include/griddata/msg/detail/game_state__functions.h
-- Up-to-date: /home/gusti/FinalProjectBayucaraka24/src/install/griddata/include/griddata/msg/detail/game_state__struct.h
-- Up-to-date: /home/gusti/FinalProjectBayucaraka24/src/install/griddata/include/griddata/msg/detail/game_state__functions.c
-- Up-to-date: /home/gusti/FinalProjectBayucaraka24/src/install/griddata/share/griddata/environment/library_path.sh
-- Up-to-date: /home/gusti/FinalProjectBayucaraka24/src/install/griddata/share/griddata/environment/library_path.dsv
-- Up-to-date: /home/gusti/FinalProjectBayucaraka24/src/install/griddata/lib/libgriddata__rosidl_generator_c.so
-- Up-to-date: /home/gusti/FinalProjectBayucaraka24/src/install/griddata/include/griddata
-- Up-to-date: /home/gusti/FinalProjectBayucaraka24/src/install/griddata/include/griddata/msg
-- Up-to-date: /home/gusti/FinalProjectBayucaraka24/src/install/griddata/include/griddata/msg/rosidl_typesupport_fastrtps_c__visibility_control.h
-- Up-to-date: /home/gusti/FinalProjectBayucaraka24/src/install/griddata/include/griddata/msg/detail
-- Up-to-date: /home/gusti/FinalProjectBayucaraka24/src/install/griddata/include/griddata/msg/detail/game_state__rosidl_typesupport_fastrtps_c.h
-- Up-to-date: /home/gusti/FinalProjectBayucaraka24/src/install/griddata/lib/libgriddata__rosidl_typesupport_fastrtps_c.so
-- Up-to-date: /home/gusti/FinalProjectBayucaraka24/src/install/griddata/include/griddata
-- Up-to-date: /home/gusti/FinalProjectBayucaraka24/src/install/griddata/include/griddata/msg
-- Up-to-date: /home/gusti/FinalProjectBayucaraka24/src/install/griddata/include/griddata/msg/rosidl_typesupport_fastrtps_cpp__visibility_control.h
-- Up-to-date: /home/gusti/FinalProjectBayucaraka24/src/install/griddata/include/griddata/msg/detail
-- Up-to-date: /home/gusti/FinalProjectBayucaraka24/src/install/griddata/include/griddata/msg/detail/dds_fastrtps
-- Up-to-date: /home/gusti/FinalProjectBayucaraka24/src/install/griddata/include/griddata/msg/detail/game_state__rosidl_typesupport_fastrtps_cpp.hpp
-- Up-to-date: /home/gusti/FinalProjectBayucaraka24/src/install/griddata/lib/libgriddata__rosidl_typesupport_fastrtps_cpp.so
-- Up-to-date: /home/gusti/FinalProjectBayucaraka24/src/install/griddata/include/griddata
-- Up-to-date: /home/gusti/FinalProjectBayucaraka24/src/install/griddata/include/griddata/msg
-- Up-to-date: /home/gusti/FinalProjectBayucaraka24/src/install/griddata/include/griddata/msg/rosidl_typesupport_introspection_c__visibility_control.h
-- Up-to-date: /home/gusti/FinalProjectBayucaraka24/src/install/griddata/include/griddata/msg/detail
-- Up-to-date: /home/gusti/FinalProjectBayucaraka24/src/install/griddata/include/griddata/msg/detail/game_state__type_support.c
-- Up-to-date: /home/gusti/FinalProjectBayucaraka24/src/install/griddata/include/griddata/msg/detail/game_state__rosidl_typesupport_introspection_c.h
-- Up-to-date: /home/gusti/FinalProjectBayucaraka24/src/install/griddata/lib/libgriddata__rosidl_typesupport_introspection_c.so
-- Up-to-date: /home/gusti/FinalProjectBayucaraka24/src/install/griddata/lib/libgriddata__rosidl_typesupport_c.so
-- Up-to-date: /home/gusti/FinalProjectBayucaraka24/src/install/griddata/include/griddata
-- Up-to-date: /home/gusti/FinalProjectBayucaraka24/src/install/griddata/include/griddata/msg
-- Up-to-date: /home/gusti/FinalProjectBayucaraka24/src/install/griddata/include/griddata/msg/game_state.hpp
-- Up-to-date: /home/gusti/FinalProjectBayucaraka24/src/install/griddata/include/griddata/msg/rosidl_generator_cpp__visibility_control.hpp
-- Up-to-date: /home/gusti/FinalProjectBayucaraka24/src/install/griddata/include/griddata/msg/detail
-- Up-to-date: /home/gusti/FinalProjectBayucaraka24/src/install/griddata/include/griddata/msg/detail/game_state__type_support.hpp
-- Up-to-date: /home/gusti/FinalProjectBayucaraka24/src/install/griddata/include/griddata/msg/detail/game_state__traits.hpp
-- Up-to-date: /home/gusti/FinalProjectBayucaraka24/src/install/griddata/include/griddata/msg/detail/game_state__builder.hpp
-- Up-to-date: /home/gusti/FinalProjectBayucaraka24/src/install/griddata/include/griddata/msg/detail/game_state__struct.hpp
-- Up-to-date: /home/gusti/FinalProjectBayucaraka24/src/install/griddata/include/griddata
-- Up-to-date: /home/gusti/FinalProjectBayucaraka24/src/install/griddata/include/griddata/msg
-- Up-to-date: /home/gusti/FinalProjectBayucaraka24/src/install/griddata/include/griddata/msg/detail
-- Up-to-date: /home/gusti/FinalProjectBayucaraka24/src/install/griddata/include/griddata/msg/detail/game_state__type_support.cpp
-- Up-to-date: /home/gusti/FinalProjectBayucaraka24/src/install/griddata/include/griddata/msg/detail/game_state__rosidl_typesupport_introspection_cpp.hpp
-- Up-to-date: /home/gusti/FinalProjectBayucaraka24/src/install/griddata/lib/libgriddata__rosidl_typesupport_introspection_cpp.so
-- Up-to-date: /home/gusti/FinalProjectBayucaraka24/src/install/griddata/lib/libgriddata__rosidl_typesupport_cpp.so
-- Up-to-date: /home/gusti/FinalProjectBayucaraka24/src/install/griddata/share/griddata/environment/pythonpath.sh
-- Up-to-date: /home/gusti/FinalProjectBayucaraka24/src/install/griddata/share/griddata/environment/pythonpath.dsv
-- Up-to-date: /home/gusti/FinalProjectBayucaraka24/src/install/griddata/lib/python3.8/site-packages/griddata/__init__.py
-- Up-to-date: /home/gusti/FinalProjectBayucaraka24/src/install/griddata/lib/python3.8/site-packages/griddata/msg
-- Up-to-date: /home/gusti/FinalProjectBayucaraka24/src/install/griddata/lib/python3.8/site-packages/griddata/msg/_game_state.py
-- Up-to-date: /home/gusti/FinalProjectBayucaraka24/src/install/griddata/lib/python3.8/site-packages/griddata/msg/__init__.py
-- Up-to-date: /home/gusti/FinalProjectBayucaraka24/src/install/griddata/lib/python3.8/site-packages/griddata/msg/_game_state_s.c
-- Up-to-date: /home/gusti/FinalProjectBayucaraka24/src/install/griddata/lib/python3.8/site-packages/griddata/griddata_s__rosidl_typesupport_fastrtps_c.cpython-38-x86_64-linux-gnu.so
-- Up-to-date: /home/gusti/FinalProjectBayucaraka24/src/install/griddata/lib/python3.8/site-packages/griddata/griddata_s__rosidl_typesupport_introspection_c.cpython-38-x86_64-linux-gnu.so
-- Up-to-date: /home/gusti/FinalProjectBayucaraka24/src/install/griddata/lib/python3.8/site-packages/griddata/griddata_s__rosidl_typesupport_c.cpython-38-x86_64-linux-gnu.so
-- Up-to-date: /home/gusti/FinalProjectBayucaraka24/src/install/griddata/lib/libgriddata__python.so
-- Up-to-date: /home/gusti/FinalProjectBayucaraka24/src/install/griddata/share/griddata/msg/GameState.idl
-- Up-to-date: /home/gusti/FinalProjectBayucaraka24/src/install/griddata/share/griddata/msg/GameState.msg
-- Up-to-date: /home/gusti/FinalProjectBayucaraka24/src/install/griddata/share/ament_index/resource_index/package_run_dependencies/griddata
-- Up-to-date: /home/gusti/FinalProjectBayucaraka24/src/install/griddata/share/ament_index/resource_index/parent_prefix_path/griddata
-- Up-to-date: /home/gusti/FinalProjectBayucaraka24/src/install/griddata/share/griddata/environment/ament_prefix_path.sh
-- Up-to-date: /home/gusti/FinalProjectBayucaraka24/src/install/griddata/share/griddata/environment/ament_prefix_path.dsv
-- Up-to-date: /home/gusti/FinalProjectBayucaraka24/src/install/griddata/share/griddata/environment/path.sh
-- Up-to-date: /home/gusti/FinalProjectBayucaraka24/src/install/griddata/share/griddata/environment/path.dsv
-- Up-to-date: /home/gusti/FinalProjectBayucaraka24/src/install/griddata/share/griddata/local_setup.bash
-- Up-to-date: /home/gusti/FinalProjectBayucaraka24/src/install/griddata/share/griddata/local_setup.sh
-- Up-to-date: /home/gusti/FinalProjectBayucaraka24/src/install/griddata/share/griddata/local_setup.zsh
-- Up-to-date: /home/gusti/FinalProjectBayucaraka24/src/install/griddata/share/griddata/local_setup.dsv
-- Installing: /home/gusti/FinalProjectBayucaraka24/src/install/griddata/share/griddata/package.dsv
-- Up-to-date: /home/gusti/FinalProjectBayucaraka24/src/install/griddata/share/ament_index/resource_index/packages/griddata
-- Up-to-date: /home/gusti/FinalProjectBayucaraka24/src/install/griddata/share/griddata/cmake/griddata__rosidl_generator_cExport.cmake
-- Up-to-date: /home/gusti/FinalProjectBayucaraka24/src/install/griddata/share/griddata/cmake/griddata__rosidl_generator_cExport-noconfig.cmake
-- Up-to-date: /home/gusti/FinalProjectBayucaraka24/src/install/griddata/share/griddata/cmake/griddata__rosidl_typesupport_introspection_cExport.cmake
-- Up-to-date: /home/gusti/FinalProjectBayucaraka24/src/install/griddata/share/griddata/cmake/griddata__rosidl_typesupport_introspection_cExport-noconfig.cmake
-- Up-to-date: /home/gusti/FinalProjectBayucaraka24/src/install/griddata/share/griddata/cmake/griddata__rosidl_typesupport_cExport.cmake
-- Up-to-date: /home/gusti/FinalProjectBayucaraka24/src/install/griddata/share/griddata/cmake/griddata__rosidl_typesupport_cExport-noconfig.cmake
-- Up-to-date: /home/gusti/FinalProjectBayucaraka24/src/install/griddata/share/griddata/cmake/griddata__rosidl_generator_cppExport.cmake
-- Up-to-date: /home/gusti/FinalProjectBayucaraka24/src/install/griddata/share/griddata/cmake/griddata__rosidl_typesupport_introspection_cppExport.cmake
-- Up-to-date: /home/gusti/FinalProjectBayucaraka24/src/install/griddata/share/griddata/cmake/griddata__rosidl_typesupport_introspection_cppExport-noconfig.cmake
-- Up-to-date: /home/gusti/FinalProjectBayucaraka24/src/install/griddata/share/griddata/cmake/griddata__rosidl_typesupport_cppExport.cmake
-- Up-to-date: /home/gusti/FinalProjectBayucaraka24/src/install/griddata/share/griddata/cmake/griddata__rosidl_typesupport_cppExport-noconfig.cmake
-- Up-to-date: /home/gusti/FinalProjectBayucaraka24/src/install/griddata/share/griddata/cmake/rosidl_cmake-extras.cmake
-- Up-to-date: /home/gusti/FinalProjectBayucaraka24/src/install/griddata/share/griddata/cmake/ament_cmake_export_dependencies-extras.cmake
-- Up-to-date: /home/gusti/FinalProjectBayucaraka24/src/install/griddata/share/griddata/cmake/ament_cmake_export_libraries-extras.cmake
-- Up-to-date: /home/gusti/FinalProjectBayucaraka24/src/install/griddata/share/griddata/cmake/ament_cmake_export_targets-extras.cmake
-- Up-to-date: /home/gusti/FinalProjectBayucaraka24/src/install/griddata/share/griddata/cmake/ament_cmake_export_include_directories-extras.cmake
-- Up-to-date: /home/gusti/FinalProjectBayucaraka24/src/install/griddata/share/griddata/cmake/rosidl_cmake_export_typesupport_libraries-extras.cmake
-- Up-to-date: /home/gusti/FinalProjectBayucaraka24/src/install/griddata/share/griddata/cmake/rosidl_cmake_export_typesupport_targets-extras.cmake
-- Up-to-date: /home/gusti/FinalProjectBayucaraka24/src/install/griddata/share/griddata/cmake/griddataConfig.cmake
-- Up-to-date: /home/gusti/FinalProjectBayucaraka24/src/install/griddata/share/griddata/cmake/griddataConfig-version.cmake
-- Up-to-date: /home/gusti/FinalProjectBayucaraka24/src/install/griddata/share/griddata/package.xml
