[0.132s] Invoking command in '/home/gusti/FinalProjectBayucaraka24/src/build/control': AMENT_PREFIX_PATH=/home/gusti/FinalProjectBayucaraka24/src/install/griddata:${AMENT_PREFIX_PATH} CMAKE_PREFIX_PATH=/home/gusti/FinalProjectBayucaraka24/src/install/griddata:/opt/ros/foxy LD_LIBRARY_PATH=/home/gusti/FinalProjectBayucaraka24/src/install/griddata/lib:${LD_LIBRARY_PATH} PYTHONPATH=/home/gusti/FinalProjectBayucaraka24/src/install/griddata/lib/python3.8/site-packages:${PYTHONPATH} /usr/local/bin/cmake --build /home/gusti/FinalProjectBayucaraka24/src/build/control -- -j8 -l8
[0.156s] [100%] Built target control
[0.159s] Invoked command in '/home/gusti/FinalProjectBayucaraka24/src/build/control' returned '0': AMENT_PREFIX_PATH=/home/gusti/FinalProjectBayucaraka24/src/install/griddata:${AMENT_PREFIX_PATH} CMAKE_PREFIX_PATH=/home/gusti/FinalProjectBayucaraka24/src/install/griddata:/opt/ros/foxy LD_LIBRARY_PATH=/home/gusti/FinalProjectBayucaraka24/src/install/griddata/lib:${LD_LIBRARY_PATH} PYTHONPATH=/home/gusti/FinalProjectBayucaraka24/src/install/griddata/lib/python3.8/site-packages:${PYTHONPATH} /usr/local/bin/cmake --build /home/gusti/FinalProjectBayucaraka24/src/build/control -- -j8 -l8
[0.178s] Invoking command in '/home/gusti/FinalProjectBayucaraka24/src/build/control': AMENT_PREFIX_PATH=/home/gusti/FinalProjectBayucaraka24/src/install/griddata:${AMENT_PREFIX_PATH} CMAKE_PREFIX_PATH=/home/gusti/FinalProjectBayucaraka24/src/install/griddata:/opt/ros/foxy LD_LIBRARY_PATH=/home/gusti/FinalProjectBayucaraka24/src/install/griddata/lib:${LD_LIBRARY_PATH} PYTHONPATH=/home/gusti/FinalProjectBayucaraka24/src/install/griddata/lib/python3.8/site-packages:${PYTHONPATH} /usr/local/bin/cmake --install /home/gusti/FinalProjectBayucaraka24/src/build/control
[0.180s] -- Install configuration: ""
[0.181s] -- Up-to-date: /home/gusti/FinalProjectBayucaraka24/src/install/control/lib/control/control
[0.181s] -- Up-to-date: /home/gusti/FinalProjectBayucaraka24/src/install/control/share/ament_index/resource_index/package_run_dependencies/control
[0.181s] -- Up-to-date: /home/gusti/FinalProjectBayucaraka24/src/install/control/share/ament_index/resource_index/parent_prefix_path/control
[0.181s] -- Up-to-date: /home/gusti/FinalProjectBayucaraka24/src/install/control/share/control/environment/ament_prefix_path.sh
[0.181s] -- Up-to-date: /home/gusti/FinalProjectBayucaraka24/src/install/control/share/control/environment/ament_prefix_path.dsv
[0.182s] -- Up-to-date: /home/gusti/FinalProjectBayucaraka24/src/install/control/share/control/environment/path.sh
[0.182s] -- Up-to-date: /home/gusti/FinalProjectBayucaraka24/src/install/control/share/control/environment/path.dsv
[0.182s] -- Up-to-date: /home/gusti/FinalProjectBayucaraka24/src/install/control/share/control/local_setup.bash
[0.182s] -- Up-to-date: /home/gusti/FinalProjectBayucaraka24/src/install/control/share/control/local_setup.sh
[0.182s] -- Up-to-date: /home/gusti/FinalProjectBayucaraka24/src/install/control/share/control/local_setup.zsh
[0.182s] -- Up-to-date: /home/gusti/FinalProjectBayucaraka24/src/install/control/share/control/local_setup.dsv
[0.182s] -- Installing: /home/gusti/FinalProjectBayucaraka24/src/install/control/share/control/package.dsv
[0.182s] -- Up-to-date: /home/gusti/FinalProjectBayucaraka24/src/install/control/share/ament_index/resource_index/packages/control
[0.182s] -- Up-to-date: /home/gusti/FinalProjectBayucaraka24/src/install/control/share/control/cmake/controlConfig.cmake
[0.182s] -- Up-to-date: /home/gusti/FinalProjectBayucaraka24/src/install/control/share/control/cmake/controlConfig-version.cmake
[0.182s] -- Up-to-date: /home/gusti/FinalProjectBayucaraka24/src/install/control/share/control/package.xml
[0.183s] Invoked command in '/home/gusti/FinalProjectBayucaraka24/src/build/control' returned '0': AMENT_PREFIX_PATH=/home/gusti/FinalProjectBayucaraka24/src/install/griddata:${AMENT_PREFIX_PATH} CMAKE_PREFIX_PATH=/home/gusti/FinalProjectBayucaraka24/src/install/griddata:/opt/ros/foxy LD_LIBRARY_PATH=/home/gusti/FinalProjectBayucaraka24/src/install/griddata/lib:${LD_LIBRARY_PATH} PYTHONPATH=/home/gusti/FinalProjectBayucaraka24/src/install/griddata/lib/python3.8/site-packages:${PYTHONPATH} /usr/local/bin/cmake --install /home/gusti/FinalProjectBayucaraka24/src/build/control
