[0.881s] Invoking command in '/home/gusti/FinalProjectBayucaraka24/src/vision': PYTHONPATH=/home/gusti/FinalProjectBayucaraka24/build/vision/prefix_override:/home/gusti/FinalProjectBayucaraka24/install/vision/lib/python3.8/site-packages:${PYTHONPATH} /usr/bin/python3 setup.py egg_info --egg-base ../../build/vision build --build-base /home/gusti/FinalProjectBayucaraka24/build/vision/build install --record /home/gusti/FinalProjectBayucaraka24/build/vision/install.log --install-scripts $base/lib/vision --single-version-externally-managed
[1.101s] running egg_info
[1.102s] creating ../../build/vision/vision.egg-info
[1.102s] writing ../../build/vision/vision.egg-info/PKG-INFO
[1.102s] writing dependency_links to ../../build/vision/vision.egg-info/dependency_links.txt
[1.102s] writing entry points to ../../build/vision/vision.egg-info/entry_points.txt
[1.102s] writing requirements to ../../build/vision/vision.egg-info/requires.txt
[1.102s] writing top-level names to ../../build/vision/vision.egg-info/top_level.txt
[1.103s] writing manifest file '../../build/vision/vision.egg-info/SOURCES.txt'
[1.134s] reading manifest file '../../build/vision/vision.egg-info/SOURCES.txt'
[1.134s] writing manifest file '../../build/vision/vision.egg-info/SOURCES.txt'
[1.135s] running build
[1.135s] running build_py
[1.135s] creating /home/gusti/FinalProjectBayucaraka24/build/vision/build
[1.135s] creating /home/gusti/FinalProjectBayucaraka24/build/vision/build/lib
[1.135s] creating /home/gusti/FinalProjectBayucaraka24/build/vision/build/lib/vision
[1.135s] copying vision/__init__.py -> /home/gusti/FinalProjectBayucaraka24/build/vision/build/lib/vision
[1.135s] copying vision/visioncam.py -> /home/gusti/FinalProjectBayucaraka24/build/vision/build/lib/vision
[1.135s] running install
[1.136s] running install_lib
[1.136s] creating /home/gusti/FinalProjectBayucaraka24/install/vision/lib/python3.8/site-packages/vision
[1.137s] copying /home/gusti/FinalProjectBayucaraka24/build/vision/build/lib/vision/__init__.py -> /home/gusti/FinalProjectBayucaraka24/install/vision/lib/python3.8/site-packages/vision
[1.137s] copying /home/gusti/FinalProjectBayucaraka24/build/vision/build/lib/vision/visioncam.py -> /home/gusti/FinalProjectBayucaraka24/install/vision/lib/python3.8/site-packages/vision
[1.137s] byte-compiling /home/gusti/FinalProjectBayucaraka24/install/vision/lib/python3.8/site-packages/vision/__init__.py to __init__.cpython-38.pyc
[1.138s] byte-compiling /home/gusti/FinalProjectBayucaraka24/install/vision/lib/python3.8/site-packages/vision/visioncam.py to visioncam.cpython-38.pyc
[1.140s] running install_data
[1.141s] creating /home/gusti/FinalProjectBayucaraka24/install/vision/share/ament_index
[1.141s] creating /home/gusti/FinalProjectBayucaraka24/install/vision/share/ament_index/resource_index
[1.141s] creating /home/gusti/FinalProjectBayucaraka24/install/vision/share/ament_index/resource_index/packages
[1.141s] copying resource/vision -> /home/gusti/FinalProjectBayucaraka24/install/vision/share/ament_index/resource_index/packages
[1.141s] copying package.xml -> /home/gusti/FinalProjectBayucaraka24/install/vision/share/vision
[1.141s] running install_egg_info
[1.142s] Copying ../../build/vision/vision.egg-info to /home/gusti/FinalProjectBayucaraka24/install/vision/lib/python3.8/site-packages/vision-0.0.0-py3.8.egg-info
[1.143s] running install_scripts
[1.158s] Installing vision script to /home/gusti/FinalProjectBayucaraka24/install/vision/lib/vision
[1.158s] writing list of installed files to '/home/gusti/FinalProjectBayucaraka24/build/vision/install.log'
[1.178s] Invoked command in '/home/gusti/FinalProjectBayucaraka24/src/vision' returned '0': PYTHONPATH=/home/gusti/FinalProjectBayucaraka24/build/vision/prefix_override:/home/gusti/FinalProjectBayucaraka24/install/vision/lib/python3.8/site-packages:${PYTHONPATH} /usr/bin/python3 setup.py egg_info --egg-base ../../build/vision build --build-base /home/gusti/FinalProjectBayucaraka24/build/vision/build install --record /home/gusti/FinalProjectBayucaraka24/build/vision/install.log --install-scripts $base/lib/vision --single-version-externally-managed
