[0.948s] Invoking command in '/home/gusti/FinalProjectBayucaraka24/src/vision': PYTHONPATH=/home/gusti/FinalProjectBayucaraka24/src/build/vision/prefix_override:/home/gusti/FinalProjectBayucaraka24/src/install/vision/lib/python3.8/site-packages:/home/gusti/FinalProjectBayucaraka24/src/install/griddata/lib/python3.8/site-packages:/home/gusti/FinalProjectBayucaraka24/src/install/vision/lib/python3.8/site-packages:/opt/ros/foxy/lib/python3.8/site-packages /usr/bin/python3 setup.py egg_info --egg-base ../build/vision build --build-base /home/gusti/FinalProjectBayucaraka24/src/build/vision/build install --record /home/gusti/FinalProjectBayucaraka24/src/build/vision/install.log --install-scripts $base/lib/vision --single-version-externally-managed
[1.153s] running egg_info
[1.154s] writing ../build/vision/vision.egg-info/PKG-INFO
[1.154s] writing dependency_links to ../build/vision/vision.egg-info/dependency_links.txt
[1.154s] writing entry points to ../build/vision/vision.egg-info/entry_points.txt
[1.154s] writing requirements to ../build/vision/vision.egg-info/requires.txt
[1.154s] writing top-level names to ../build/vision/vision.egg-info/top_level.txt
[1.186s] reading manifest file '../build/vision/vision.egg-info/SOURCES.txt'
[1.187s] writing manifest file '../build/vision/vision.egg-info/SOURCES.txt'
[1.187s] running build
[1.187s] running build_py
[1.187s] running install
[1.188s] running install_lib
[1.189s] running install_data
[1.190s] running install_egg_info
[1.191s] removing '/home/gusti/FinalProjectBayucaraka24/src/install/vision/lib/python3.8/site-packages/vision-0.0.0-py3.8.egg-info' (and everything under it)
[1.191s] Copying ../build/vision/vision.egg-info to /home/gusti/FinalProjectBayucaraka24/src/install/vision/lib/python3.8/site-packages/vision-0.0.0-py3.8.egg-info
[1.192s] running install_scripts
[1.210s] Installing vision script to /home/gusti/FinalProjectBayucaraka24/src/install/vision/lib/vision
[1.210s] writing list of installed files to '/home/gusti/FinalProjectBayucaraka24/src/build/vision/install.log'
[1.231s] Invoked command in '/home/gusti/FinalProjectBayucaraka24/src/vision' returned '0': PYTHONPATH=/home/gusti/FinalProjectBayucaraka24/src/build/vision/prefix_override:/home/gusti/FinalProjectBayucaraka24/src/install/vision/lib/python3.8/site-packages:/home/gusti/FinalProjectBayucaraka24/src/install/griddata/lib/python3.8/site-packages:/home/gusti/FinalProjectBayucaraka24/src/install/vision/lib/python3.8/site-packages:/opt/ros/foxy/lib/python3.8/site-packages /usr/bin/python3 setup.py egg_info --egg-base ../build/vision build --build-base /home/gusti/FinalProjectBayucaraka24/src/build/vision/build install --record /home/gusti/FinalProjectBayucaraka24/src/build/vision/install.log --install-scripts $base/lib/vision --single-version-externally-managed
