-- The C compiler identification is GNU 9.4.0
-- The CXX compiler identification is GNU 9.4.0
-- Detecting C compiler ABI info
-- Detecting C compiler ABI info - done
-- Check for working C compiler: /usr/bin/cc - skipped
-- Detecting C compile features
-- Detecting C compile features - done
-- Detecting CXX compiler ABI info
-- Detecting CXX compiler ABI info - done
-- Check for working CXX compiler: /usr/bin/c++ - skipped
-- Detecting CXX compile features
-- Detecting CXX compile features - done
-- Found ament_cmake: 0.9.12 (/opt/ros/foxy/share/ament_cmake/cmake)
-- Found PythonInterp: /usr/bin/python3 (found suitable version "3.8.10", minimum required is "3") 
-- Using PYTHON_EXECUTABLE: /usr/bin/python3
-- Found rosidl_default_generators: 1.0.1 (/opt/ros/foxy/share/rosidl_default_generators/cmake)
-- Using all available rosidl_typesupport_c: rosidl_typesupport_fastrtps_c;rosidl_typesupport_introspection_c
-- Found rosidl_adapter: 1.3.1 (/opt/ros/foxy/share/rosidl_adapter/cmake)
-- Found OpenSSL: /usr/lib/x86_64-linux-gnu/libcrypto.so (found version "1.1.1f")  
-- Found FastRTPS: /opt/ros/foxy/include  
-- Using all available rosidl_typesupport_cpp: rosidl_typesupport_fastrtps_cpp;rosidl_typesupport_introspection_cpp
-- Found PythonInterp: /usr/bin/python3 (found version "3.8.10") 
-- Found ament_cmake_ros: 0.9.2 (/opt/ros/foxy/share/ament_cmake_ros/cmake)
-- Using all available rosidl_typesupport_c: rosidl_typesupport_fastrtps_c;rosidl_typesupport_introspection_c
-- Using all available rosidl_typesupport_cpp: rosidl_typesupport_fastrtps_cpp;rosidl_typesupport_introspection_cpp
-- Found PythonInterp: /usr/bin/python3 (found suitable version "3.8.10", minimum required is "3.5") 
-- Found python_cmake_module: 0.8.1 (/opt/ros/foxy/share/python_cmake_module/cmake)
-- Found PythonLibs: /usr/lib/x86_64-linux-gnu/libpython3.8.so (found suitable version "3.8.10", minimum required is "3.5") 
-- Using PYTHON_EXECUTABLE: /usr/bin/python3
-- Using PYTHON_INCLUDE_DIRS: /usr/include/python3.8
-- Using PYTHON_LIBRARIES: /usr/lib/x86_64-linux-gnu/libpython3.8.so
-- Found PythonExtra: .so  
-- Found ament_lint_auto: 0.9.8 (/opt/ros/foxy/share/ament_lint_auto/cmake)
-- Added test 'copyright' to check source files copyright and LICENSE
-- Added test 'lint_cmake' to check CMake code style
-- Added test 'xmllint' to check XML markup files
-- Configuring done (1.2s)
-- Generating done (0.0s)
-- Build files have been written to: /home/gusti/FinalProjectBayucaraka24/src/build/griddata
[  3%] [34m[1mGenerating C code for ROS interfaces[0m
[  6%] [34m[1mGenerating C++ code for ROS interfaces[0m
[  6%] Built target griddata__cpp
[  9%] [34m[1mGenerating C++ type support dispatch for ROS interfaces[0m
[ 16%] [34m[1mGenerating C++ introspection for ROS interfaces[0m
[ 16%] [34m[1mGenerating C++ type support for eProsima Fast-RTPS[0m
[ 19%] [32mBuilding C object CMakeFiles/griddata__rosidl_generator_c.dir/rosidl_generator_c/griddata/msg/detail/game_state__functions.c.o[0m
[ 22%] [32m[1mLinking C shared library libgriddata__rosidl_generator_c.so[0m
[ 22%] Built target griddata__rosidl_generator_c
[ 25%] [34m[1mGenerating C introspection for ROS interfaces[0m
[ 29%] [34m[1mGenerating C type support dispatch for ROS interfaces[0m
[ 32%] [32mBuilding CXX object CMakeFiles/griddata__rosidl_typesupport_cpp.dir/rosidl_typesupport_cpp/griddata/msg/game_state__type_support.cpp.o[0m
[ 35%] [32mBuilding CXX object CMakeFiles/griddata__rosidl_typesupport_introspection_cpp.dir/rosidl_typesupport_introspection_cpp/griddata/msg/detail/game_state__type_support.cpp.o[0m
[ 38%] [32mBuilding C object CMakeFiles/griddata__rosidl_typesupport_introspection_c.dir/rosidl_typesupport_introspection_c/griddata/msg/detail/game_state__type_support.c.o[0m
[ 41%] [32m[1mLinking C shared library libgriddata__rosidl_typesupport_introspection_c.so[0m
[ 41%] Built target griddata__rosidl_typesupport_introspection_c
[ 45%] [32mBuilding CXX object CMakeFiles/griddata__rosidl_typesupport_fastrtps_cpp.dir/rosidl_typesupport_fastrtps_cpp/griddata/msg/detail/dds_fastrtps/game_state__type_support.cpp.o[0m
[ 48%] [32mBuilding CXX object CMakeFiles/griddata__rosidl_typesupport_c.dir/rosidl_typesupport_c/griddata/msg/game_state__type_support.cpp.o[0m
[ 51%] [32m[1mLinking CXX shared library libgriddata__rosidl_typesupport_c.so[0m
[ 51%] Built target griddata__rosidl_typesupport_c
[ 54%] [32m[1mLinking CXX shared library libgriddata__rosidl_typesupport_cpp.so[0m
[ 58%] [32m[1mLinking CXX shared library libgriddata__rosidl_typesupport_introspection_cpp.so[0m
[ 58%] Built target griddata__rosidl_typesupport_cpp
[ 58%] Built target griddata__rosidl_typesupport_introspection_cpp
[ 61%] [32m[1mLinking CXX shared library libgriddata__rosidl_typesupport_fastrtps_cpp.so[0m
[ 61%] Built target griddata__rosidl_typesupport_fastrtps_cpp
[ 64%] [34m[1mGenerating C type support for eProsima Fast-RTPS[0m
[ 67%] [32mBuilding CXX object CMakeFiles/griddata__rosidl_typesupport_fastrtps_c.dir/rosidl_typesupport_fastrtps_c/griddata/msg/detail/game_state__type_support_c.cpp.o[0m
[ 70%] [32m[1mLinking CXX shared library libgriddata__rosidl_typesupport_fastrtps_c.so[0m
[ 70%] Built target griddata__rosidl_typesupport_fastrtps_c
[ 70%] Built target griddata
[ 74%] [34m[1mGenerating Python code for ROS interfaces[0m
[ 74%] Built target griddata__py
[ 77%] [32mBuilding C object CMakeFiles/griddata__python.dir/rosidl_generator_py/griddata/msg/_game_state_s.c.o[0m
[ 80%] [32m[1mLinking C shared library rosidl_generator_py/griddata/libgriddata__python.so[0m
[ 80%] Built target griddata__python
[ 90%] [32mBuilding C object CMakeFiles/griddata__rosidl_typesupport_fastrtps_c__pyext.dir/rosidl_generator_py/griddata/_griddata_s.ep.rosidl_typesupport_fastrtps_c.c.o[0m
[ 90%] [32mBuilding C object CMakeFiles/griddata__rosidl_typesupport_introspection_c__pyext.dir/rosidl_generator_py/griddata/_griddata_s.ep.rosidl_typesupport_introspection_c.c.o[0m
[ 90%] [32mBuilding C object CMakeFiles/griddata__rosidl_typesupport_c__pyext.dir/rosidl_generator_py/griddata/_griddata_s.ep.rosidl_typesupport_c.c.o[0m
[ 96%] [32m[1mLinking C shared library rosidl_generator_py/griddata/griddata_s__rosidl_typesupport_introspection_c.cpython-38-x86_64-linux-gnu.so[0m
[ 93%] [32m[1mLinking C shared library rosidl_generator_py/griddata/griddata_s__rosidl_typesupport_c.cpython-38-x86_64-linux-gnu.so[0m
[100%] [32m[1mLinking CXX shared library rosidl_generator_py/griddata/griddata_s__rosidl_typesupport_fastrtps_c.cpython-38-x86_64-linux-gnu.so[0m
[100%] Built target griddata__rosidl_typesupport_c__pyext
[100%] Built target griddata__rosidl_typesupport_introspection_c__pyext
[100%] Built target griddata__rosidl_typesupport_fastrtps_c__pyext
-- Install configuration: ""
-- Installing: /home/gusti/FinalProjectBayucaraka24/src/install/griddata/share/ament_index/resource_index/rosidl_interfaces/griddata
-- Installing: /home/gusti/FinalProjectBayucaraka24/src/install/griddata/include/griddata
-- Installing: /home/gusti/FinalProjectBayucaraka24/src/install/griddata/include/griddata/msg
-- Installing: /home/gusti/FinalProjectBayucaraka24/src/install/griddata/include/griddata/msg/rosidl_generator_c__visibility_control.h
-- Installing: /home/gusti/FinalProjectBayucaraka24/src/install/griddata/include/griddata/msg/game_state.h
-- Installing: /home/gusti/FinalProjectBayucaraka24/src/install/griddata/include/griddata/msg/detail
-- Installing: /home/gusti/FinalProjectBayucaraka24/src/install/griddata/include/griddata/msg/detail/game_state__type_support.h
-- Installing: /home/gusti/FinalProjectBayucaraka24/src/install/griddata/include/griddata/msg/detail/game_state__functions.h
-- Installing: /home/gusti/FinalProjectBayucaraka24/src/install/griddata/include/griddata/msg/detail/game_state__struct.h
-- Installing: /home/gusti/FinalProjectBayucaraka24/src/install/griddata/include/griddata/msg/detail/game_state__functions.c
-- Installing: /home/gusti/FinalProjectBayucaraka24/src/install/griddata/share/griddata/environment/library_path.sh
-- Installing: /home/gusti/FinalProjectBayucaraka24/src/install/griddata/share/griddata/environment/library_path.dsv
-- Installing: /home/gusti/FinalProjectBayucaraka24/src/install/griddata/lib/libgriddata__rosidl_generator_c.so
-- Set non-toolchain portion of runtime path of "/home/gusti/FinalProjectBayucaraka24/src/install/griddata/lib/libgriddata__rosidl_generator_c.so" to ""
-- Up-to-date: /home/gusti/FinalProjectBayucaraka24/src/install/griddata/include/griddata
-- Up-to-date: /home/gusti/FinalProjectBayucaraka24/src/install/griddata/include/griddata/msg
-- Installing: /home/gusti/FinalProjectBayucaraka24/src/install/griddata/include/griddata/msg/rosidl_typesupport_fastrtps_c__visibility_control.h
-- Up-to-date: /home/gusti/FinalProjectBayucaraka24/src/install/griddata/include/griddata/msg/detail
-- Installing: /home/gusti/FinalProjectBayucaraka24/src/install/griddata/include/griddata/msg/detail/game_state__rosidl_typesupport_fastrtps_c.h
-- Installing: /home/gusti/FinalProjectBayucaraka24/src/install/griddata/lib/libgriddata__rosidl_typesupport_fastrtps_c.so
-- Set non-toolchain portion of runtime path of "/home/gusti/FinalProjectBayucaraka24/src/install/griddata/lib/libgriddata__rosidl_typesupport_fastrtps_c.so" to ""
-- Up-to-date: /home/gusti/FinalProjectBayucaraka24/src/install/griddata/include/griddata
-- Up-to-date: /home/gusti/FinalProjectBayucaraka24/src/install/griddata/include/griddata/msg
-- Installing: /home/gusti/FinalProjectBayucaraka24/src/install/griddata/include/griddata/msg/rosidl_typesupport_fastrtps_cpp__visibility_control.h
-- Up-to-date: /home/gusti/FinalProjectBayucaraka24/src/install/griddata/include/griddata/msg/detail
-- Installing: /home/gusti/FinalProjectBayucaraka24/src/install/griddata/include/griddata/msg/detail/dds_fastrtps
-- Installing: /home/gusti/FinalProjectBayucaraka24/src/install/griddata/include/griddata/msg/detail/game_state__rosidl_typesupport_fastrtps_cpp.hpp
-- Installing: /home/gusti/FinalProjectBayucaraka24/src/install/griddata/lib/libgriddata__rosidl_typesupport_fastrtps_cpp.so
-- Set non-toolchain portion of runtime path of "/home/gusti/FinalProjectBayucaraka24/src/install/griddata/lib/libgriddata__rosidl_typesupport_fastrtps_cpp.so" to ""
-- Up-to-date: /home/gusti/FinalProjectBayucaraka24/src/install/griddata/include/griddata
-- Up-to-date: /home/gusti/FinalProjectBayucaraka24/src/install/griddata/include/griddata/msg
-- Installing: /home/gusti/FinalProjectBayucaraka24/src/install/griddata/include/griddata/msg/rosidl_typesupport_introspection_c__visibility_control.h
-- Up-to-date: /home/gusti/FinalProjectBayucaraka24/src/install/griddata/include/griddata/msg/detail
-- Installing: /home/gusti/FinalProjectBayucaraka24/src/install/griddata/include/griddata/msg/detail/game_state__type_support.c
-- Installing: /home/gusti/FinalProjectBayucaraka24/src/install/griddata/include/griddata/msg/detail/game_state__rosidl_typesupport_introspection_c.h
-- Installing: /home/gusti/FinalProjectBayucaraka24/src/install/griddata/lib/libgriddata__rosidl_typesupport_introspection_c.so
-- Set non-toolchain portion of runtime path of "/home/gusti/FinalProjectBayucaraka24/src/install/griddata/lib/libgriddata__rosidl_typesupport_introspection_c.so" to ""
-- Installing: /home/gusti/FinalProjectBayucaraka24/src/install/griddata/lib/libgriddata__rosidl_typesupport_c.so
-- Set non-toolchain portion of runtime path of "/home/gusti/FinalProjectBayucaraka24/src/install/griddata/lib/libgriddata__rosidl_typesupport_c.so" to ""
-- Up-to-date: /home/gusti/FinalProjectBayucaraka24/src/install/griddata/include/griddata
-- Up-to-date: /home/gusti/FinalProjectBayucaraka24/src/install/griddata/include/griddata/msg
-- Installing: /home/gusti/FinalProjectBayucaraka24/src/install/griddata/include/griddata/msg/game_state.hpp
-- Installing: /home/gusti/FinalProjectBayucaraka24/src/install/griddata/include/griddata/msg/rosidl_generator_cpp__visibility_control.hpp
-- Up-to-date: /home/gusti/FinalProjectBayucaraka24/src/install/griddata/include/griddata/msg/detail
-- Installing: /home/gusti/FinalProjectBayucaraka24/src/install/griddata/include/griddata/msg/detail/game_state__type_support.hpp
-- Installing: /home/gusti/FinalProjectBayucaraka24/src/install/griddata/include/griddata/msg/detail/game_state__traits.hpp
-- Installing: /home/gusti/FinalProjectBayucaraka24/src/install/griddata/include/griddata/msg/detail/game_state__builder.hpp
-- Installing: /home/gusti/FinalProjectBayucaraka24/src/install/griddata/include/griddata/msg/detail/game_state__struct.hpp
-- Up-to-date: /home/gusti/FinalProjectBayucaraka24/src/install/griddata/include/griddata
-- Up-to-date: /home/gusti/FinalProjectBayucaraka24/src/install/griddata/include/griddata/msg
-- Up-to-date: /home/gusti/FinalProjectBayucaraka24/src/install/griddata/include/griddata/msg/detail
-- Installing: /home/gusti/FinalProjectBayucaraka24/src/install/griddata/include/griddata/msg/detail/game_state__type_support.cpp
-- Installing: /home/gusti/FinalProjectBayucaraka24/src/install/griddata/include/griddata/msg/detail/game_state__rosidl_typesupport_introspection_cpp.hpp
-- Installing: /home/gusti/FinalProjectBayucaraka24/src/install/griddata/lib/libgriddata__rosidl_typesupport_introspection_cpp.so
-- Set non-toolchain portion of runtime path of "/home/gusti/FinalProjectBayucaraka24/src/install/griddata/lib/libgriddata__rosidl_typesupport_introspection_cpp.so" to ""
-- Installing: /home/gusti/FinalProjectBayucaraka24/src/install/griddata/lib/libgriddata__rosidl_typesupport_cpp.so
-- Set non-toolchain portion of runtime path of "/home/gusti/FinalProjectBayucaraka24/src/install/griddata/lib/libgriddata__rosidl_typesupport_cpp.so" to ""
-- Installing: /home/gusti/FinalProjectBayucaraka24/src/install/griddata/share/griddata/environment/pythonpath.sh
-- Installing: /home/gusti/FinalProjectBayucaraka24/src/install/griddata/share/griddata/environment/pythonpath.dsv
-- Installing: /home/gusti/FinalProjectBayucaraka24/src/install/griddata/lib/python3.8/site-packages/griddata/__init__.py
Compiling '/home/gusti/FinalProjectBayucaraka24/src/install/griddata/lib/python3.8/site-packages/griddata/__init__.py'...
-- Installing: /home/gusti/FinalProjectBayucaraka24/src/install/griddata/lib/python3.8/site-packages/griddata/msg
-- Installing: /home/gusti/FinalProjectBayucaraka24/src/install/griddata/lib/python3.8/site-packages/griddata/msg/_game_state.py
-- Installing: /home/gusti/FinalProjectBayucaraka24/src/install/griddata/lib/python3.8/site-packages/griddata/msg/__init__.py
-- Installing: /home/gusti/FinalProjectBayucaraka24/src/install/griddata/lib/python3.8/site-packages/griddata/msg/_game_state_s.c
-- Installing: /home/gusti/FinalProjectBayucaraka24/src/install/griddata/lib/python3.8/site-packages/griddata/griddata_s__rosidl_typesupport_fastrtps_c.cpython-38-x86_64-linux-gnu.so
-- Set non-toolchain portion of runtime path of "/home/gusti/FinalProjectBayucaraka24/src/install/griddata/lib/python3.8/site-packages/griddata/griddata_s__rosidl_typesupport_fastrtps_c.cpython-38-x86_64-linux-gnu.so" to ""
-- Installing: /home/gusti/FinalProjectBayucaraka24/src/install/griddata/lib/python3.8/site-packages/griddata/griddata_s__rosidl_typesupport_introspection_c.cpython-38-x86_64-linux-gnu.so
-- Set non-toolchain portion of runtime path of "/home/gusti/FinalProjectBayucaraka24/src/install/griddata/lib/python3.8/site-packages/griddata/griddata_s__rosidl_typesupport_introspection_c.cpython-38-x86_64-linux-gnu.so" to ""
-- Installing: /home/gusti/FinalProjectBayucaraka24/src/install/griddata/lib/python3.8/site-packages/griddata/griddata_s__rosidl_typesupport_c.cpython-38-x86_64-linux-gnu.so
-- Set non-toolchain portion of runtime path of "/home/gusti/FinalProjectBayucaraka24/src/install/griddata/lib/python3.8/site-packages/griddata/griddata_s__rosidl_typesupport_c.cpython-38-x86_64-linux-gnu.so" to ""
-- Installing: /home/gusti/FinalProjectBayucaraka24/src/install/griddata/lib/libgriddata__python.so
-- Set non-toolchain portion of runtime path of "/home/gusti/FinalProjectBayucaraka24/src/install/griddata/lib/libgriddata__python.so" to ""
-- Installing: /home/gusti/FinalProjectBayucaraka24/src/install/griddata/share/griddata/msg/GameState.idl
-- Installing: /home/gusti/FinalProjectBayucaraka24/src/install/griddata/share/griddata/msg/GameState.msg
-- Installing: /home/gusti/FinalProjectBayucaraka24/src/install/griddata/share/ament_index/resource_index/package_run_dependencies/griddata
-- Installing: /home/gusti/FinalProjectBayucaraka24/src/install/griddata/share/ament_index/resource_index/parent_prefix_path/griddata
-- Installing: /home/gusti/FinalProjectBayucaraka24/src/install/griddata/share/griddata/environment/ament_prefix_path.sh
-- Installing: /home/gusti/FinalProjectBayucaraka24/src/install/griddata/share/griddata/environment/ament_prefix_path.dsv
-- Installing: /home/gusti/FinalProjectBayucaraka24/src/install/griddata/share/griddata/environment/path.sh
-- Installing: /home/gusti/FinalProjectBayucaraka24/src/install/griddata/share/griddata/environment/path.dsv
-- Installing: /home/gusti/FinalProjectBayucaraka24/src/install/griddata/share/griddata/local_setup.bash
-- Installing: /home/gusti/FinalProjectBayucaraka24/src/install/griddata/share/griddata/local_setup.sh
-- Installing: /home/gusti/FinalProjectBayucaraka24/src/install/griddata/share/griddata/local_setup.zsh
-- Installing: /home/gusti/FinalProjectBayucaraka24/src/install/griddata/share/griddata/local_setup.dsv
-- Installing: /home/gusti/FinalProjectBayucaraka24/src/install/griddata/share/griddata/package.dsv
-- Installing: /home/gusti/FinalProjectBayucaraka24/src/install/griddata/share/ament_index/resource_index/packages/griddata
-- Installing: /home/gusti/FinalProjectBayucaraka24/src/install/griddata/share/griddata/cmake/griddata__rosidl_generator_cExport.cmake
-- Installing: /home/gusti/FinalProjectBayucaraka24/src/install/griddata/share/griddata/cmake/griddata__rosidl_generator_cExport-noconfig.cmake
-- Installing: /home/gusti/FinalProjectBayucaraka24/src/install/griddata/share/griddata/cmake/griddata__rosidl_typesupport_introspection_cExport.cmake
-- Installing: /home/gusti/FinalProjectBayucaraka24/src/install/griddata/share/griddata/cmake/griddata__rosidl_typesupport_introspection_cExport-noconfig.cmake
-- Installing: /home/gusti/FinalProjectBayucaraka24/src/install/griddata/share/griddata/cmake/griddata__rosidl_typesupport_cExport.cmake
-- Installing: /home/gusti/FinalProjectBayucaraka24/src/install/griddata/share/griddata/cmake/griddata__rosidl_typesupport_cExport-noconfig.cmake
-- Installing: /home/gusti/FinalProjectBayucaraka24/src/install/griddata/share/griddata/cmake/griddata__rosidl_generator_cppExport.cmake
-- Installing: /home/gusti/FinalProjectBayucaraka24/src/install/griddata/share/griddata/cmake/griddata__rosidl_typesupport_introspection_cppExport.cmake
-- Installing: /home/gusti/FinalProjectBayucaraka24/src/install/griddata/share/griddata/cmake/griddata__rosidl_typesupport_introspection_cppExport-noconfig.cmake
-- Installing: /home/gusti/FinalProjectBayucaraka24/src/install/griddata/share/griddata/cmake/griddata__rosidl_typesupport_cppExport.cmake
-- Installing: /home/gusti/FinalProjectBayucaraka24/src/install/griddata/share/griddata/cmake/griddata__rosidl_typesupport_cppExport-noconfig.cmake
-- Installing: /home/gusti/FinalProjectBayucaraka24/src/install/griddata/share/griddata/cmake/rosidl_cmake-extras.cmake
-- Installing: /home/gusti/FinalProjectBayucaraka24/src/install/griddata/share/griddata/cmake/ament_cmake_export_dependencies-extras.cmake
-- Installing: /home/gusti/FinalProjectBayucaraka24/src/install/griddata/share/griddata/cmake/ament_cmake_export_libraries-extras.cmake
-- Installing: /home/gusti/FinalProjectBayucaraka24/src/install/griddata/share/griddata/cmake/ament_cmake_export_targets-extras.cmake
-- Installing: /home/gusti/FinalProjectBayucaraka24/src/install/griddata/share/griddata/cmake/ament_cmake_export_include_directories-extras.cmake
-- Installing: /home/gusti/FinalProjectBayucaraka24/src/install/griddata/share/griddata/cmake/rosidl_cmake_export_typesupport_libraries-extras.cmake
-- Installing: /home/gusti/FinalProjectBayucaraka24/src/install/griddata/share/griddata/cmake/rosidl_cmake_export_typesupport_targets-extras.cmake
-- Installing: /home/gusti/FinalProjectBayucaraka24/src/install/griddata/share/griddata/cmake/griddataConfig.cmake
-- Installing: /home/gusti/FinalProjectBayucaraka24/src/install/griddata/share/griddata/cmake/griddataConfig-version.cmake
-- Installing: /home/gusti/FinalProjectBayucaraka24/src/install/griddata/share/griddata/package.xml
