[0.144s] Invoking command in '/home/gusti/FinalProjectBayucaraka24/src/build/griddata': CMAKE_PREFIX_PATH=/opt/ros/foxy /usr/local/bin/cmake /home/gusti/FinalProjectBayucaraka24/src/griddata -DCMAKE_INSTALL_PREFIX=/home/gusti/FinalProjectBayucaraka24/src/install/griddata
[0.199s] -- The C compiler identification is GNU 9.4.0
[0.255s] -- The CXX compiler identification is GNU 9.4.0
[0.289s] -- Detecting C compiler ABI info
[0.399s] -- Detecting C compiler ABI info - done
[0.414s] -- Check for working C compiler: /usr/bin/cc - skipped
[0.415s] -- Detecting C compile features
[0.416s] -- Detecting C compile features - done
[0.428s] -- Detecting CXX compiler ABI info
[0.503s] -- Detecting CXX compiler ABI info - done
[0.517s] -- Check for working CXX compiler: /usr/bin/c++ - skipped
[0.518s] -- Detecting CXX compile features
[0.518s] -- Detecting CXX compile features - done
[0.521s] -- Found ament_cmake: 0.9.12 (/opt/ros/foxy/share/ament_cmake/cmake)
[0.525s] [33mCMake Warning (dev) at /opt/ros/foxy/share/ament_cmake_core/cmake/core/python.cmake:22 (find_package):
[0.525s]   Policy CMP0148 is not set: The FindPythonInterp and FindPythonLibs modules
[0.525s]   are removed.  Run "cmake --help-policy CMP0148" for policy details.  Use
[0.525s]   the cmake_policy command to set the policy and suppress this warning.
[0.525s] 
[0.525s] Call Stack (most recent call first):
[0.525s]   /opt/ros/foxy/share/ament_cmake_core/cmake/core/all.cmake:53 (include)
[0.525s]   /opt/ros/foxy/share/ament_cmake_core/cmake/ament_cmake_core-extras.cmake:17 (include)
[0.525s]   /opt/ros/foxy/share/ament_cmake_core/cmake/ament_cmake_coreConfig.cmake:41 (include)
[0.525s]   /opt/ros/foxy/share/ament_cmake/cmake/ament_cmake_export_dependencies-extras.cmake:15 (find_package)
[0.525s]   /opt/ros/foxy/share/ament_cmake/cmake/ament_cmakeConfig.cmake:41 (include)
[0.525s]   CMakeLists.txt:19 (find_package)
[0.526s] This warning is for project developers.  Use -Wno-dev to suppress it.
[0.526s] [0m
[0.548s] -- Found PythonInterp: /usr/bin/python3 (found suitable version "3.8.10", minimum required is "3") 
[0.548s] -- Using PYTHON_EXECUTABLE: /usr/bin/python3
[0.751s] -- Found rosidl_default_generators: 1.0.1 (/opt/ros/foxy/share/rosidl_default_generators/cmake)
[0.754s] -- Using all available rosidl_typesupport_c: rosidl_typesupport_fastrtps_c;rosidl_typesupport_introspection_c
[0.760s] -- Found rosidl_adapter: 1.3.1 (/opt/ros/foxy/share/rosidl_adapter/cmake)
[0.851s] -- Found OpenSSL: /usr/lib/x86_64-linux-gnu/libcrypto.so (found version "1.1.1f")  
[0.883s] -- Found FastRTPS: /opt/ros/foxy/include  
[0.966s] -- Using all available rosidl_typesupport_cpp: rosidl_typesupport_fastrtps_cpp;rosidl_typesupport_introspection_cpp
[0.992s] [33mCMake Warning (dev) at /opt/ros/foxy/share/rosidl_adapter/cmake/rosidl_adapt_interfaces.cmake:40 (find_package):
[0.993s]   Policy CMP0148 is not set: The FindPythonInterp and FindPythonLibs modules
[0.993s]   are removed.  Run "cmake --help-policy CMP0148" for policy details.  Use
[0.993s]   the cmake_policy command to set the policy and suppress this warning.
[0.993s] 
[0.993s] Call Stack (most recent call first):
[0.993s]   /opt/ros/foxy/share/rosidl_cmake/cmake/rosidl_generate_interfaces.cmake:130 (rosidl_adapt_interfaces)
[0.993s]   CMakeLists.txt:22 (rosidl_generate_interfaces)
[0.993s] This warning is for project developers.  Use -Wno-dev to suppress it.
[0.993s] [0m
[1.011s] -- Found PythonInterp: /usr/bin/python3 (found version "3.8.10") 
[1.128s] -- Found ament_cmake_ros: 0.9.2 (/opt/ros/foxy/share/ament_cmake_ros/cmake)
[1.228s] -- Using all available rosidl_typesupport_c: rosidl_typesupport_fastrtps_c;rosidl_typesupport_introspection_c
[1.235s] -- Using all available rosidl_typesupport_cpp: rosidl_typesupport_fastrtps_cpp;rosidl_typesupport_introspection_cpp
[1.237s] [33mCMake Warning (dev) at /opt/ros/foxy/share/rosidl_generator_py/cmake/rosidl_generator_py_generate_interfaces.cmake:20 (find_package):
[1.237s]   Policy CMP0148 is not set: The FindPythonInterp and FindPythonLibs modules
[1.237s]   are removed.  Run "cmake --help-policy CMP0148" for policy details.  Use
[1.237s]   the cmake_policy command to set the policy and suppress this warning.
[1.238s] 
[1.238s] Call Stack (most recent call first):
[1.238s]   /opt/ros/foxy/share/ament_cmake_core/cmake/core/ament_execute_extensions.cmake:48 (include)
[1.238s]   /opt/ros/foxy/share/rosidl_cmake/cmake/rosidl_generate_interfaces.cmake:286 (ament_execute_extensions)
[1.238s]   CMakeLists.txt:22 (rosidl_generate_interfaces)
[1.238s] This warning is for project developers.  Use -Wno-dev to suppress it.
[1.238s] [0m
[1.258s] -- Found PythonInterp: /usr/bin/python3 (found suitable version "3.8.10", minimum required is "3.5") 
[1.259s] -- Found python_cmake_module: 0.8.1 (/opt/ros/foxy/share/python_cmake_module/cmake)
[1.260s] [33mCMake Warning (dev) at /opt/ros/foxy/share/python_cmake_module/cmake/Modules/FindPythonExtra.cmake:45 (find_package):
[1.260s]   Policy CMP0148 is not set: The FindPythonInterp and FindPythonLibs modules
[1.260s]   are removed.  Run "cmake --help-policy CMP0148" for policy details.  Use
[1.260s]   the cmake_policy command to set the policy and suppress this warning.
[1.260s] 
[1.260s] Call Stack (most recent call first):
[1.260s]   /opt/ros/foxy/share/rosidl_generator_py/cmake/rosidl_generator_py_generate_interfaces.cmake:23 (find_package)
[1.260s]   /opt/ros/foxy/share/ament_cmake_core/cmake/core/ament_execute_extensions.cmake:48 (include)
[1.260s]   /opt/ros/foxy/share/rosidl_cmake/cmake/rosidl_generate_interfaces.cmake:286 (ament_execute_extensions)
[1.261s]   CMakeLists.txt:22 (rosidl_generate_interfaces)
[1.261s] This warning is for project developers.  Use -Wno-dev to suppress it.
[1.261s] [0m
[1.281s] [33mCMake Warning (dev) at /opt/ros/foxy/share/python_cmake_module/cmake/Modules/FindPythonExtra.cmake:133 (find_package):
[1.282s]   Policy CMP0148 is not set: The FindPythonInterp and FindPythonLibs modules
[1.282s]   are removed.  Run "cmake --help-policy CMP0148" for policy details.  Use
[1.282s]   the cmake_policy command to set the policy and suppress this warning.
[1.282s] 
[1.282s] Call Stack (most recent call first):
[1.282s]   /opt/ros/foxy/share/rosidl_generator_py/cmake/rosidl_generator_py_generate_interfaces.cmake:23 (find_package)
[1.282s]   /opt/ros/foxy/share/ament_cmake_core/cmake/core/ament_execute_extensions.cmake:48 (include)
[1.282s]   /opt/ros/foxy/share/rosidl_cmake/cmake/rosidl_generate_interfaces.cmake:286 (ament_execute_extensions)
[1.282s]   CMakeLists.txt:22 (rosidl_generate_interfaces)
[1.282s] This warning is for project developers.  Use -Wno-dev to suppress it.
[1.282s] [0m
[1.289s] -- Found PythonLibs: /usr/lib/x86_64-linux-gnu/libpython3.8.so (found suitable version "3.8.10", minimum required is "3.5") 
[1.289s] -- Using PYTHON_EXECUTABLE: /usr/bin/python3
[1.289s] -- Using PYTHON_INCLUDE_DIRS: /usr/include/python3.8
[1.289s] -- Using PYTHON_LIBRARIES: /usr/lib/x86_64-linux-gnu/libpython3.8.so
[1.310s] -- Found PythonExtra: .so  
[1.349s] -- Found ament_lint_auto: 0.9.8 (/opt/ros/foxy/share/ament_lint_auto/cmake)
[1.367s] -- Added test 'copyright' to check source files copyright and LICENSE
[1.369s] -- Added test 'lint_cmake' to check CMake code style
[1.370s] -- Added test 'xmllint' to check XML markup files
[1.372s] -- Configuring done (1.2s)
[1.395s] -- Generating done (0.0s)
[1.397s] -- Build files have been written to: /home/gusti/FinalProjectBayucaraka24/src/build/griddata
[1.403s] Invoked command in '/home/gusti/FinalProjectBayucaraka24/src/build/griddata' returned '0': CMAKE_PREFIX_PATH=/opt/ros/foxy /usr/local/bin/cmake /home/gusti/FinalProjectBayucaraka24/src/griddata -DCMAKE_INSTALL_PREFIX=/home/gusti/FinalProjectBayucaraka24/src/install/griddata
[1.406s] Invoking command in '/home/gusti/FinalProjectBayucaraka24/src/build/griddata': CMAKE_PREFIX_PATH=/opt/ros/foxy /usr/local/bin/cmake --build /home/gusti/FinalProjectBayucaraka24/src/build/griddata -- -j8 -l8
[1.417s] [  3%] [34m[1mGenerating C code for ROS interfaces[0m
[1.420s] [  6%] [34m[1mGenerating C++ code for ROS interfaces[0m
[1.610s] [  6%] Built target griddata__cpp
[1.613s] [  9%] [34m[1mGenerating C++ type support dispatch for ROS interfaces[0m
[1.613s] [ 16%] [34m[1mGenerating C++ introspection for ROS interfaces[0m
[1.613s] [ 16%] [34m[1mGenerating C++ type support for eProsima Fast-RTPS[0m
[1.614s] [ 19%] [32mBuilding C object CMakeFiles/griddata__rosidl_generator_c.dir/rosidl_generator_c/griddata/msg/detail/game_state__functions.c.o[0m
[1.651s] [ 22%] [32m[1mLinking C shared library libgriddata__rosidl_generator_c.so[0m
[1.669s] [ 22%] Built target griddata__rosidl_generator_c
[1.672s] [ 25%] [34m[1mGenerating C introspection for ROS interfaces[0m
[1.673s] [ 29%] [34m[1mGenerating C type support dispatch for ROS interfaces[0m
[1.808s] [ 32%] [32mBuilding CXX object CMakeFiles/griddata__rosidl_typesupport_cpp.dir/rosidl_typesupport_cpp/griddata/msg/game_state__type_support.cpp.o[0m
[1.818s] [ 35%] [32mBuilding CXX object CMakeFiles/griddata__rosidl_typesupport_introspection_cpp.dir/rosidl_typesupport_introspection_cpp/griddata/msg/detail/game_state__type_support.cpp.o[0m
[1.876s] [ 38%] [32mBuilding C object CMakeFiles/griddata__rosidl_typesupport_introspection_c.dir/rosidl_typesupport_introspection_c/griddata/msg/detail/game_state__type_support.c.o[0m
[1.899s] [ 41%] [32m[1mLinking C shared library libgriddata__rosidl_typesupport_introspection_c.so[0m
[1.917s] [ 41%] Built target griddata__rosidl_typesupport_introspection_c
[1.935s] [ 45%] [32mBuilding CXX object CMakeFiles/griddata__rosidl_typesupport_fastrtps_cpp.dir/rosidl_typesupport_fastrtps_cpp/griddata/msg/detail/dds_fastrtps/game_state__type_support.cpp.o[0m
[1.972s] [ 48%] [32mBuilding CXX object CMakeFiles/griddata__rosidl_typesupport_c.dir/rosidl_typesupport_c/griddata/msg/game_state__type_support.cpp.o[0m
[1.992s] [ 51%] [32m[1mLinking CXX shared library libgriddata__rosidl_typesupport_c.so[0m
[2.016s] [ 51%] Built target griddata__rosidl_typesupport_c
[2.080s] [ 54%] [32m[1mLinking CXX shared library libgriddata__rosidl_typesupport_cpp.so[0m
[2.094s] [ 58%] [32m[1mLinking CXX shared library libgriddata__rosidl_typesupport_introspection_cpp.so[0m
[2.104s] [ 58%] Built target griddata__rosidl_typesupport_cpp
[2.152s] [ 58%] Built target griddata__rosidl_typesupport_introspection_cpp
[2.313s] [ 61%] [32m[1mLinking CXX shared library libgriddata__rosidl_typesupport_fastrtps_cpp.so[0m
[2.379s] [ 61%] Built target griddata__rosidl_typesupport_fastrtps_cpp
[2.382s] [ 64%] [34m[1mGenerating C type support for eProsima Fast-RTPS[0m
[2.559s] [ 67%] [32mBuilding CXX object CMakeFiles/griddata__rosidl_typesupport_fastrtps_c.dir/rosidl_typesupport_fastrtps_c/griddata/msg/detail/game_state__type_support_c.cpp.o[0m
[2.845s] [ 70%] [32m[1mLinking CXX shared library libgriddata__rosidl_typesupport_fastrtps_c.so[0m
[2.911s] [ 70%] Built target griddata__rosidl_typesupport_fastrtps_c
[2.917s] [ 70%] Built target griddata
[2.922s] [ 74%] [34m[1mGenerating Python code for ROS interfaces[0m
[3.238s] [ 74%] Built target griddata__py
[3.244s] [ 77%] [32mBuilding C object CMakeFiles/griddata__python.dir/rosidl_generator_py/griddata/msg/_game_state_s.c.o[0m
[3.321s] [ 80%] [32m[1mLinking C shared library rosidl_generator_py/griddata/libgriddata__python.so[0m
[3.343s] [ 80%] Built target griddata__python
[3.349s] [ 90%] [32mBuilding C object CMakeFiles/griddata__rosidl_typesupport_fastrtps_c__pyext.dir/rosidl_generator_py/griddata/_griddata_s.ep.rosidl_typesupport_fastrtps_c.c.o[0m
[3.349s] [ 90%] [32mBuilding C object CMakeFiles/griddata__rosidl_typesupport_introspection_c__pyext.dir/rosidl_generator_py/griddata/_griddata_s.ep.rosidl_typesupport_introspection_c.c.o[0m
[3.349s] [ 90%] [32mBuilding C object CMakeFiles/griddata__rosidl_typesupport_c__pyext.dir/rosidl_generator_py/griddata/_griddata_s.ep.rosidl_typesupport_c.c.o[0m
[3.413s] [ 96%] [32m[1mLinking C shared library rosidl_generator_py/griddata/griddata_s__rosidl_typesupport_introspection_c.cpython-38-x86_64-linux-gnu.so[0m
[3.413s] [ 93%] [32m[1mLinking C shared library rosidl_generator_py/griddata/griddata_s__rosidl_typesupport_c.cpython-38-x86_64-linux-gnu.so[0m
[3.414s] [100%] [32m[1mLinking CXX shared library rosidl_generator_py/griddata/griddata_s__rosidl_typesupport_fastrtps_c.cpython-38-x86_64-linux-gnu.so[0m
[3.430s] [100%] Built target griddata__rosidl_typesupport_c__pyext
[3.430s] [100%] Built target griddata__rosidl_typesupport_introspection_c__pyext
[3.457s] [100%] Built target griddata__rosidl_typesupport_fastrtps_c__pyext
[3.461s] Invoked command in '/home/gusti/FinalProjectBayucaraka24/src/build/griddata' returned '0': CMAKE_PREFIX_PATH=/opt/ros/foxy /usr/local/bin/cmake --build /home/gusti/FinalProjectBayucaraka24/src/build/griddata -- -j8 -l8
[3.496s] Invoking command in '/home/gusti/FinalProjectBayucaraka24/src/build/griddata': CMAKE_PREFIX_PATH=/opt/ros/foxy /usr/local/bin/cmake --install /home/gusti/FinalProjectBayucaraka24/src/build/griddata
[3.498s] -- Install configuration: ""
[3.499s] -- Installing: /home/gusti/FinalProjectBayucaraka24/src/install/griddata/share/ament_index/resource_index/rosidl_interfaces/griddata
[3.499s] -- Installing: /home/gusti/FinalProjectBayucaraka24/src/install/griddata/include/griddata
[3.499s] -- Installing: /home/gusti/FinalProjectBayucaraka24/src/install/griddata/include/griddata/msg
[3.499s] -- Installing: /home/gusti/FinalProjectBayucaraka24/src/install/griddata/include/griddata/msg/rosidl_generator_c__visibility_control.h
[3.499s] -- Installing: /home/gusti/FinalProjectBayucaraka24/src/install/griddata/include/griddata/msg/game_state.h
[3.499s] -- Installing: /home/gusti/FinalProjectBayucaraka24/src/install/griddata/include/griddata/msg/detail
[3.499s] -- Installing: /home/gusti/FinalProjectBayucaraka24/src/install/griddata/include/griddata/msg/detail/game_state__type_support.h
[3.499s] -- Installing: /home/gusti/FinalProjectBayucaraka24/src/install/griddata/include/griddata/msg/detail/game_state__functions.h
[3.499s] -- Installing: /home/gusti/FinalProjectBayucaraka24/src/install/griddata/include/griddata/msg/detail/game_state__struct.h
[3.499s] -- Installing: /home/gusti/FinalProjectBayucaraka24/src/install/griddata/include/griddata/msg/detail/game_state__functions.c
[3.499s] -- Installing: /home/gusti/FinalProjectBayucaraka24/src/install/griddata/share/griddata/environment/library_path.sh
[3.499s] -- Installing: /home/gusti/FinalProjectBayucaraka24/src/install/griddata/share/griddata/environment/library_path.dsv
[3.500s] -- Installing: /home/gusti/FinalProjectBayucaraka24/src/install/griddata/lib/libgriddata__rosidl_generator_c.so
[3.500s] -- Set non-toolchain portion of runtime path of "/home/gusti/FinalProjectBayucaraka24/src/install/griddata/lib/libgriddata__rosidl_generator_c.so" to ""
[3.500s] -- Up-to-date: /home/gusti/FinalProjectBayucaraka24/src/install/griddata/include/griddata
[3.500s] -- Up-to-date: /home/gusti/FinalProjectBayucaraka24/src/install/griddata/include/griddata/msg
[3.500s] -- Installing: /home/gusti/FinalProjectBayucaraka24/src/install/griddata/include/griddata/msg/rosidl_typesupport_fastrtps_c__visibility_control.h
[3.500s] -- Up-to-date: /home/gusti/FinalProjectBayucaraka24/src/install/griddata/include/griddata/msg/detail
[3.501s] -- Installing: /home/gusti/FinalProjectBayucaraka24/src/install/griddata/include/griddata/msg/detail/game_state__rosidl_typesupport_fastrtps_c.h
[3.501s] -- Installing: /home/gusti/FinalProjectBayucaraka24/src/install/griddata/lib/libgriddata__rosidl_typesupport_fastrtps_c.so
[3.501s] -- Set non-toolchain portion of runtime path of "/home/gusti/FinalProjectBayucaraka24/src/install/griddata/lib/libgriddata__rosidl_typesupport_fastrtps_c.so" to ""
[3.501s] -- Up-to-date: /home/gusti/FinalProjectBayucaraka24/src/install/griddata/include/griddata
[3.501s] -- Up-to-date: /home/gusti/FinalProjectBayucaraka24/src/install/griddata/include/griddata/msg
[3.501s] -- Installing: /home/gusti/FinalProjectBayucaraka24/src/install/griddata/include/griddata/msg/rosidl_typesupport_fastrtps_cpp__visibility_control.h
[3.501s] -- Up-to-date: /home/gusti/FinalProjectBayucaraka24/src/install/griddata/include/griddata/msg/detail
[3.501s] -- Installing: /home/gusti/FinalProjectBayucaraka24/src/install/griddata/include/griddata/msg/detail/dds_fastrtps
[3.501s] -- Installing: /home/gusti/FinalProjectBayucaraka24/src/install/griddata/include/griddata/msg/detail/game_state__rosidl_typesupport_fastrtps_cpp.hpp
[3.502s] -- Installing: /home/gusti/FinalProjectBayucaraka24/src/install/griddata/lib/libgriddata__rosidl_typesupport_fastrtps_cpp.so
[3.502s] -- Set non-toolchain portion of runtime path of "/home/gusti/FinalProjectBayucaraka24/src/install/griddata/lib/libgriddata__rosidl_typesupport_fastrtps_cpp.so" to ""
[3.502s] -- Up-to-date: /home/gusti/FinalProjectBayucaraka24/src/install/griddata/include/griddata
[3.502s] -- Up-to-date: /home/gusti/FinalProjectBayucaraka24/src/install/griddata/include/griddata/msg
[3.502s] -- Installing: /home/gusti/FinalProjectBayucaraka24/src/install/griddata/include/griddata/msg/rosidl_typesupport_introspection_c__visibility_control.h
[3.502s] -- Up-to-date: /home/gusti/FinalProjectBayucaraka24/src/install/griddata/include/griddata/msg/detail
[3.502s] -- Installing: /home/gusti/FinalProjectBayucaraka24/src/install/griddata/include/griddata/msg/detail/game_state__type_support.c
[3.502s] -- Installing: /home/gusti/FinalProjectBayucaraka24/src/install/griddata/include/griddata/msg/detail/game_state__rosidl_typesupport_introspection_c.h
[3.503s] -- Installing: /home/gusti/FinalProjectBayucaraka24/src/install/griddata/lib/libgriddata__rosidl_typesupport_introspection_c.so
[3.503s] -- Set non-toolchain portion of runtime path of "/home/gusti/FinalProjectBayucaraka24/src/install/griddata/lib/libgriddata__rosidl_typesupport_introspection_c.so" to ""
[3.503s] -- Installing: /home/gusti/FinalProjectBayucaraka24/src/install/griddata/lib/libgriddata__rosidl_typesupport_c.so
[3.503s] -- Set non-toolchain portion of runtime path of "/home/gusti/FinalProjectBayucaraka24/src/install/griddata/lib/libgriddata__rosidl_typesupport_c.so" to ""
[3.503s] -- Up-to-date: /home/gusti/FinalProjectBayucaraka24/src/install/griddata/include/griddata
[3.503s] -- Up-to-date: /home/gusti/FinalProjectBayucaraka24/src/install/griddata/include/griddata/msg
[3.503s] -- Installing: /home/gusti/FinalProjectBayucaraka24/src/install/griddata/include/griddata/msg/game_state.hpp
[3.503s] -- Installing: /home/gusti/FinalProjectBayucaraka24/src/install/griddata/include/griddata/msg/rosidl_generator_cpp__visibility_control.hpp
[3.503s] -- Up-to-date: /home/gusti/FinalProjectBayucaraka24/src/install/griddata/include/griddata/msg/detail
[3.504s] -- Installing: /home/gusti/FinalProjectBayucaraka24/src/install/griddata/include/griddata/msg/detail/game_state__type_support.hpp
[3.504s] -- Installing: /home/gusti/FinalProjectBayucaraka24/src/install/griddata/include/griddata/msg/detail/game_state__traits.hpp
[3.504s] -- Installing: /home/gusti/FinalProjectBayucaraka24/src/install/griddata/include/griddata/msg/detail/game_state__builder.hpp
[3.504s] -- Installing: /home/gusti/FinalProjectBayucaraka24/src/install/griddata/include/griddata/msg/detail/game_state__struct.hpp
[3.504s] -- Up-to-date: /home/gusti/FinalProjectBayucaraka24/src/install/griddata/include/griddata
[3.504s] -- Up-to-date: /home/gusti/FinalProjectBayucaraka24/src/install/griddata/include/griddata/msg
[3.504s] -- Up-to-date: /home/gusti/FinalProjectBayucaraka24/src/install/griddata/include/griddata/msg/detail
[3.504s] -- Installing: /home/gusti/FinalProjectBayucaraka24/src/install/griddata/include/griddata/msg/detail/game_state__type_support.cpp
[3.504s] -- Installing: /home/gusti/FinalProjectBayucaraka24/src/install/griddata/include/griddata/msg/detail/game_state__rosidl_typesupport_introspection_cpp.hpp
[3.504s] -- Installing: /home/gusti/FinalProjectBayucaraka24/src/install/griddata/lib/libgriddata__rosidl_typesupport_introspection_cpp.so
[3.505s] -- Set non-toolchain portion of runtime path of "/home/gusti/FinalProjectBayucaraka24/src/install/griddata/lib/libgriddata__rosidl_typesupport_introspection_cpp.so" to ""
[3.505s] -- Installing: /home/gusti/FinalProjectBayucaraka24/src/install/griddata/lib/libgriddata__rosidl_typesupport_cpp.so
[3.505s] -- Set non-toolchain portion of runtime path of "/home/gusti/FinalProjectBayucaraka24/src/install/griddata/lib/libgriddata__rosidl_typesupport_cpp.so" to ""
[3.505s] -- Installing: /home/gusti/FinalProjectBayucaraka24/src/install/griddata/share/griddata/environment/pythonpath.sh
[3.505s] -- Installing: /home/gusti/FinalProjectBayucaraka24/src/install/griddata/share/griddata/environment/pythonpath.dsv
[3.505s] -- Installing: /home/gusti/FinalProjectBayucaraka24/src/install/griddata/lib/python3.8/site-packages/griddata/__init__.py
[3.530s] Compiling '/home/gusti/FinalProjectBayucaraka24/src/install/griddata/lib/python3.8/site-packages/griddata/__init__.py'...
[3.534s] -- Installing: /home/gusti/FinalProjectBayucaraka24/src/install/griddata/lib/python3.8/site-packages/griddata/msg
[3.535s] -- Installing: /home/gusti/FinalProjectBayucaraka24/src/install/griddata/lib/python3.8/site-packages/griddata/msg/_game_state.py
[3.535s] -- Installing: /home/gusti/FinalProjectBayucaraka24/src/install/griddata/lib/python3.8/site-packages/griddata/msg/__init__.py
[3.535s] -- Installing: /home/gusti/FinalProjectBayucaraka24/src/install/griddata/lib/python3.8/site-packages/griddata/msg/_game_state_s.c
[3.535s] -- Installing: /home/gusti/FinalProjectBayucaraka24/src/install/griddata/lib/python3.8/site-packages/griddata/griddata_s__rosidl_typesupport_fastrtps_c.cpython-38-x86_64-linux-gnu.so
[3.535s] -- Set non-toolchain portion of runtime path of "/home/gusti/FinalProjectBayucaraka24/src/install/griddata/lib/python3.8/site-packages/griddata/griddata_s__rosidl_typesupport_fastrtps_c.cpython-38-x86_64-linux-gnu.so" to ""
[3.535s] -- Installing: /home/gusti/FinalProjectBayucaraka24/src/install/griddata/lib/python3.8/site-packages/griddata/griddata_s__rosidl_typesupport_introspection_c.cpython-38-x86_64-linux-gnu.so
[3.535s] -- Set non-toolchain portion of runtime path of "/home/gusti/FinalProjectBayucaraka24/src/install/griddata/lib/python3.8/site-packages/griddata/griddata_s__rosidl_typesupport_introspection_c.cpython-38-x86_64-linux-gnu.so" to ""
[3.535s] -- Installing: /home/gusti/FinalProjectBayucaraka24/src/install/griddata/lib/python3.8/site-packages/griddata/griddata_s__rosidl_typesupport_c.cpython-38-x86_64-linux-gnu.so
[3.535s] -- Set non-toolchain portion of runtime path of "/home/gusti/FinalProjectBayucaraka24/src/install/griddata/lib/python3.8/site-packages/griddata/griddata_s__rosidl_typesupport_c.cpython-38-x86_64-linux-gnu.so" to ""
[3.535s] -- Installing: /home/gusti/FinalProjectBayucaraka24/src/install/griddata/lib/libgriddata__python.so
[3.536s] -- Set non-toolchain portion of runtime path of "/home/gusti/FinalProjectBayucaraka24/src/install/griddata/lib/libgriddata__python.so" to ""
[3.536s] -- Installing: /home/gusti/FinalProjectBayucaraka24/src/install/griddata/share/griddata/msg/GameState.idl
[3.536s] -- Installing: /home/gusti/FinalProjectBayucaraka24/src/install/griddata/share/griddata/msg/GameState.msg
[3.536s] -- Installing: /home/gusti/FinalProjectBayucaraka24/src/install/griddata/share/ament_index/resource_index/package_run_dependencies/griddata
[3.536s] -- Installing: /home/gusti/FinalProjectBayucaraka24/src/install/griddata/share/ament_index/resource_index/parent_prefix_path/griddata
[3.536s] -- Installing: /home/gusti/FinalProjectBayucaraka24/src/install/griddata/share/griddata/environment/ament_prefix_path.sh
[3.536s] -- Installing: /home/gusti/FinalProjectBayucaraka24/src/install/griddata/share/griddata/environment/ament_prefix_path.dsv
[3.536s] -- Installing: /home/gusti/FinalProjectBayucaraka24/src/install/griddata/share/griddata/environment/path.sh
[3.537s] -- Installing: /home/gusti/FinalProjectBayucaraka24/src/install/griddata/share/griddata/environment/path.dsv
[3.537s] -- Installing: /home/gusti/FinalProjectBayucaraka24/src/install/griddata/share/griddata/local_setup.bash
[3.537s] -- Installing: /home/gusti/FinalProjectBayucaraka24/src/install/griddata/share/griddata/local_setup.sh
[3.537s] -- Installing: /home/gusti/FinalProjectBayucaraka24/src/install/griddata/share/griddata/local_setup.zsh
[3.537s] -- Installing: /home/gusti/FinalProjectBayucaraka24/src/install/griddata/share/griddata/local_setup.dsv
[3.537s] -- Installing: /home/gusti/FinalProjectBayucaraka24/src/install/griddata/share/griddata/package.dsv
[3.537s] -- Installing: /home/gusti/FinalProjectBayucaraka24/src/install/griddata/share/ament_index/resource_index/packages/griddata
[3.537s] -- Installing: /home/gusti/FinalProjectBayucaraka24/src/install/griddata/share/griddata/cmake/griddata__rosidl_generator_cExport.cmake
[3.537s] -- Installing: /home/gusti/FinalProjectBayucaraka24/src/install/griddata/share/griddata/cmake/griddata__rosidl_generator_cExport-noconfig.cmake
[3.537s] -- Installing: /home/gusti/FinalProjectBayucaraka24/src/install/griddata/share/griddata/cmake/griddata__rosidl_typesupport_introspection_cExport.cmake
[3.537s] -- Installing: /home/gusti/FinalProjectBayucaraka24/src/install/griddata/share/griddata/cmake/griddata__rosidl_typesupport_introspection_cExport-noconfig.cmake
[3.538s] -- Installing: /home/gusti/FinalProjectBayucaraka24/src/install/griddata/share/griddata/cmake/griddata__rosidl_typesupport_cExport.cmake
[3.538s] -- Installing: /home/gusti/FinalProjectBayucaraka24/src/install/griddata/share/griddata/cmake/griddata__rosidl_typesupport_cExport-noconfig.cmake
[3.538s] -- Installing: /home/gusti/FinalProjectBayucaraka24/src/install/griddata/share/griddata/cmake/griddata__rosidl_generator_cppExport.cmake
[3.538s] -- Installing: /home/gusti/FinalProjectBayucaraka24/src/install/griddata/share/griddata/cmake/griddata__rosidl_typesupport_introspection_cppExport.cmake
[3.538s] -- Installing: /home/gusti/FinalProjectBayucaraka24/src/install/griddata/share/griddata/cmake/griddata__rosidl_typesupport_introspection_cppExport-noconfig.cmake
[3.538s] -- Installing: /home/gusti/FinalProjectBayucaraka24/src/install/griddata/share/griddata/cmake/griddata__rosidl_typesupport_cppExport.cmake
[3.538s] -- Installing: /home/gusti/FinalProjectBayucaraka24/src/install/griddata/share/griddata/cmake/griddata__rosidl_typesupport_cppExport-noconfig.cmake
[3.538s] -- Installing: /home/gusti/FinalProjectBayucaraka24/src/install/griddata/share/griddata/cmake/rosidl_cmake-extras.cmake
[3.538s] -- Installing: /home/gusti/FinalProjectBayucaraka24/src/install/griddata/share/griddata/cmake/ament_cmake_export_dependencies-extras.cmake
[3.538s] -- Installing: /home/gusti/FinalProjectBayucaraka24/src/install/griddata/share/griddata/cmake/ament_cmake_export_libraries-extras.cmake
[3.539s] -- Installing: /home/gusti/FinalProjectBayucaraka24/src/install/griddata/share/griddata/cmake/ament_cmake_export_targets-extras.cmake
[3.539s] -- Installing: /home/gusti/FinalProjectBayucaraka24/src/install/griddata/share/griddata/cmake/ament_cmake_export_include_directories-extras.cmake
[3.539s] -- Installing: /home/gusti/FinalProjectBayucaraka24/src/install/griddata/share/griddata/cmake/rosidl_cmake_export_typesupport_libraries-extras.cmake
[3.539s] -- Installing: /home/gusti/FinalProjectBayucaraka24/src/install/griddata/share/griddata/cmake/rosidl_cmake_export_typesupport_targets-extras.cmake
[3.539s] -- Installing: /home/gusti/FinalProjectBayucaraka24/src/install/griddata/share/griddata/cmake/griddataConfig.cmake
[3.539s] -- Installing: /home/gusti/FinalProjectBayucaraka24/src/install/griddata/share/griddata/cmake/griddataConfig-version.cmake
[3.539s] -- Installing: /home/gusti/FinalProjectBayucaraka24/src/install/griddata/share/griddata/package.xml
[3.541s] Invoked command in '/home/gusti/FinalProjectBayucaraka24/src/build/griddata' returned '0': CMAKE_PREFIX_PATH=/opt/ros/foxy /usr/local/bin/cmake --install /home/gusti/FinalProjectBayucaraka24/src/build/griddata
