-- Found ament_cmake: 0.9.12 (/opt/ros/foxy/share/ament_cmake/cmake)
-- Using PYTHON_EXECUTABLE: /usr/bin/python3
-- Found rclcpp: 2.4.3 (/opt/ros/foxy/share/rclcpp/cmake)
-- Using all available rosidl_typesupport_c: rosidl_typesupport_fastrtps_c;rosidl_typesupport_introspection_c
-- Found rosidl_adapter: 1.3.1 (/opt/ros/foxy/share/rosidl_adapter/cmake)
-- Using all available rosidl_typesupport_cpp: rosidl_typesupport_fastrtps_cpp;rosidl_typesupport_introspection_cpp
-- Found rmw_implementation_cmake: 1.0.4 (/opt/ros/foxy/share/rmw_implementation_cmake/cmake)
-- Using RMW implementation 'rmw_fastrtps_cpp' as default
-- Found griddata: 0.0.0 (/home/gusti/FinalProjectBayucaraka24/src/install/griddata/share/griddata/cmake)
-- Found ament_lint_auto: 0.9.8 (/opt/ros/foxy/share/ament_lint_auto/cmake)
-- Added test 'copyright' to check source files copyright and LICENSE
-- Added test 'cppcheck' to perform static code analysis on C / C++ code
-- Configured cppcheck include dirs: 
-- Configured cppcheck exclude dirs and/or files: 
-- Added test 'cpplint' to check C / C++ code against the Google style
-- Configured cpplint exclude dirs and/or files: 
-- Added test 'lint_cmake' to check CMake code style
-- Added test 'uncrustify' to check C / C++ code style
-- Configured uncrustify additional arguments: 
-- Added test 'xmllint' to check XML markup files
-- Configuring done (0.8s)
-- Generating done (0.0s)
-- Build files have been written to: /home/gusti/FinalProjectBayucaraka24/src/build/control
[ 50%] [32mBuilding CXX object CMakeFiles/control.dir/src/control.cpp.o[0m
[100%] [32m[1mLinking CXX executable control[0m
[100%] Built target control
-- Install configuration: ""
-- Installing: /home/gusti/FinalProjectBayucaraka24/src/install/control/lib/control/control
-- Set non-toolchain portion of runtime path of "/home/gusti/FinalProjectBayucaraka24/src/install/control/lib/control/control" to ""
-- Installing: /home/gusti/FinalProjectBayucaraka24/src/install/control/share/ament_index/resource_index/package_run_dependencies/control
-- Installing: /home/gusti/FinalProjectBayucaraka24/src/install/control/share/ament_index/resource_index/parent_prefix_path/control
-- Up-to-date: /home/gusti/FinalProjectBayucaraka24/src/install/control/share/control/environment/ament_prefix_path.sh
-- Installing: /home/gusti/FinalProjectBayucaraka24/src/install/control/share/control/environment/ament_prefix_path.dsv
-- Up-to-date: /home/gusti/FinalProjectBayucaraka24/src/install/control/share/control/environment/path.sh
-- Installing: /home/gusti/FinalProjectBayucaraka24/src/install/control/share/control/environment/path.dsv
-- Up-to-date: /home/gusti/FinalProjectBayucaraka24/src/install/control/share/control/local_setup.bash
-- Up-to-date: /home/gusti/FinalProjectBayucaraka24/src/install/control/share/control/local_setup.sh
-- Up-to-date: /home/gusti/FinalProjectBayucaraka24/src/install/control/share/control/local_setup.zsh
-- Installing: /home/gusti/FinalProjectBayucaraka24/src/install/control/share/control/local_setup.dsv
-- Installing: /home/gusti/FinalProjectBayucaraka24/src/install/control/share/control/package.dsv
-- Up-to-date: /home/gusti/FinalProjectBayucaraka24/src/install/control/share/ament_index/resource_index/packages/control
-- Up-to-date: /home/gusti/FinalProjectBayucaraka24/src/install/control/share/control/cmake/controlConfig.cmake
-- Up-to-date: /home/gusti/FinalProjectBayucaraka24/src/install/control/share/control/cmake/controlConfig-version.cmake
-- Installing: /home/gusti/FinalProjectBayucaraka24/src/install/control/share/control/package.xml
