[0.173s] Invoking command in '/home/gusti/FinalProjectBayucaraka24/src/build/control': CMAKE_PREFIX_PATH=${CMAKE_PREFIX_PATH}:/home/gusti/FinalProjectBayucaraka24/src/install/vision:/opt/ros/foxy PYTHONPATH=/home/gusti/FinalProjectBayucaraka24/src/install/griddata/lib/python3.8/site-packages:/home/gusti/FinalProjectBayucaraka24/src/install/vision/lib/python3.8/site-packages:/opt/ros/foxy/lib/python3.8/site-packages /usr/local/bin/cmake --build /home/gusti/FinalProjectBayucaraka24/src/build/control -- -j8 -l8
[0.239s] -- Found ament_cmake: 0.9.12 (/opt/ros/foxy/share/ament_cmake/cmake)
[0.244s] [33mCMake Warning (dev) at /opt/ros/foxy/share/ament_cmake_core/cmake/core/python.cmake:22 (find_package):
[0.244s]   Policy CMP0148 is not set: The FindPythonInterp and FindPythonLibs modules
[0.244s]   are removed.  Run "cmake --help-policy CMP0148" for policy details.  Use
[0.244s]   the cmake_policy command to set the policy and suppress this warning.
[0.244s] 
[0.244s] Call Stack (most recent call first):
[0.244s]   /opt/ros/foxy/share/ament_cmake_core/cmake/core/all.cmake:53 (include)
[0.244s]   /opt/ros/foxy/share/ament_cmake_core/cmake/ament_cmake_core-extras.cmake:17 (include)
[0.244s]   /opt/ros/foxy/share/ament_cmake_core/cmake/ament_cmake_coreConfig.cmake:41 (include)
[0.245s]   /opt/ros/foxy/share/ament_cmake/cmake/ament_cmake_export_dependencies-extras.cmake:15 (find_package)
[0.245s]   /opt/ros/foxy/share/ament_cmake/cmake/ament_cmakeConfig.cmake:41 (include)
[0.245s]   CMakeLists.txt:19 (find_package)
[0.245s] This warning is for project developers.  Use -Wno-dev to suppress it.
[0.245s] [0m
[0.264s] -- Using PYTHON_EXECUTABLE: /usr/bin/python3
[0.497s] -- Found rclcpp: 2.4.3 (/opt/ros/foxy/share/rclcpp/cmake)
[0.557s] -- Using all available rosidl_typesupport_c: rosidl_typesupport_fastrtps_c;rosidl_typesupport_introspection_c
[0.564s] -- Found rosidl_adapter: 1.3.1 (/opt/ros/foxy/share/rosidl_adapter/cmake)
[0.724s] -- Using all available rosidl_typesupport_cpp: rosidl_typesupport_fastrtps_cpp;rosidl_typesupport_introspection_cpp
[0.789s] -- Found rmw_implementation_cmake: 1.0.4 (/opt/ros/foxy/share/rmw_implementation_cmake/cmake)
[0.791s] -- Using RMW implementation 'rmw_fastrtps_cpp' as default
[0.947s] -- Found griddata: 0.0.0 (/home/gusti/FinalProjectBayucaraka24/src/install/griddata/share/griddata/cmake)
[0.957s] -- Found ament_lint_auto: 0.9.8 (/opt/ros/foxy/share/ament_lint_auto/cmake)
[1.028s] -- Added test 'copyright' to check source files copyright and LICENSE
[1.029s] -- Added test 'cppcheck' to perform static code analysis on C / C++ code
[1.029s] -- Configured cppcheck include dirs: 
[1.029s] -- Configured cppcheck exclude dirs and/or files: 
[1.029s] -- Added test 'cpplint' to check C / C++ code against the Google style
[1.029s] -- Configured cpplint exclude dirs and/or files: 
[1.030s] -- Added test 'lint_cmake' to check CMake code style
[1.031s] -- Added test 'uncrustify' to check C / C++ code style
[1.031s] -- Configured uncrustify additional arguments: 
[1.031s] -- Added test 'xmllint' to check XML markup files
[1.033s] -- Configuring done (0.8s)
[1.051s] -- Generating done (0.0s)
[1.052s] -- Build files have been written to: /home/gusti/FinalProjectBayucaraka24/src/build/control
[1.069s] [ 50%] [32mBuilding CXX object CMakeFiles/control.dir/src/control.cpp.o[0m
[6.100s] [100%] [32m[1mLinking CXX executable control[0m
[6.366s] [100%] Built target control
[6.370s] Invoked command in '/home/gusti/FinalProjectBayucaraka24/src/build/control' returned '0': CMAKE_PREFIX_PATH=${CMAKE_PREFIX_PATH}:/home/gusti/FinalProjectBayucaraka24/src/install/vision:/opt/ros/foxy PYTHONPATH=/home/gusti/FinalProjectBayucaraka24/src/install/griddata/lib/python3.8/site-packages:/home/gusti/FinalProjectBayucaraka24/src/install/vision/lib/python3.8/site-packages:/opt/ros/foxy/lib/python3.8/site-packages /usr/local/bin/cmake --build /home/gusti/FinalProjectBayucaraka24/src/build/control -- -j8 -l8
[6.387s] Invoking command in '/home/gusti/FinalProjectBayucaraka24/src/build/control': CMAKE_PREFIX_PATH=${CMAKE_PREFIX_PATH}:/home/gusti/FinalProjectBayucaraka24/src/install/vision:/opt/ros/foxy PYTHONPATH=/home/gusti/FinalProjectBayucaraka24/src/install/griddata/lib/python3.8/site-packages:/home/gusti/FinalProjectBayucaraka24/src/install/vision/lib/python3.8/site-packages:/opt/ros/foxy/lib/python3.8/site-packages /usr/local/bin/cmake --install /home/gusti/FinalProjectBayucaraka24/src/build/control
[6.389s] -- Install configuration: ""
[6.390s] -- Installing: /home/gusti/FinalProjectBayucaraka24/src/install/control/lib/control/control
[6.393s] -- Set non-toolchain portion of runtime path of "/home/gusti/FinalProjectBayucaraka24/src/install/control/lib/control/control" to ""
[6.393s] -- Installing: /home/gusti/FinalProjectBayucaraka24/src/install/control/share/ament_index/resource_index/package_run_dependencies/control
[6.393s] -- Installing: /home/gusti/FinalProjectBayucaraka24/src/install/control/share/ament_index/resource_index/parent_prefix_path/control
[6.393s] -- Up-to-date: /home/gusti/FinalProjectBayucaraka24/src/install/control/share/control/environment/ament_prefix_path.sh
[6.393s] -- Installing: /home/gusti/FinalProjectBayucaraka24/src/install/control/share/control/environment/ament_prefix_path.dsv
[6.393s] -- Up-to-date: /home/gusti/FinalProjectBayucaraka24/src/install/control/share/control/environment/path.sh
[6.394s] -- Installing: /home/gusti/FinalProjectBayucaraka24/src/install/control/share/control/environment/path.dsv
[6.394s] -- Up-to-date: /home/gusti/FinalProjectBayucaraka24/src/install/control/share/control/local_setup.bash
[6.394s] -- Up-to-date: /home/gusti/FinalProjectBayucaraka24/src/install/control/share/control/local_setup.sh
[6.394s] -- Up-to-date: /home/gusti/FinalProjectBayucaraka24/src/install/control/share/control/local_setup.zsh
[6.394s] -- Installing: /home/gusti/FinalProjectBayucaraka24/src/install/control/share/control/local_setup.dsv
[6.394s] -- Installing: /home/gusti/FinalProjectBayucaraka24/src/install/control/share/control/package.dsv
[6.394s] -- Up-to-date: /home/gusti/FinalProjectBayucaraka24/src/install/control/share/ament_index/resource_index/packages/control
[6.394s] -- Up-to-date: /home/gusti/FinalProjectBayucaraka24/src/install/control/share/control/cmake/controlConfig.cmake
[6.394s] -- Up-to-date: /home/gusti/FinalProjectBayucaraka24/src/install/control/share/control/cmake/controlConfig-version.cmake
[6.394s] -- Installing: /home/gusti/FinalProjectBayucaraka24/src/install/control/share/control/package.xml
[6.396s] Invoked command in '/home/gusti/FinalProjectBayucaraka24/src/build/control' returned '0': CMAKE_PREFIX_PATH=${CMAKE_PREFIX_PATH}:/home/gusti/FinalProjectBayucaraka24/src/install/vision:/opt/ros/foxy PYTHONPATH=/home/gusti/FinalProjectBayucaraka24/src/install/griddata/lib/python3.8/site-packages:/home/gusti/FinalProjectBayucaraka24/src/install/vision/lib/python3.8/site-packages:/opt/ros/foxy/lib/python3.8/site-packages /usr/local/bin/cmake --install /home/gusti/FinalProjectBayucaraka24/src/build/control
