[0.161s] Invoking command in '/home/gusti/FinalProjectBayucaraka24/src/build/control': AMENT_PREFIX_PATH=/home/gusti/FinalProjectBayucaraka24/src/install/griddata:${AMENT_PREFIX_PATH} CMAKE_PREFIX_PATH=/home/gusti/FinalProjectBayucaraka24/src/install/griddata:/opt/ros/foxy LD_LIBRARY_PATH=/home/gusti/FinalProjectBayucaraka24/src/install/griddata/lib:${LD_LIBRARY_PATH} PYTHONPATH=/home/gusti/FinalProjectBayucaraka24/src/install/griddata/lib/python3.8/site-packages:${PYTHONPATH} /usr/local/bin/cmake --build /home/gusti/FinalProjectBayucaraka24/src/build/control -- -j8 -l8
[0.180s] [ 50%] [32mBuilding CXX object CMakeFiles/control.dir/src/control.cpp.o[0m
[5.420s] [100%] [32m[1mLinking CXX executable control[0m
[5.708s] [100%] Built target control
[5.714s] Invoked command in '/home/gusti/FinalProjectBayucaraka24/src/build/control' returned '0': AMENT_PREFIX_PATH=/home/gusti/FinalProjectBayucaraka24/src/install/griddata:${AMENT_PREFIX_PATH} CMAKE_PREFIX_PATH=/home/gusti/FinalProjectBayucaraka24/src/install/griddata:/opt/ros/foxy LD_LIBRARY_PATH=/home/gusti/FinalProjectBayucaraka24/src/install/griddata/lib:${LD_LIBRARY_PATH} PYTHONPATH=/home/gusti/FinalProjectBayucaraka24/src/install/griddata/lib/python3.8/site-packages:${PYTHONPATH} /usr/local/bin/cmake --build /home/gusti/FinalProjectBayucaraka24/src/build/control -- -j8 -l8
[5.737s] Invoking command in '/home/gusti/FinalProjectBayucaraka24/src/build/control': AMENT_PREFIX_PATH=/home/gusti/FinalProjectBayucaraka24/src/install/griddata:${AMENT_PREFIX_PATH} CMAKE_PREFIX_PATH=/home/gusti/FinalProjectBayucaraka24/src/install/griddata:/opt/ros/foxy LD_LIBRARY_PATH=/home/gusti/FinalProjectBayucaraka24/src/install/griddata/lib:${LD_LIBRARY_PATH} PYTHONPATH=/home/gusti/FinalProjectBayucaraka24/src/install/griddata/lib/python3.8/site-packages:${PYTHONPATH} /usr/local/bin/cmake --install /home/gusti/FinalProjectBayucaraka24/src/build/control
[5.739s] -- Install configuration: ""
[5.739s] -- Installing: /home/gusti/FinalProjectBayucaraka24/src/install/control/lib/control/control
[5.741s] -- Set non-toolchain portion of runtime path of "/home/gusti/FinalProjectBayucaraka24/src/install/control/lib/control/control" to ""
[5.741s] -- Up-to-date: /home/gusti/FinalProjectBayucaraka24/src/install/control/share/ament_index/resource_index/package_run_dependencies/control
[5.741s] -- Up-to-date: /home/gusti/FinalProjectBayucaraka24/src/install/control/share/ament_index/resource_index/parent_prefix_path/control
[5.741s] -- Up-to-date: /home/gusti/FinalProjectBayucaraka24/src/install/control/share/control/environment/ament_prefix_path.sh
[5.741s] -- Up-to-date: /home/gusti/FinalProjectBayucaraka24/src/install/control/share/control/environment/ament_prefix_path.dsv
[5.741s] -- Up-to-date: /home/gusti/FinalProjectBayucaraka24/src/install/control/share/control/environment/path.sh
[5.741s] -- Up-to-date: /home/gusti/FinalProjectBayucaraka24/src/install/control/share/control/environment/path.dsv
[5.741s] -- Up-to-date: /home/gusti/FinalProjectBayucaraka24/src/install/control/share/control/local_setup.bash
[5.741s] -- Up-to-date: /home/gusti/FinalProjectBayucaraka24/src/install/control/share/control/local_setup.sh
[5.742s] -- Up-to-date: /home/gusti/FinalProjectBayucaraka24/src/install/control/share/control/local_setup.zsh
[5.742s] -- Up-to-date: /home/gusti/FinalProjectBayucaraka24/src/install/control/share/control/local_setup.dsv
[5.742s] -- Installing: /home/gusti/FinalProjectBayucaraka24/src/install/control/share/control/package.dsv
[5.742s] -- Up-to-date: /home/gusti/FinalProjectBayucaraka24/src/install/control/share/ament_index/resource_index/packages/control
[5.742s] -- Up-to-date: /home/gusti/FinalProjectBayucaraka24/src/install/control/share/control/cmake/controlConfig.cmake
[5.742s] -- Up-to-date: /home/gusti/FinalProjectBayucaraka24/src/install/control/share/control/cmake/controlConfig-version.cmake
[5.742s] -- Up-to-date: /home/gusti/FinalProjectBayucaraka24/src/install/control/share/control/package.xml
[5.744s] Invoked command in '/home/gusti/FinalProjectBayucaraka24/src/build/control' returned '0': AMENT_PREFIX_PATH=/home/gusti/FinalProjectBayucaraka24/src/install/griddata:${AMENT_PREFIX_PATH} CMAKE_PREFIX_PATH=/home/gusti/FinalProjectBayucaraka24/src/install/griddata:/opt/ros/foxy LD_LIBRARY_PATH=/home/gusti/FinalProjectBayucaraka24/src/install/griddata/lib:${LD_LIBRARY_PATH} PYTHONPATH=/home/gusti/FinalProjectBayucaraka24/src/install/griddata/lib/python3.8/site-packages:${PYTHONPATH} /usr/local/bin/cmake --install /home/gusti/FinalProjectBayucaraka24/src/build/control
