[0.836s] Invoking command in '/home/gusti/FinalProjectBayucaraka24/src/vision': AMENT_PREFIX_PATH=/home/gusti/FinalProjectBayucaraka24/src/install/griddata:${AMENT_PREFIX_PATH} CMAKE_PREFIX_PATH=/home/gusti/FinalProjectBayucaraka24/src/install/griddata LD_LIBRARY_PATH=/home/gusti/FinalProjectBayucaraka24/src/install/griddata/lib:${LD_LIBRARY_PATH} PYTHONPATH=/home/gusti/FinalProjectBayucaraka24/src/build/vision/prefix_override:/home/gusti/FinalProjectBayucaraka24/src/install/vision/lib/python3.8/site-packages:/home/gusti/FinalProjectBayucaraka24/src/install/griddata/lib/python3.8/site-packages:${PYTHONPATH} /usr/bin/python3 setup.py egg_info --egg-base ../build/vision build --build-base /home/gusti/FinalProjectBayucaraka24/src/build/vision/build install --record /home/gusti/FinalProjectBayucaraka24/src/build/vision/install.log --install-scripts $base/lib/vision --single-version-externally-managed
[1.042s] running egg_info
[1.043s] writing ../build/vision/vision.egg-info/PKG-INFO
[1.043s] writing dependency_links to ../build/vision/vision.egg-info/dependency_links.txt
[1.043s] writing entry points to ../build/vision/vision.egg-info/entry_points.txt
[1.044s] writing requirements to ../build/vision/vision.egg-info/requires.txt
[1.044s] writing top-level names to ../build/vision/vision.egg-info/top_level.txt
[1.077s] reading manifest file '../build/vision/vision.egg-info/SOURCES.txt'
[1.078s] writing manifest file '../build/vision/vision.egg-info/SOURCES.txt'
[1.078s] running build
[1.078s] running build_py
[1.078s] copying vision/visioncam.py -> /home/gusti/FinalProjectBayucaraka24/src/build/vision/build/lib/vision
[1.078s] running install
[1.079s] running install_lib
[1.080s] copying /home/gusti/FinalProjectBayucaraka24/src/build/vision/build/lib/vision/visioncam.py -> /home/gusti/FinalProjectBayucaraka24/src/install/vision/lib/python3.8/site-packages/vision
[1.080s] byte-compiling /home/gusti/FinalProjectBayucaraka24/src/install/vision/lib/python3.8/site-packages/vision/visioncam.py to visioncam.cpython-38.pyc
[1.084s] running install_data
[1.085s] running install_egg_info
[1.086s] removing '/home/gusti/FinalProjectBayucaraka24/src/install/vision/lib/python3.8/site-packages/vision-0.0.0-py3.8.egg-info' (and everything under it)
[1.086s] Copying ../build/vision/vision.egg-info to /home/gusti/FinalProjectBayucaraka24/src/install/vision/lib/python3.8/site-packages/vision-0.0.0-py3.8.egg-info
[1.087s] running install_scripts
[1.102s] Installing vision script to /home/gusti/FinalProjectBayucaraka24/src/install/vision/lib/vision
[1.103s] writing list of installed files to '/home/gusti/FinalProjectBayucaraka24/src/build/vision/install.log'
[1.121s] Invoked command in '/home/gusti/FinalProjectBayucaraka24/src/vision' returned '0': AMENT_PREFIX_PATH=/home/gusti/FinalProjectBayucaraka24/src/install/griddata:${AMENT_PREFIX_PATH} CMAKE_PREFIX_PATH=/home/gusti/FinalProjectBayucaraka24/src/install/griddata LD_LIBRARY_PATH=/home/gusti/FinalProjectBayucaraka24/src/install/griddata/lib:${LD_LIBRARY_PATH} PYTHONPATH=/home/gusti/FinalProjectBayucaraka24/src/build/vision/prefix_override:/home/gusti/FinalProjectBayucaraka24/src/install/vision/lib/python3.8/site-packages:/home/gusti/FinalProjectBayucaraka24/src/install/griddata/lib/python3.8/site-packages:${PYTHONPATH} /usr/bin/python3 setup.py egg_info --egg-base ../build/vision build --build-base /home/gusti/FinalProjectBayucaraka24/src/build/vision/build install --record /home/gusti/FinalProjectBayucaraka24/src/build/vision/install.log --install-scripts $base/lib/vision --single-version-externally-managed
