[0.150s] Invoking command in '/home/gusti/FinalProjectBayucaraka24/src/build/griddata': CMAKE_PREFIX_PATH=/opt/ros/foxy /usr/local/bin/cmake --build /home/gusti/FinalProjectBayucaraka24/src/build/griddata -- -j8 -l8
[0.166s] [  3%] Built target griddata__cpp
[0.167s] [ 12%] Built target griddata__rosidl_generator_c
[0.176s] [ 35%] Built target griddata__rosidl_typesupport_introspection_c
[0.176s] [ 41%] Built target griddata__rosidl_typesupport_c
[0.176s] [ 35%] Built target griddata__rosidl_typesupport_fastrtps_cpp
[0.176s] [ 51%] Built target griddata__rosidl_typesupport_cpp
[0.177s] [ 61%] Built target griddata__rosidl_typesupport_introspection_cpp
[0.184s] [ 70%] Built target griddata__rosidl_typesupport_fastrtps_c
[0.189s] [ 70%] Built target griddata
[0.196s] [ 74%] Built target griddata__py
[0.203s] [ 80%] Built target griddata__python
[0.212s] [ 93%] Built target griddata__rosidl_typesupport_introspection_c__pyext
[0.213s] [ 93%] Built target griddata__rosidl_typesupport_c__pyext
[0.213s] [100%] Built target griddata__rosidl_typesupport_fastrtps_c__pyext
[0.215s] Invoked command in '/home/gusti/FinalProjectBayucaraka24/src/build/griddata' returned '0': CMAKE_PREFIX_PATH=/opt/ros/foxy /usr/local/bin/cmake --build /home/gusti/FinalProjectBayucaraka24/src/build/griddata -- -j8 -l8
[0.252s] Invoking command in '/home/gusti/FinalProjectBayucaraka24/src/build/griddata': CMAKE_PREFIX_PATH=/opt/ros/foxy /usr/local/bin/cmake --install /home/gusti/FinalProjectBayucaraka24/src/build/griddata
[0.254s] -- Install configuration: ""
[0.254s] -- Up-to-date: /home/gusti/FinalProjectBayucaraka24/src/install/griddata/share/ament_index/resource_index/rosidl_interfaces/griddata
[0.254s] -- Up-to-date: /home/gusti/FinalProjectBayucaraka24/src/install/griddata/include/griddata
[0.254s] -- Up-to-date: /home/gusti/FinalProjectBayucaraka24/src/install/griddata/include/griddata/msg
[0.255s] -- Up-to-date: /home/gusti/FinalProjectBayucaraka24/src/install/griddata/include/griddata/msg/rosidl_generator_c__visibility_control.h
[0.255s] -- Up-to-date: /home/gusti/FinalProjectBayucaraka24/src/install/griddata/include/griddata/msg/game_state.h
[0.255s] -- Up-to-date: /home/gusti/FinalProjectBayucaraka24/src/install/griddata/include/griddata/msg/detail
[0.255s] -- Up-to-date: /home/gusti/FinalProjectBayucaraka24/src/install/griddata/include/griddata/msg/detail/game_state__type_support.h
[0.255s] -- Up-to-date: /home/gusti/FinalProjectBayucaraka24/src/install/griddata/include/griddata/msg/detail/game_state__functions.h
[0.255s] -- Up-to-date: /home/gusti/FinalProjectBayucaraka24/src/install/griddata/include/griddata/msg/detail/game_state__struct.h
[0.255s] -- Up-to-date: /home/gusti/FinalProjectBayucaraka24/src/install/griddata/include/griddata/msg/detail/game_state__functions.c
[0.256s] -- Up-to-date: /home/gusti/FinalProjectBayucaraka24/src/install/griddata/share/griddata/environment/library_path.sh
[0.256s] -- Up-to-date: /home/gusti/FinalProjectBayucaraka24/src/install/griddata/share/griddata/environment/library_path.dsv
[0.256s] -- Up-to-date: /home/gusti/FinalProjectBayucaraka24/src/install/griddata/lib/libgriddata__rosidl_generator_c.so
[0.256s] -- Up-to-date: /home/gusti/FinalProjectBayucaraka24/src/install/griddata/include/griddata
[0.256s] -- Up-to-date: /home/gusti/FinalProjectBayucaraka24/src/install/griddata/include/griddata/msg
[0.256s] -- Up-to-date: /home/gusti/FinalProjectBayucaraka24/src/install/griddata/include/griddata/msg/rosidl_typesupport_fastrtps_c__visibility_control.h
[0.256s] -- Up-to-date: /home/gusti/FinalProjectBayucaraka24/src/install/griddata/include/griddata/msg/detail
[0.257s] -- Up-to-date: /home/gusti/FinalProjectBayucaraka24/src/install/griddata/include/griddata/msg/detail/game_state__rosidl_typesupport_fastrtps_c.h
[0.257s] -- Up-to-date: /home/gusti/FinalProjectBayucaraka24/src/install/griddata/lib/libgriddata__rosidl_typesupport_fastrtps_c.so
[0.257s] -- Up-to-date: /home/gusti/FinalProjectBayucaraka24/src/install/griddata/include/griddata
[0.257s] -- Up-to-date: /home/gusti/FinalProjectBayucaraka24/src/install/griddata/include/griddata/msg
[0.257s] -- Up-to-date: /home/gusti/FinalProjectBayucaraka24/src/install/griddata/include/griddata/msg/rosidl_typesupport_fastrtps_cpp__visibility_control.h
[0.257s] -- Up-to-date: /home/gusti/FinalProjectBayucaraka24/src/install/griddata/include/griddata/msg/detail
[0.257s] -- Up-to-date: /home/gusti/FinalProjectBayucaraka24/src/install/griddata/include/griddata/msg/detail/dds_fastrtps
[0.257s] -- Up-to-date: /home/gusti/FinalProjectBayucaraka24/src/install/griddata/include/griddata/msg/detail/game_state__rosidl_typesupport_fastrtps_cpp.hpp
[0.257s] -- Up-to-date: /home/gusti/FinalProjectBayucaraka24/src/install/griddata/lib/libgriddata__rosidl_typesupport_fastrtps_cpp.so
[0.257s] -- Up-to-date: /home/gusti/FinalProjectBayucaraka24/src/install/griddata/include/griddata
[0.257s] -- Up-to-date: /home/gusti/FinalProjectBayucaraka24/src/install/griddata/include/griddata/msg
[0.257s] -- Up-to-date: /home/gusti/FinalProjectBayucaraka24/src/install/griddata/include/griddata/msg/rosidl_typesupport_introspection_c__visibility_control.h
[0.258s] -- Up-to-date: /home/gusti/FinalProjectBayucaraka24/src/install/griddata/include/griddata/msg/detail
[0.258s] -- Up-to-date: /home/gusti/FinalProjectBayucaraka24/src/install/griddata/include/griddata/msg/detail/game_state__type_support.c
[0.258s] -- Up-to-date: /home/gusti/FinalProjectBayucaraka24/src/install/griddata/include/griddata/msg/detail/game_state__rosidl_typesupport_introspection_c.h
[0.258s] -- Up-to-date: /home/gusti/FinalProjectBayucaraka24/src/install/griddata/lib/libgriddata__rosidl_typesupport_introspection_c.so
[0.258s] -- Up-to-date: /home/gusti/FinalProjectBayucaraka24/src/install/griddata/lib/libgriddata__rosidl_typesupport_c.so
[0.258s] -- Up-to-date: /home/gusti/FinalProjectBayucaraka24/src/install/griddata/include/griddata
[0.258s] -- Up-to-date: /home/gusti/FinalProjectBayucaraka24/src/install/griddata/include/griddata/msg
[0.258s] -- Up-to-date: /home/gusti/FinalProjectBayucaraka24/src/install/griddata/include/griddata/msg/game_state.hpp
[0.258s] -- Up-to-date: /home/gusti/FinalProjectBayucaraka24/src/install/griddata/include/griddata/msg/rosidl_generator_cpp__visibility_control.hpp
[0.258s] -- Up-to-date: /home/gusti/FinalProjectBayucaraka24/src/install/griddata/include/griddata/msg/detail
[0.258s] -- Up-to-date: /home/gusti/FinalProjectBayucaraka24/src/install/griddata/include/griddata/msg/detail/game_state__type_support.hpp
[0.258s] -- Up-to-date: /home/gusti/FinalProjectBayucaraka24/src/install/griddata/include/griddata/msg/detail/game_state__traits.hpp
[0.258s] -- Up-to-date: /home/gusti/FinalProjectBayucaraka24/src/install/griddata/include/griddata/msg/detail/game_state__builder.hpp
[0.258s] -- Up-to-date: /home/gusti/FinalProjectBayucaraka24/src/install/griddata/include/griddata/msg/detail/game_state__struct.hpp
[0.258s] -- Up-to-date: /home/gusti/FinalProjectBayucaraka24/src/install/griddata/include/griddata
[0.259s] -- Up-to-date: /home/gusti/FinalProjectBayucaraka24/src/install/griddata/include/griddata/msg
[0.259s] -- Up-to-date: /home/gusti/FinalProjectBayucaraka24/src/install/griddata/include/griddata/msg/detail
[0.259s] -- Up-to-date: /home/gusti/FinalProjectBayucaraka24/src/install/griddata/include/griddata/msg/detail/game_state__type_support.cpp
[0.259s] -- Up-to-date: /home/gusti/FinalProjectBayucaraka24/src/install/griddata/include/griddata/msg/detail/game_state__rosidl_typesupport_introspection_cpp.hpp
[0.259s] -- Up-to-date: /home/gusti/FinalProjectBayucaraka24/src/install/griddata/lib/libgriddata__rosidl_typesupport_introspection_cpp.so
[0.259s] -- Up-to-date: /home/gusti/FinalProjectBayucaraka24/src/install/griddata/lib/libgriddata__rosidl_typesupport_cpp.so
[0.259s] -- Up-to-date: /home/gusti/FinalProjectBayucaraka24/src/install/griddata/share/griddata/environment/pythonpath.sh
[0.259s] -- Up-to-date: /home/gusti/FinalProjectBayucaraka24/src/install/griddata/share/griddata/environment/pythonpath.dsv
[0.259s] -- Up-to-date: /home/gusti/FinalProjectBayucaraka24/src/install/griddata/lib/python3.8/site-packages/griddata/__init__.py
[0.288s] -- Up-to-date: /home/gusti/FinalProjectBayucaraka24/src/install/griddata/lib/python3.8/site-packages/griddata/msg
[0.288s] -- Up-to-date: /home/gusti/FinalProjectBayucaraka24/src/install/griddata/lib/python3.8/site-packages/griddata/msg/_game_state.py
[0.288s] -- Up-to-date: /home/gusti/FinalProjectBayucaraka24/src/install/griddata/lib/python3.8/site-packages/griddata/msg/__init__.py
[0.288s] -- Up-to-date: /home/gusti/FinalProjectBayucaraka24/src/install/griddata/lib/python3.8/site-packages/griddata/msg/_game_state_s.c
[0.288s] -- Up-to-date: /home/gusti/FinalProjectBayucaraka24/src/install/griddata/lib/python3.8/site-packages/griddata/griddata_s__rosidl_typesupport_fastrtps_c.cpython-38-x86_64-linux-gnu.so
[0.288s] -- Up-to-date: /home/gusti/FinalProjectBayucaraka24/src/install/griddata/lib/python3.8/site-packages/griddata/griddata_s__rosidl_typesupport_introspection_c.cpython-38-x86_64-linux-gnu.so
[0.288s] -- Up-to-date: /home/gusti/FinalProjectBayucaraka24/src/install/griddata/lib/python3.8/site-packages/griddata/griddata_s__rosidl_typesupport_c.cpython-38-x86_64-linux-gnu.so
[0.289s] -- Up-to-date: /home/gusti/FinalProjectBayucaraka24/src/install/griddata/lib/libgriddata__python.so
[0.289s] -- Up-to-date: /home/gusti/FinalProjectBayucaraka24/src/install/griddata/share/griddata/msg/GameState.idl
[0.289s] -- Up-to-date: /home/gusti/FinalProjectBayucaraka24/src/install/griddata/share/griddata/msg/GameState.msg
[0.289s] -- Up-to-date: /home/gusti/FinalProjectBayucaraka24/src/install/griddata/share/ament_index/resource_index/package_run_dependencies/griddata
[0.289s] -- Up-to-date: /home/gusti/FinalProjectBayucaraka24/src/install/griddata/share/ament_index/resource_index/parent_prefix_path/griddata
[0.289s] -- Up-to-date: /home/gusti/FinalProjectBayucaraka24/src/install/griddata/share/griddata/environment/ament_prefix_path.sh
[0.289s] -- Up-to-date: /home/gusti/FinalProjectBayucaraka24/src/install/griddata/share/griddata/environment/ament_prefix_path.dsv
[0.289s] -- Up-to-date: /home/gusti/FinalProjectBayucaraka24/src/install/griddata/share/griddata/environment/path.sh
[0.289s] -- Up-to-date: /home/gusti/FinalProjectBayucaraka24/src/install/griddata/share/griddata/environment/path.dsv
[0.290s] -- Up-to-date: /home/gusti/FinalProjectBayucaraka24/src/install/griddata/share/griddata/local_setup.bash
[0.290s] -- Up-to-date: /home/gusti/FinalProjectBayucaraka24/src/install/griddata/share/griddata/local_setup.sh
[0.290s] -- Up-to-date: /home/gusti/FinalProjectBayucaraka24/src/install/griddata/share/griddata/local_setup.zsh
[0.290s] -- Up-to-date: /home/gusti/FinalProjectBayucaraka24/src/install/griddata/share/griddata/local_setup.dsv
[0.290s] -- Installing: /home/gusti/FinalProjectBayucaraka24/src/install/griddata/share/griddata/package.dsv
[0.290s] -- Up-to-date: /home/gusti/FinalProjectBayucaraka24/src/install/griddata/share/ament_index/resource_index/packages/griddata
[0.290s] -- Up-to-date: /home/gusti/FinalProjectBayucaraka24/src/install/griddata/share/griddata/cmake/griddata__rosidl_generator_cExport.cmake
[0.290s] -- Up-to-date: /home/gusti/FinalProjectBayucaraka24/src/install/griddata/share/griddata/cmake/griddata__rosidl_generator_cExport-noconfig.cmake
[0.291s] -- Up-to-date: /home/gusti/FinalProjectBayucaraka24/src/install/griddata/share/griddata/cmake/griddata__rosidl_typesupport_introspection_cExport.cmake
[0.291s] -- Up-to-date: /home/gusti/FinalProjectBayucaraka24/src/install/griddata/share/griddata/cmake/griddata__rosidl_typesupport_introspection_cExport-noconfig.cmake
[0.291s] -- Up-to-date: /home/gusti/FinalProjectBayucaraka24/src/install/griddata/share/griddata/cmake/griddata__rosidl_typesupport_cExport.cmake
[0.291s] -- Up-to-date: /home/gusti/FinalProjectBayucaraka24/src/install/griddata/share/griddata/cmake/griddata__rosidl_typesupport_cExport-noconfig.cmake
[0.291s] -- Up-to-date: /home/gusti/FinalProjectBayucaraka24/src/install/griddata/share/griddata/cmake/griddata__rosidl_generator_cppExport.cmake
[0.291s] -- Up-to-date: /home/gusti/FinalProjectBayucaraka24/src/install/griddata/share/griddata/cmake/griddata__rosidl_typesupport_introspection_cppExport.cmake
[0.291s] -- Up-to-date: /home/gusti/FinalProjectBayucaraka24/src/install/griddata/share/griddata/cmake/griddata__rosidl_typesupport_introspection_cppExport-noconfig.cmake
[0.291s] -- Up-to-date: /home/gusti/FinalProjectBayucaraka24/src/install/griddata/share/griddata/cmake/griddata__rosidl_typesupport_cppExport.cmake
[0.291s] -- Up-to-date: /home/gusti/FinalProjectBayucaraka24/src/install/griddata/share/griddata/cmake/griddata__rosidl_typesupport_cppExport-noconfig.cmake
[0.292s] -- Up-to-date: /home/gusti/FinalProjectBayucaraka24/src/install/griddata/share/griddata/cmake/rosidl_cmake-extras.cmake
[0.292s] -- Up-to-date: /home/gusti/FinalProjectBayucaraka24/src/install/griddata/share/griddata/cmake/ament_cmake_export_dependencies-extras.cmake
[0.292s] -- Up-to-date: /home/gusti/FinalProjectBayucaraka24/src/install/griddata/share/griddata/cmake/ament_cmake_export_libraries-extras.cmake
[0.292s] -- Up-to-date: /home/gusti/FinalProjectBayucaraka24/src/install/griddata/share/griddata/cmake/ament_cmake_export_targets-extras.cmake
[0.293s] -- Up-to-date: /home/gusti/FinalProjectBayucaraka24/src/install/griddata/share/griddata/cmake/ament_cmake_export_include_directories-extras.cmake
[0.293s] -- Up-to-date: /home/gusti/FinalProjectBayucaraka24/src/install/griddata/share/griddata/cmake/rosidl_cmake_export_typesupport_libraries-extras.cmake
[0.293s] -- Up-to-date: /home/gusti/FinalProjectBayucaraka24/src/install/griddata/share/griddata/cmake/rosidl_cmake_export_typesupport_targets-extras.cmake
[0.293s] -- Up-to-date: /home/gusti/FinalProjectBayucaraka24/src/install/griddata/share/griddata/cmake/griddataConfig.cmake
[0.293s] -- Up-to-date: /home/gusti/FinalProjectBayucaraka24/src/install/griddata/share/griddata/cmake/griddataConfig-version.cmake
[0.293s] -- Up-to-date: /home/gusti/FinalProjectBayucaraka24/src/install/griddata/share/griddata/package.xml
[0.293s] Invoked command in '/home/gusti/FinalProjectBayucaraka24/src/build/griddata' returned '0': CMAKE_PREFIX_PATH=/opt/ros/foxy /usr/local/bin/cmake --install /home/gusti/FinalProjectBayucaraka24/src/build/griddata
