[2.165s] DEBUG:colcon:Command line arguments: ['/usr/bin/colcon', 'build', '--packages-select', 'control']
[2.165s] DEBUG:colcon:Parsed command line arguments: Namespace(allow_overriding=[], ament_cmake_args=None, base_paths=['.'], build_base='build', catkin_cmake_args=None, catkin_skip_building_tests=False, cmake_args=None, cmake_clean_cache=False, cmake_clean_first=False, cmake_force_configure=False, cmake_target=None, cmake_target_skip_unavailable=False, continue_on_error=False, event_handlers=None, executor='parallel', ignore_user_meta=False, install_base='install', log_base=None, log_level=None, main=<bound method BuildVerb.main of <colcon_core.verb.build.BuildVerb object at 0x7f1f98cfca90>>, merge_install=False, metas=['./colcon.meta'], packages_above=None, packages_above_and_dependencies=None, packages_above_depth=None, packages_end=None, packages_ignore=None, packages_ignore_regex=None, packages_select=['control'], packages_select_build_failed=False, packages_select_by_dep=None, packages_select_regex=None, packages_select_test_failures=False, packages_skip=None, packages_skip_build_finished=False, packages_skip_by_dep=None, packages_skip_regex=None, packages_skip_test_passed=False, packages_skip_up_to=None, packages_start=None, packages_up_to=None, packages_up_to_regex=None, parallel_workers=8, paths=None, symlink_install=False, test_result_base=None, verb_extension=<colcon_core.verb.build.BuildVerb object at 0x7f1f98cfca90>, verb_name='build', verb_parser=<colcon_defaults.argument_parser.defaults.DefaultArgumentsDecorator object at 0x7f1f994ceb80>)
[2.268s] Level 1:colcon.colcon_core.package_discovery:discover_packages(colcon_meta) check parameters
[2.268s] Level 1:colcon.colcon_core.package_discovery:discover_packages(recursive) check parameters
[2.268s] Level 1:colcon.colcon_core.package_discovery:discover_packages(ignore) check parameters
[2.268s] Level 1:colcon.colcon_core.package_discovery:discover_packages(path) check parameters
[2.268s] Level 1:colcon.colcon_core.package_discovery:discover_packages(colcon_meta) discover
[2.268s] Level 1:colcon.colcon_core.package_discovery:discover_packages(recursive) discover
[2.268s] INFO:colcon.colcon_core.package_discovery:Crawling recursively for packages in '/home/gusti/FinalProjectBayucaraka24/src'
[2.268s] Level 1:colcon.colcon_core.package_identification:_identify(.) by extensions ['ignore', 'ignore_ament_install']
[2.269s] Level 1:colcon.colcon_core.package_identification:_identify(.) by extension 'ignore'
[2.269s] Level 1:colcon.colcon_core.package_identification:_identify(.) by extension 'ignore_ament_install'
[2.269s] Level 1:colcon.colcon_core.package_identification:_identify(.) by extensions ['colcon_pkg']
[2.269s] Level 1:colcon.colcon_core.package_identification:_identify(.) by extension 'colcon_pkg'
[2.269s] Level 1:colcon.colcon_core.package_identification:_identify(.) by extensions ['colcon_meta']
[2.269s] Level 1:colcon.colcon_core.package_identification:_identify(.) by extension 'colcon_meta'
[2.269s] Level 1:colcon.colcon_core.package_identification:_identify(.) by extensions ['ros']
[2.269s] Level 1:colcon.colcon_core.package_identification:_identify(.) by extension 'ros'
[2.280s] Level 1:colcon.colcon_core.package_identification:_identify(.) by extensions ['cmake', 'python']
[2.280s] Level 1:colcon.colcon_core.package_identification:_identify(.) by extension 'cmake'
[2.280s] Level 1:colcon.colcon_core.package_identification:_identify(.) by extension 'python'
[2.280s] Level 1:colcon.colcon_core.package_identification:_identify(.) by extensions ['python_setup_py']
[2.280s] Level 1:colcon.colcon_core.package_identification:_identify(.) by extension 'python_setup_py'
[2.281s] Level 1:colcon.colcon_core.package_identification:_identify(build) by extensions ['ignore', 'ignore_ament_install']
[2.281s] Level 1:colcon.colcon_core.package_identification:_identify(build) by extension 'ignore'
[2.281s] Level 1:colcon.colcon_core.package_identification:_identify(build) ignored
[2.281s] Level 1:colcon.colcon_core.package_identification:_identify(control) by extensions ['ignore', 'ignore_ament_install']
[2.281s] Level 1:colcon.colcon_core.package_identification:_identify(control) by extension 'ignore'
[2.281s] Level 1:colcon.colcon_core.package_identification:_identify(control) by extension 'ignore_ament_install'
[2.281s] Level 1:colcon.colcon_core.package_identification:_identify(control) by extensions ['colcon_pkg']
[2.281s] Level 1:colcon.colcon_core.package_identification:_identify(control) by extension 'colcon_pkg'
[2.281s] Level 1:colcon.colcon_core.package_identification:_identify(control) by extensions ['colcon_meta']
[2.281s] Level 1:colcon.colcon_core.package_identification:_identify(control) by extension 'colcon_meta'
[2.281s] Level 1:colcon.colcon_core.package_identification:_identify(control) by extensions ['ros']
[2.281s] Level 1:colcon.colcon_core.package_identification:_identify(control) by extension 'ros'
[2.284s] DEBUG:colcon.colcon_core.package_identification:Package 'control' with type 'ros.ament_cmake' and name 'control'
[2.285s] Level 1:colcon.colcon_core.package_identification:_identify(griddata) by extensions ['ignore', 'ignore_ament_install']
[2.285s] Level 1:colcon.colcon_core.package_identification:_identify(griddata) by extension 'ignore'
[2.285s] Level 1:colcon.colcon_core.package_identification:_identify(griddata) by extension 'ignore_ament_install'
[2.285s] Level 1:colcon.colcon_core.package_identification:_identify(griddata) by extensions ['colcon_pkg']
[2.285s] Level 1:colcon.colcon_core.package_identification:_identify(griddata) by extension 'colcon_pkg'
[2.285s] Level 1:colcon.colcon_core.package_identification:_identify(griddata) by extensions ['colcon_meta']
[2.285s] Level 1:colcon.colcon_core.package_identification:_identify(griddata) by extension 'colcon_meta'
[2.285s] Level 1:colcon.colcon_core.package_identification:_identify(griddata) by extensions ['ros']
[2.285s] Level 1:colcon.colcon_core.package_identification:_identify(griddata) by extension 'ros'
[2.286s] DEBUG:colcon.colcon_core.package_identification:Package 'griddata' with type 'ros.ament_cmake' and name 'griddata'
[2.286s] Level 1:colcon.colcon_core.package_identification:_identify(install) by extensions ['ignore', 'ignore_ament_install']
[2.286s] Level 1:colcon.colcon_core.package_identification:_identify(install) by extension 'ignore'
[2.286s] Level 1:colcon.colcon_core.package_identification:_identify(install) ignored
[2.286s] Level 1:colcon.colcon_core.package_identification:_identify(log) by extensions ['ignore', 'ignore_ament_install']
[2.286s] Level 1:colcon.colcon_core.package_identification:_identify(log) by extension 'ignore'
[2.286s] Level 1:colcon.colcon_core.package_identification:_identify(log) ignored
[2.286s] Level 1:colcon.colcon_core.package_identification:_identify(vision) by extensions ['ignore', 'ignore_ament_install']
[2.286s] Level 1:colcon.colcon_core.package_identification:_identify(vision) by extension 'ignore'
[2.286s] Level 1:colcon.colcon_core.package_identification:_identify(vision) by extension 'ignore_ament_install'
[2.286s] Level 1:colcon.colcon_core.package_identification:_identify(vision) by extensions ['colcon_pkg']
[2.286s] Level 1:colcon.colcon_core.package_identification:_identify(vision) by extension 'colcon_pkg'
[2.286s] Level 1:colcon.colcon_core.package_identification:_identify(vision) by extensions ['colcon_meta']
[2.287s] Level 1:colcon.colcon_core.package_identification:_identify(vision) by extension 'colcon_meta'
[2.287s] Level 1:colcon.colcon_core.package_identification:_identify(vision) by extensions ['ros']
[2.287s] Level 1:colcon.colcon_core.package_identification:_identify(vision) by extension 'ros'
[2.287s] DEBUG:colcon.colcon_core.package_identification:Package 'vision' with type 'ros.ament_python' and name 'vision'
[2.287s] Level 1:colcon.colcon_core.package_discovery:discover_packages(recursive) using defaults
[2.287s] Level 1:colcon.colcon_core.package_discovery:discover_packages(ignore) discover
[2.288s] Level 1:colcon.colcon_core.package_discovery:discover_packages(ignore) using defaults
[2.288s] Level 1:colcon.colcon_core.package_discovery:discover_packages(path) discover
[2.288s] Level 1:colcon.colcon_core.package_discovery:discover_packages(path) using defaults
[2.419s] INFO:colcon.colcon_core.package_selection:Skipping not selected package 'griddata' in 'griddata'
[2.419s] INFO:colcon.colcon_core.package_selection:Skipping not selected package 'vision' in 'vision'
[2.495s] Level 1:colcon.colcon_core.package_discovery:discover_packages(prefix_path) check parameters
[2.495s] Level 1:colcon.colcon_core.package_discovery:discover_packages(prefix_path) discover
[2.572s] DEBUG:colcon.colcon_installed_package_information.package_discovery:Found 3 installed packages in /home/gusti/FinalProjectBayucaraka24/src/install
[2.610s] DEBUG:colcon.colcon_installed_package_information.package_discovery:Found 256 installed packages in /opt/ros/foxy
[2.612s] Level 1:colcon.colcon_core.package_discovery:discover_packages(prefix_path) using defaults
[2.768s] Level 5:colcon.colcon_core.verb:set package 'control' build argument 'cmake_args' from command line to 'None'
[2.768s] Level 5:colcon.colcon_core.verb:set package 'control' build argument 'cmake_target' from command line to 'None'
[2.768s] Level 5:colcon.colcon_core.verb:set package 'control' build argument 'cmake_target_skip_unavailable' from command line to 'False'
[2.768s] Level 5:colcon.colcon_core.verb:set package 'control' build argument 'cmake_clean_cache' from command line to 'False'
[2.768s] Level 5:colcon.colcon_core.verb:set package 'control' build argument 'cmake_clean_first' from command line to 'False'
[2.768s] Level 5:colcon.colcon_core.verb:set package 'control' build argument 'cmake_force_configure' from command line to 'False'
[2.768s] Level 5:colcon.colcon_core.verb:set package 'control' build argument 'ament_cmake_args' from command line to 'None'
[2.768s] Level 5:colcon.colcon_core.verb:set package 'control' build argument 'catkin_cmake_args' from command line to 'None'
[2.768s] Level 5:colcon.colcon_core.verb:set package 'control' build argument 'catkin_skip_building_tests' from command line to 'False'
[2.768s] DEBUG:colcon.colcon_core.verb:Building package 'control' with the following arguments: {'ament_cmake_args': None, 'build_base': '/home/gusti/FinalProjectBayucaraka24/src/build/control', 'catkin_cmake_args': None, 'catkin_skip_building_tests': False, 'cmake_args': None, 'cmake_clean_cache': False, 'cmake_clean_first': False, 'cmake_force_configure': False, 'cmake_target': None, 'cmake_target_skip_unavailable': False, 'install_base': '/home/gusti/FinalProjectBayucaraka24/src/install/control', 'merge_install': False, 'path': '/home/gusti/FinalProjectBayucaraka24/src/control', 'symlink_install': False, 'test_result_base': None}
[2.807s] INFO:colcon.colcon_core.executor:Executing jobs using 'parallel' executor
[2.845s] DEBUG:colcon.colcon_parallel_executor.executor.parallel:run_until_complete
[2.845s] INFO:colcon.colcon_ros.task.ament_cmake.build:Building ROS package in '/home/gusti/FinalProjectBayucaraka24/src/control' with build type 'ament_cmake'
[2.845s] INFO:colcon.colcon_cmake.task.cmake.build:Building CMake package in '/home/gusti/FinalProjectBayucaraka24/src/control'
[2.885s] INFO:colcon.colcon_core.plugin_system:Skipping extension 'colcon_core.shell.bat': Not used on non-Windows systems
[2.886s] INFO:colcon.colcon_core.shell:Skip shell extension 'powershell' for command environment: Not usable outside of PowerShell
[2.886s] DEBUG:colcon.colcon_core.shell:Skip shell extension 'dsv' for command environment
[3.011s] DEBUG:colcon.colcon_core.event_handler.log_command:Invoking command in '/home/gusti/FinalProjectBayucaraka24/src/build/control': CMAKE_PREFIX_PATH=${CMAKE_PREFIX_PATH}:/home/gusti/FinalProjectBayucaraka24/src/install/vision:/opt/ros/foxy /usr/local/bin/cmake --build /home/gusti/FinalProjectBayucaraka24/src/build/control -- -j8 -l8
[7.953s] DEBUG:colcon.colcon_core.event_handler.log_command:Invoked command in '/home/gusti/FinalProjectBayucaraka24/src/build/control' returned '0': CMAKE_PREFIX_PATH=${CMAKE_PREFIX_PATH}:/home/gusti/FinalProjectBayucaraka24/src/install/vision:/opt/ros/foxy /usr/local/bin/cmake --build /home/gusti/FinalProjectBayucaraka24/src/build/control -- -j8 -l8
[7.972s] DEBUG:colcon.colcon_core.event_handler.log_command:Invoking command in '/home/gusti/FinalProjectBayucaraka24/src/build/control': CMAKE_PREFIX_PATH=${CMAKE_PREFIX_PATH}:/home/gusti/FinalProjectBayucaraka24/src/install/vision:/opt/ros/foxy /usr/local/bin/cmake --install /home/gusti/FinalProjectBayucaraka24/src/build/control
[7.978s] Level 1:colcon.colcon_core.environment:create_environment_scripts_only(control)
[7.979s] DEBUG:colcon.colcon_core.event_handler.log_command:Invoked command in '/home/gusti/FinalProjectBayucaraka24/src/build/control' returned '0': CMAKE_PREFIX_PATH=${CMAKE_PREFIX_PATH}:/home/gusti/FinalProjectBayucaraka24/src/install/vision:/opt/ros/foxy /usr/local/bin/cmake --install /home/gusti/FinalProjectBayucaraka24/src/build/control
[8.027s] Level 1:colcon.colcon_core.environment:checking '/home/gusti/FinalProjectBayucaraka24/src/install/control' for CMake module files
[8.028s] Level 1:colcon.colcon_core.environment:checking '/home/gusti/FinalProjectBayucaraka24/src/install/control' for CMake config files
[8.028s] Level 1:colcon.colcon_core.shell:create_environment_hook('control', 'cmake_prefix_path')
[8.071s] INFO:colcon.colcon_core.shell:Creating environment hook '/home/gusti/FinalProjectBayucaraka24/src/install/control/share/control/hook/cmake_prefix_path.ps1'
[8.072s] INFO:colcon.colcon_core.shell:Creating environment descriptor '/home/gusti/FinalProjectBayucaraka24/src/install/control/share/control/hook/cmake_prefix_path.dsv'
[8.072s] INFO:colcon.colcon_core.shell:Creating environment hook '/home/gusti/FinalProjectBayucaraka24/src/install/control/share/control/hook/cmake_prefix_path.sh'
[8.073s] Level 1:colcon.colcon_core.environment:checking '/home/gusti/FinalProjectBayucaraka24/src/install/control/lib'
[8.073s] Level 1:colcon.colcon_core.environment:checking '/home/gusti/FinalProjectBayucaraka24/src/install/control/bin'
[8.073s] Level 1:colcon.colcon_core.environment:checking '/home/gusti/FinalProjectBayucaraka24/src/install/control/lib/pkgconfig/control.pc'
[8.074s] Level 1:colcon.colcon_core.environment:checking '/home/gusti/FinalProjectBayucaraka24/src/install/control/lib/python3.8/site-packages'
[8.074s] Level 1:colcon.colcon_core.environment:checking '/home/gusti/FinalProjectBayucaraka24/src/install/control/bin'
[8.115s] INFO:colcon.colcon_core.shell:Creating package script '/home/gusti/FinalProjectBayucaraka24/src/install/control/share/control/package.ps1'
[8.115s] INFO:colcon.colcon_core.shell:Creating package descriptor '/home/gusti/FinalProjectBayucaraka24/src/install/control/share/control/package.dsv'
[8.116s] INFO:colcon.colcon_core.shell:Creating package script '/home/gusti/FinalProjectBayucaraka24/src/install/control/share/control/package.sh'
[8.116s] INFO:colcon.colcon_core.shell:Creating package script '/home/gusti/FinalProjectBayucaraka24/src/install/control/share/control/package.bash'
[8.117s] INFO:colcon.colcon_core.shell:Creating package script '/home/gusti/FinalProjectBayucaraka24/src/install/control/share/control/package.zsh'
[8.117s] Level 1:colcon.colcon_core.environment:create_file_with_runtime_dependencies(/home/gusti/FinalProjectBayucaraka24/src/install/control/share/colcon-core/packages/control)
[8.173s] Level 1:colcon.colcon_core.environment:create_environment_scripts_only(control)
[8.213s] Level 1:colcon.colcon_core.environment:checking '/home/gusti/FinalProjectBayucaraka24/src/install/control' for CMake module files
[8.213s] Level 1:colcon.colcon_core.environment:checking '/home/gusti/FinalProjectBayucaraka24/src/install/control' for CMake config files
[8.213s] Level 1:colcon.colcon_core.shell:create_environment_hook('control', 'cmake_prefix_path')
[8.258s] INFO:colcon.colcon_core.shell:Creating environment hook '/home/gusti/FinalProjectBayucaraka24/src/install/control/share/control/hook/cmake_prefix_path.ps1'
[8.258s] INFO:colcon.colcon_core.shell:Creating environment descriptor '/home/gusti/FinalProjectBayucaraka24/src/install/control/share/control/hook/cmake_prefix_path.dsv'
[8.259s] INFO:colcon.colcon_core.shell:Creating environment hook '/home/gusti/FinalProjectBayucaraka24/src/install/control/share/control/hook/cmake_prefix_path.sh'
[8.259s] Level 1:colcon.colcon_core.environment:checking '/home/gusti/FinalProjectBayucaraka24/src/install/control/lib'
[8.259s] Level 1:colcon.colcon_core.environment:checking '/home/gusti/FinalProjectBayucaraka24/src/install/control/bin'
[8.259s] Level 1:colcon.colcon_core.environment:checking '/home/gusti/FinalProjectBayucaraka24/src/install/control/lib/pkgconfig/control.pc'
[8.260s] Level 1:colcon.colcon_core.environment:checking '/home/gusti/FinalProjectBayucaraka24/src/install/control/lib/python3.8/site-packages'
[8.260s] Level 1:colcon.colcon_core.environment:checking '/home/gusti/FinalProjectBayucaraka24/src/install/control/bin'
[8.299s] INFO:colcon.colcon_core.shell:Creating package script '/home/gusti/FinalProjectBayucaraka24/src/install/control/share/control/package.ps1'
[8.300s] INFO:colcon.colcon_core.shell:Creating package descriptor '/home/gusti/FinalProjectBayucaraka24/src/install/control/share/control/package.dsv'
[8.300s] INFO:colcon.colcon_core.shell:Creating package script '/home/gusti/FinalProjectBayucaraka24/src/install/control/share/control/package.sh'
[8.301s] INFO:colcon.colcon_core.shell:Creating package script '/home/gusti/FinalProjectBayucaraka24/src/install/control/share/control/package.bash'
[8.301s] INFO:colcon.colcon_core.shell:Creating package script '/home/gusti/FinalProjectBayucaraka24/src/install/control/share/control/package.zsh'
[8.301s] Level 1:colcon.colcon_core.environment:create_file_with_runtime_dependencies(/home/gusti/FinalProjectBayucaraka24/src/install/control/share/colcon-core/packages/control)
[8.301s] DEBUG:colcon.colcon_parallel_executor.executor.parallel:closing loop
[8.301s] DEBUG:colcon.colcon_parallel_executor.executor.parallel:loop closed
[8.302s] DEBUG:colcon.colcon_parallel_executor.executor.parallel:run_until_complete finished with '0'
[8.302s] DEBUG:colcon.colcon_core.event_reactor:joining thread
[8.347s] INFO:colcon.colcon_core.plugin_system:Skipping extension 'colcon_notification.desktop_notification.terminal_notifier': Not used on non-Darwin systems
[8.347s] INFO:colcon.colcon_core.plugin_system:Skipping extension 'colcon_notification.desktop_notification.win32': Not used on non-Windows systems
[8.347s] INFO:colcon.colcon_notification.desktop_notification:Sending desktop notification using 'notify2'
[8.360s] DEBUG:colcon.colcon_core.event_reactor:joined thread
[8.408s] INFO:colcon.colcon_core.shell:Creating prefix script '/home/gusti/FinalProjectBayucaraka24/src/install/local_setup.ps1'
[8.409s] INFO:colcon.colcon_core.shell:Creating prefix util module '/home/gusti/FinalProjectBayucaraka24/src/install/_local_setup_util_ps1.py'
[8.411s] INFO:colcon.colcon_core.shell:Creating prefix chain script '/home/gusti/FinalProjectBayucaraka24/src/install/setup.ps1'
[8.456s] INFO:colcon.colcon_core.shell:Creating prefix script '/home/gusti/FinalProjectBayucaraka24/src/install/local_setup.sh'
[8.456s] INFO:colcon.colcon_core.shell:Creating prefix util module '/home/gusti/FinalProjectBayucaraka24/src/install/_local_setup_util_sh.py'
[8.457s] INFO:colcon.colcon_core.shell:Creating prefix chain script '/home/gusti/FinalProjectBayucaraka24/src/install/setup.sh'
[8.501s] INFO:colcon.colcon_core.shell:Creating prefix script '/home/gusti/FinalProjectBayucaraka24/src/install/local_setup.bash'
[8.502s] INFO:colcon.colcon_core.shell:Creating prefix chain script '/home/gusti/FinalProjectBayucaraka24/src/install/setup.bash'
[8.554s] INFO:colcon.colcon_core.shell:Creating prefix script '/home/gusti/FinalProjectBayucaraka24/src/install/local_setup.zsh'
[8.554s] INFO:colcon.colcon_core.shell:Creating prefix chain script '/home/gusti/FinalProjectBayucaraka24/src/install/setup.zsh'
