[0.879s] Invoking command in '/home/gusti/FinalProjectBayucaraka24/src/vision': PYTHONPATH=/home/gusti/FinalProjectBayucaraka24/src/build/vision/prefix_override:/home/gusti/FinalProjectBayucaraka24/src/install/vision/lib/python3.8/site-packages:${PYTHONPATH} /usr/bin/python3 setup.py egg_info --egg-base ../build/vision build --build-base /home/gusti/FinalProjectBayucaraka24/src/build/vision/build install --record /home/gusti/FinalProjectBayucaraka24/src/build/vision/install.log --install-scripts $base/lib/vision --single-version-externally-managed
[1.073s] running egg_info
[1.073s] writing ../build/vision/vision.egg-info/PKG-INFO
[1.074s] writing dependency_links to ../build/vision/vision.egg-info/dependency_links.txt
[1.074s] writing entry points to ../build/vision/vision.egg-info/entry_points.txt
[1.074s] writing requirements to ../build/vision/vision.egg-info/requires.txt
[1.074s] writing top-level names to ../build/vision/vision.egg-info/top_level.txt
[1.103s] reading manifest file '../build/vision/vision.egg-info/SOURCES.txt'
[1.104s] writing manifest file '../build/vision/vision.egg-info/SOURCES.txt'
[1.104s] running build
[1.104s] running build_py
[1.104s] copying vision/visioncam.py -> /home/gusti/FinalProjectBayucaraka24/src/build/vision/build/lib/vision
[1.104s] running install
[1.105s] running install_lib
[1.106s] copying /home/gusti/FinalProjectBayucaraka24/src/build/vision/build/lib/vision/visioncam.py -> /home/gusti/FinalProjectBayucaraka24/src/install/vision/lib/python3.8/site-packages/vision
[1.106s] byte-compiling /home/gusti/FinalProjectBayucaraka24/src/install/vision/lib/python3.8/site-packages/vision/visioncam.py to visioncam.cpython-38.pyc
[1.109s] running install_data
[1.110s] running install_egg_info
[1.111s] removing '/home/gusti/FinalProjectBayucaraka24/src/install/vision/lib/python3.8/site-packages/vision-0.0.0-py3.8.egg-info' (and everything under it)
[1.111s] Copying ../build/vision/vision.egg-info to /home/gusti/FinalProjectBayucaraka24/src/install/vision/lib/python3.8/site-packages/vision-0.0.0-py3.8.egg-info
[1.112s] running install_scripts
[1.126s] Installing vision script to /home/gusti/FinalProjectBayucaraka24/src/install/vision/lib/vision
[1.127s] writing list of installed files to '/home/gusti/FinalProjectBayucaraka24/src/build/vision/install.log'
[1.147s] Invoked command in '/home/gusti/FinalProjectBayucaraka24/src/vision' returned '0': PYTHONPATH=/home/gusti/FinalProjectBayucaraka24/src/build/vision/prefix_override:/home/gusti/FinalProjectBayucaraka24/src/install/vision/lib/python3.8/site-packages:${PYTHONPATH} /usr/bin/python3 setup.py egg_info --egg-base ../build/vision build --build-base /home/gusti/FinalProjectBayucaraka24/src/build/vision/build install --record /home/gusti/FinalProjectBayucaraka24/src/build/vision/install.log --install-scripts $base/lib/vision --single-version-externally-managed
